<?xml version="1.0" encoding="UTF-8"?>
<robot generator="Robot 7.3.2 (Python 3.12.3 on linux)" generated="2025-09-25T11:07:09.049620" rpa="false" schemaversion="5">
<suite id="s1" name="TestSuite" source="/home/citco/Documents/Citco/L5_QA Automation/citc-finalapp-robot/Tests/TestSuite.robot">
<kw name="Global Suite Setup" owner="Setup" type="SETUP">
<kw name="Launch Browser" owner="Setup">
<kw name="Open Browser" owner="SeleniumLibrary">
<msg time="2025-09-25T11:07:09.411397" level="INFO">Opening browser 'Chrome' to base url 'https://marmelab.com/react-admin-demo'.</msg>
<arg>${BASE_URL}</arg>
<arg>${BROWSER}</arg>
<arg>options=add_argument("--start-maximized");add_experimental_option("detach",True)</arg>
<doc>Opens a new browser instance to the optional ``url``.</doc>
<status status="PASS" start="2025-09-25T11:07:09.410877" elapsed="3.518692"/>
</kw>
<kw name="Wait Until Keyword Succeeds" owner="BuiltIn">
<kw name="Wait Until Element Is Visible" owner="SeleniumLibrary">
<arg>${element_to_wait}</arg>
<doc>Waits until the element ``locator`` is visible.</doc>
<status status="PASS" start="2025-09-25T11:07:12.931733" elapsed="0.777569"/>
</kw>
<arg>5x</arg>
<arg>.5s</arg>
<arg>Wait Until Element Is Visible</arg>
<arg>${element_to_wait}</arg>
<doc>Runs the specified keyword and retries if it fails.</doc>
<status status="PASS" start="2025-09-25T11:07:12.930315" elapsed="0.779173"/>
</kw>
<arg>${login_txt_username}</arg>
<status status="PASS" start="2025-09-25T11:07:09.409543" elapsed="4.300097"/>
</kw>
<kw name="Login User" owner="Setup">
<kw name="Input Text" owner="SeleniumLibrary">
<msg time="2025-09-25T11:07:13.710962" level="INFO">Typing text 'demo' into text field '//input[@name="username"]'.</msg>
<arg>${login_txt_username}</arg>
<arg>${username}</arg>
<doc>Types the given ``text`` into the text field identified by ``locator``.</doc>
<status status="PASS" start="2025-09-25T11:07:13.710517" elapsed="0.209946"/>
</kw>
<kw name="Input Text" owner="SeleniumLibrary">
<msg time="2025-09-25T11:07:13.921344" level="INFO">Typing text 'demo' into text field '//input[@name="password"]'.</msg>
<arg>${login_txt_password}</arg>
<arg>${password}</arg>
<doc>Types the given ``text`` into the text field identified by ``locator``.</doc>
<status status="PASS" start="2025-09-25T11:07:13.920881" elapsed="0.185774"/>
</kw>
<kw name="Click Button" owner="SeleniumLibrary">
<msg time="2025-09-25T11:07:14.107434" level="INFO">Clicking button '//button[@type="submit"]'.</msg>
<arg>${login_btn_submit}</arg>
<doc>Clicks the button identified by ``locator``.</doc>
<status status="PASS" start="2025-09-25T11:07:14.106999" elapsed="0.293044"/>
</kw>
<kw name="Wait Until Element Is Visible" owner="SeleniumLibrary">
<arg>${dashboard_hdr}</arg>
<arg>error=Dashboard header is not visible</arg>
<doc>Waits until the element ``locator`` is visible.</doc>
<status status="PASS" start="2025-09-25T11:07:14.400629" elapsed="0.370731"/>
</kw>
<status status="PASS" start="2025-09-25T11:07:13.709988" elapsed="1.061605"/>
</kw>
<status status="PASS" start="2025-09-25T11:07:09.408967" elapsed="5.362853"/>
</kw>
<test id="s1-t1" name="TASK-001_2 | Add Five Customers" line="16">
<kw name="Add Customers Five Times" owner="CustomerMultipleActions">
<kw name="Retrieve Test Data" owner="CustomerMultipleActions">
<kw name="Get Random Users" owner="DataRetrieval">
<msg time="2025-09-25T11:07:15.073799" level="INFO">[{'id': 1, 'name': 'Leanne Graham', 'username': 'Bret', 'email': 'Sincere@april.biz', 'address': {'street': 'Kulas Light', 'suite': 'Apt. 556', 'city': 'Gwenborough', 'zipcode': '92998-3874', 'geo': {'lat': '-37.3159', 'lng': '81.1496'}, 'stateAbbr': 'KAG'}, 'phone': '1-770-736-8031 x56442', 'website': 'hildegard.org', 'company': {'name': 'Romaguera-Crona', 'catchPhrase': 'Multi-layered client-server neural-net', 'bs': 'harness real-time e-markets'}, 'formatted_name': 'Leanne Graham', 'birthday': '11142000', 'password': 'Xi29!SsF'}, {'id': 2, 'name': 'Ervin Howell', 'username': 'Antonette', 'email': 'Shanna@melissa.tv', 'address': {'street': 'Victor Plains', 'suite': 'Suite 879', 'city': 'Wisokyburgh', 'zipcode': '90566-7771', 'geo': {'lat': '-43.9509', 'lng': '-34.4618'}, 'stateAbbr': 'VSW'}, 'phone': '010-692-6593 x09125', 'website': 'anastasia.net', 'company': {'name': 'Deckow-Crist', 'catchPhrase': 'Proactive didactic contingency', 'bs': 'synergize scalable supply-chains'}, 'formatted_name': 'Ervin Howell', 'birthday': '04162005', 'password': '#fVbwj@5'}, {'id': 3, 'name': 'Clementine Bauch', 'username': 'Samantha', 'email': 'Nathan@yesenia.net', 'address': {'street': 'Douglas Extension', 'suite': 'Suite 847', 'city': 'McKenziehaven', 'zipcode': '59590-4157', 'geo': {'lat': '-68.6102', 'lng': '-47.0653'}, 'stateAbbr': 'DSM'}, 'phone': '1-463-123-4447', 'website': 'ramiro.info', 'company': {'name': 'Romaguera-Jacobson', 'catchPhrase': 'Face to face bifurcated interface', 'bs': 'e-enable strategic applications'}, 'formatted_name': 'Clementine Bauch', 'birthday': '08152005', 'password': 'On313s3V'}, {'id': 4, 'name': 'Patricia Lebsack', 'username': 'Karianne', 'email': 'Julianne.OConner@kory.org', 'address': {'street': 'Hoeger Mall', 'suite': 'Apt. 692', 'city': 'South Elvis', 'zipcode': '53919-4257', 'geo': {'lat': '29.4572', 'lng': '-164.2990'}, 'stateAbbr': 'HAS'}, 'phone': '493-170-9623 x156', 'website': 'kale.biz', 'company': {'name': 'Robel-Corkery', 'catchPhrase': 'Multi-tiered zero tolerance productivity', 'bs': 'transition cutting-edge web services'}, 'formatted_name': 'Patricia Lebsack', 'birthday': '09252003', 'password': 'yFdY5Xyb'}, {'id': 5, 'name': 'Chelsey Dietrich', 'username': 'Kamren', 'email': 'Lucio_Hettinger@annie.ca', 'address': {'street': 'Skiles Walks', 'suite': 'Suite 351', 'city': 'Roscoeview', 'zipcode': '33263', 'geo': {'lat': '-31.8129', 'lng': '62.5342'}, 'stateAbbr': 'SSR'}, 'phone': '(254)954-1289', 'website': 'demarco.info', 'company': {'name': 'Keebler LLC', 'catchPhrase': 'User-centric fault-tolerant solution', 'bs': 'revolutionize end-to-end systems'}, 'formatted_name': 'Chelsey Dietrich', 'birthday': '01251999', 'password': 'R@4T53z5'}, {'id': 6, 'name': 'Mrs. Dennis Schulist', 'username': 'Leopoldo_Corkery', 'email': 'Karley_Dach@jasper.info', 'address': {'street': 'Norberto Crossing', 'suite': 'Apt. 950', 'city': 'South Christy', 'zipcode': '23505-1337', 'geo': {'lat': '-71.4197', 'lng': '71.7478'}, 'stateAbbr': 'NAS'}, 'phone': '1-477-935-8478 x6430', 'website': 'ola.org', 'company': {'name': 'Considine-Lockman', 'catchPhrase': 'Synchronised bottom-line interface', 'bs': 'e-enable innovative applications'}, 'formatted_name': 'Dennis Schulist', 'birthday': '05151997', 'password': '9tU$bvjX'}, {'id': 7, 'name': 'Kurtis Weissnat', 'username': 'Elwyn.Skiles', 'email': 'Telly.Hoeger@billy.biz', 'address': {'street': 'Rex Trail', 'suite': 'Suite 280', 'city': 'Howemouth', 'zipcode': '58804-1099', 'geo': {'lat': '24.8918', 'lng': '21.8984'}, 'stateAbbr': 'RSH'}, 'phone': '210.067.6132', 'website': 'elvis.io', 'company': {'name': 'Johns Group', 'catchPhrase': 'Configurable multimedia task-force', 'bs': 'generate enterprise e-tailers'}, 'formatted_name': 'Kurtis Weissnat', 'birthday': '01081999', 'password': 'xoXk14dV'}, {'id': 8, 'name': 'Nicholas Runolfsdottir V', 'username': 'Maxime_Nienow', 'email': 'Sherwood@rosamond.me', 'address': {'street': 'Ellsworth Summit', 'suite': 'Suite 729', 'city': 'Aliyaview', 'zipcode': '45169', 'geo': {'lat': '-14.3990', 'lng': '-120.7677'}, 'stateAbbr': 'ESA'}, 'phone': '586.493.6943 x140', 'website': 'jacynthe.com', 'company': {'name': 'Abernathy Group', 'catchPhrase': 'Implemented secondary concept', 'bs': 'e-enable extensible e-tailers'}, 'formatted_name': 'Nicholas Runolfsdottir', 'birthday': '01032000', 'password': '6#pC59f%'}, {'id': 9, 'name': 'Glenna Reichert', 'username': 'Delphine', 'email': 'Chaim_McDermott@dana.io', 'address': {'street': 'Dayna Park', 'suite': 'Suite 449', 'city': 'Bartholomebury', 'zipcode': '76495-3109', 'geo': {'lat': '24.6463', 'lng': '-168.8889'}, 'stateAbbr': 'DSB'}, 'phone': '(775)976-6794 x41206', 'website': 'conrad.com', 'company': {'name': 'Yost and Sons', 'catchPhrase': 'Switchable contextually-based project', 'bs': 'aggregate real-time technologies'}, 'formatted_name': 'Glenna Reichert', 'birthday': '07052006', 'password': '8bSVHen#'}, {'id': 10, 'name': 'Clementina DuBuque', 'username': 'Moriah.Stanton', 'email': 'Rey.Padberg@karina.biz', 'address': {'street': 'Kattie Turnpike', 'suite': 'Suite 198', 'city': 'Lebsackbury', 'zipcode': '31428-2261', 'geo': {'lat': '-38.2386', 'lng': '57.2232'}, 'stateAbbr': 'KSL'}, 'phone': '024-648-3804', 'website': 'ambrose.net', 'company': {'name': 'Hoeger LLC', 'catchPhrase': 'Centralized empowering task-force', 'bs': 'target end-to-end models'}, 'formatted_name': 'Clementina DuBuque', 'birthday': '06212005', 'password': 'ivZ2ce7O'}]</msg>
<msg time="2025-09-25T11:07:15.074014" level="INFO">/home/citco/Documents/Citco/L5_QA Automation/citc-finalapp-robot/robotenv/lib/python3.12/site-packages/urllib3/connectionpool.py:1097: InsecureRequestWarning: Unverified HTTPS request is being made to host 'jsonplaceholder.typicode.com'. Adding certificate verification is strongly advised. See: https://urllib3.readthedocs.io/en/latest/advanced-usage.html#tls-warnings
  warnings.warn(</msg>
<msg time="2025-09-25T11:07:15.074445" level="INFO">${users} = [{'id': 1, 'name': 'Leanne Graham', 'username': 'Bret', 'email': 'Sincere@april.biz', 'address': {'street': 'Kulas Light', 'suite': 'Apt. 556', 'city': 'Gwenborough', 'zipcode': '92998-3874', 'geo': {...</msg>
<var>${users}</var>
<status status="PASS" start="2025-09-25T11:07:14.775397" elapsed="0.299221"/>
</kw>
<return>
<value>${users}</value>
<status status="PASS" start="2025-09-25T11:07:15.074792" elapsed="0.000135"/>
</return>
<msg time="2025-09-25T11:07:15.075441" level="INFO">${users} = [{'id': 1, 'name': 'Leanne Graham', 'username': 'Bret', 'email': 'Sincere@april.biz', 'address': {'street': 'Kulas Light', 'suite': 'Apt. 556', 'city': 'Gwenborough', 'zipcode': '92998-3874', 'geo': {...</msg>
<var>${users}</var>
<status status="PASS" start="2025-09-25T11:07:14.774588" elapsed="0.300934"/>
</kw>
<kw name="Go To Customers Page" owner="App">
<kw name="Click Element" owner="SeleniumLibrary">
<msg time="2025-09-25T11:07:15.077853" level="INFO">Clicking element '(//p[text()="Customers"])[2]'.</msg>
<arg>${nav_btn_customers}</arg>
<doc>Click the element identified by ``locator``.</doc>
<status status="PASS" start="2025-09-25T11:07:15.077357" elapsed="2.008320"/>
</kw>
<kw name="Wait Until Element Is Visible" owner="SeleniumLibrary">
<arg>${table_row}</arg>
<doc>Waits until the element ``locator`` is visible.</doc>
<status status="PASS" start="2025-09-25T11:07:17.088113" elapsed="1.011945"/>
</kw>
<status status="PASS" start="2025-09-25T11:07:15.076392" elapsed="3.023880"/>
</kw>
<for flavor="IN ENUMERATE">
<iter>
<kw name="Add New Customer Details" owner="CustomerAdd">
<kw name="Click Element" owner="SeleniumLibrary">
<msg time="2025-09-25T11:07:18.107264" level="INFO">Clicking element '//a[@aria-label="Create"]'.</msg>
<arg>${customers_btn_create}</arg>
<doc>Click the element identified by ``locator``.</doc>
<status status="PASS" start="2025-09-25T11:07:18.104407" elapsed="0.198065"/>
</kw>
<kw name="Wait Until Element Is Visible" owner="SeleniumLibrary">
<arg>${customers_txt_firstname}</arg>
<doc>Waits until the element ``locator`` is visible.</doc>
<status status="PASS" start="2025-09-25T11:07:18.304810" elapsed="0.291507"/>
</kw>
<kw name="Input Text" owner="SeleniumLibrary">
<msg time="2025-09-25T11:07:18.599815" level="INFO">Typing text 'Leanne' into text field '//input[@name="first_name"]'.</msg>
<arg>${customers_txt_firstname}</arg>
<arg>${user["formatted_name"].split(" ")[0]}</arg>
<doc>Types the given ``text`` into the text field identified by ``locator``.</doc>
<status status="PASS" start="2025-09-25T11:07:18.597095" elapsed="0.213538"/>
</kw>
<kw name="Input Text" owner="SeleniumLibrary">
<msg time="2025-09-25T11:07:18.812977" level="INFO">Typing text 'Graham' into text field '//input[@name="last_name"]'.</msg>
<arg>${customers_txt_lastname}</arg>
<arg>${user["formatted_name"].split(" ")[1]}</arg>
<doc>Types the given ``text`` into the text field identified by ``locator``.</doc>
<status status="PASS" start="2025-09-25T11:07:18.810976" elapsed="0.276894"/>
</kw>
<kw name="Input Text" owner="SeleniumLibrary">
<msg time="2025-09-25T11:07:19.089717" level="INFO">Typing text 'Sincere@april.biz' into text field '//input[@name="email"]'.</msg>
<arg>${customers_txt_email}</arg>
<arg>${user["email"]}</arg>
<doc>Types the given ``text`` into the text field identified by ``locator``.</doc>
<status status="PASS" start="2025-09-25T11:07:19.088253" elapsed="0.285641"/>
</kw>
<kw name="Input Text" owner="SeleniumLibrary">
<msg time="2025-09-25T11:07:19.375454" level="INFO">Typing text '11142000' into text field '//input[@name="birthday"]'.</msg>
<arg>${customers_txt_birthday}</arg>
<arg>${user["birthday"]}</arg>
<doc>Types the given ``text`` into the text field identified by ``locator``.</doc>
<status status="PASS" start="2025-09-25T11:07:19.374219" elapsed="0.263992"/>
</kw>
<kw name="Input Text" owner="SeleniumLibrary">
<msg time="2025-09-25T11:07:19.640691" level="INFO">Typing text 'Kulas Light Apt. 556' into text field '//textarea[@name="address"]'.</msg>
<arg>${customers_txt_address}</arg>
<arg>${user["address"]["street"]} ${user["address"]["suite"]}</arg>
<doc>Types the given ``text`` into the text field identified by ``locator``.</doc>
<status status="PASS" start="2025-09-25T11:07:19.638549" elapsed="0.303885"/>
</kw>
<kw name="Input Text" owner="SeleniumLibrary">
<msg time="2025-09-25T11:07:19.944504" level="INFO">Typing text 'Gwenborough' into text field '//input[@name="city"]'.</msg>
<arg>${customers_txt_city}</arg>
<arg>${user["address"]["city"]}</arg>
<doc>Types the given ``text`` into the text field identified by ``locator``.</doc>
<status status="PASS" start="2025-09-25T11:07:19.942801" elapsed="0.260644"/>
</kw>
<kw name="Input Text" owner="SeleniumLibrary">
<msg time="2025-09-25T11:07:20.204973" level="INFO">Typing text 'KAG' into text field '//input[@name="stateAbbr"]'.</msg>
<arg>${customers_txt_stateAbbr}</arg>
<arg>${user["address"]["stateAbbr"]}</arg>
<doc>Types the given ``text`` into the text field identified by ``locator``.</doc>
<status status="PASS" start="2025-09-25T11:07:20.203813" elapsed="0.218460"/>
</kw>
<kw name="Input Text" owner="SeleniumLibrary">
<msg time="2025-09-25T11:07:20.424601" level="INFO">Typing text '92998-3874' into text field '//input[@name="zipcode"]'.</msg>
<arg>${customers_txt_zipcode}</arg>
<arg>${user["address"]["zipcode"]}</arg>
<doc>Types the given ``text`` into the text field identified by ``locator``.</doc>
<status status="PASS" start="2025-09-25T11:07:20.423379" elapsed="0.301435"/>
</kw>
<kw name="Input Text" owner="SeleniumLibrary">
<msg time="2025-09-25T11:07:20.726314" level="INFO">Typing text 'Xi29!SsF' into text field '//input[@name="password"]'.</msg>
<arg>${customers_txt_password}</arg>
<arg>${user["password"]}</arg>
<doc>Types the given ``text`` into the text field identified by ``locator``.</doc>
<status status="PASS" start="2025-09-25T11:07:20.725151" elapsed="0.237297"/>
</kw>
<kw name="Input Text" owner="SeleniumLibrary">
<msg time="2025-09-25T11:07:20.967162" level="INFO">Typing text 'Xi29!SsF' into text field '//input[@name="confirm_password"]'.</msg>
<arg>${customers_txt_confirm_password}</arg>
<arg>${user["password"]}</arg>
<doc>Types the given ``text`` into the text field identified by ``locator``.</doc>
<status status="PASS" start="2025-09-25T11:07:20.962819" elapsed="0.244860"/>
</kw>
<arg>${user}</arg>
<status status="PASS" start="2025-09-25T11:07:18.103667" elapsed="3.104255"/>
</kw>
<kw name="Verify Customer Name" owner="InputVerification">
<kw name="Get Element Attribute" owner="SeleniumLibrary">
<msg time="2025-09-25T11:07:21.252852" level="INFO">${input_first_name} = Leanne</msg>
<var>${input_first_name}</var>
<arg>${customers_txt_firstname}</arg>
<arg>value</arg>
<doc>Returns the value of ``attribute`` from the element ``locator``.</doc>
<status status="PASS" start="2025-09-25T11:07:21.209339" elapsed="0.043594"/>
</kw>
<kw name="Get Element Attribute" owner="SeleniumLibrary">
<msg time="2025-09-25T11:07:21.279558" level="INFO">${input_last_name} = Graham</msg>
<var>${input_last_name}</var>
<arg>${customers_txt_lastname}</arg>
<arg>value</arg>
<doc>Returns the value of ``attribute`` from the element ``locator``.</doc>
<status status="PASS" start="2025-09-25T11:07:21.253222" elapsed="0.026505"/>
</kw>
<kw name="Set Variable" owner="BuiltIn">
<msg time="2025-09-25T11:07:21.281125" level="INFO">${input_name} = Leanne Graham</msg>
<var>${input_name}</var>
<arg>${input_first_name} ${input_last_name}</arg>
<doc>Returns the given values which can then be assigned to a variables.</doc>
<status status="PASS" start="2025-09-25T11:07:21.280392" elapsed="0.000812"/>
</kw>
<kw name="Should Be Equal As Strings" owner="BuiltIn">
<arg>${input_name}</arg>
<arg>${user["formatted_name"]}</arg>
<doc>Fails if objects are unequal after converting them to strings.</doc>
<status status="PASS" start="2025-09-25T11:07:21.281512" elapsed="0.001450"/>
</kw>
<arg>${user}</arg>
<status status="PASS" start="2025-09-25T11:07:21.208312" elapsed="0.074949"/>
</kw>
<kw name="Verify Customer Email" owner="InputVerification">
<kw name="Get Element Attribute" owner="SeleniumLibrary">
<msg time="2025-09-25T11:07:21.315425" level="INFO">${input_email} = Sincere@april.biz</msg>
<var>${input_email}</var>
<arg>${customers_txt_email}</arg>
<arg>value</arg>
<doc>Returns the value of ``attribute`` from the element ``locator``.</doc>
<status status="PASS" start="2025-09-25T11:07:21.284277" elapsed="0.031232"/>
</kw>
<kw name="Should Be Equal As Strings" owner="BuiltIn">
<arg>${input_email}</arg>
<arg>${user["email"]}</arg>
<doc>Fails if objects are unequal after converting them to strings.</doc>
<status status="PASS" start="2025-09-25T11:07:21.316450" elapsed="0.002090"/>
</kw>
<arg>${user}</arg>
<status status="PASS" start="2025-09-25T11:07:21.283609" elapsed="0.035177"/>
</kw>
<kw name="Verify Customer Details" owner="InputVerification">
<kw name="Get Element Attribute" owner="SeleniumLibrary">
<msg time="2025-09-25T11:07:21.349293" level="INFO">${input_birthday} = 2000-11-14</msg>
<var>${input_birthday}</var>
<arg>${customers_txt_birthday}</arg>
<arg>value</arg>
<doc>Returns the value of ``attribute`` from the element ``locator``.</doc>
<status status="PASS" start="2025-09-25T11:07:21.319928" elapsed="0.029458"/>
</kw>
<kw name="Parse Birthday Fields By OS" owner="InputVerification">
<kw name="Evaluate" owner="BuiltIn">
<msg time="2025-09-25T11:07:21.353618" level="INFO">${os} = linux</msg>
<var>${os}</var>
<arg>__import__('platform').system().lower()</arg>
<doc>Evaluates the given expression in Python and returns the result.</doc>
<status status="PASS" start="2025-09-25T11:07:21.350707" elapsed="0.003007"/>
</kw>
<if>
<branch type="IF" condition="'${os}' == 'linux'">
<kw name="Set Variable" owner="BuiltIn">
<msg time="2025-09-25T11:07:21.354989" level="INFO">${input_birthday_month} = """2000-11-14"""[5:7]</msg>
<var>${input_birthday_month}</var>
<arg>"""${input_birthday}"""[5:7]</arg>
<doc>Returns the given values which can then be assigned to a variables.</doc>
<status status="PASS" start="2025-09-25T11:07:21.354515" elapsed="0.000541"/>
</kw>
<kw name="Set Variable" owner="BuiltIn">
<msg time="2025-09-25T11:07:21.355650" level="INFO">${input_birthday_day} = """2000-11-14"""[8:10]</msg>
<var>${input_birthday_day}</var>
<arg>"""${input_birthday}"""[8:10]</arg>
<doc>Returns the given values which can then be assigned to a variables.</doc>
<status status="PASS" start="2025-09-25T11:07:21.355321" elapsed="0.000384"/>
</kw>
<status status="PASS" start="2025-09-25T11:07:21.353996" elapsed="0.001949"/>
</branch>
<branch type="ELSE IF" condition="'${os}' == 'win32'">
<kw name="Set Variable" owner="BuiltIn">
<var>${input_birthday_month}</var>
<arg>"""${input_birthday}"""[8:10]</arg>
<doc>Returns the given values which can then be assigned to a variables.</doc>
<status status="NOT RUN" start="2025-09-25T11:07:21.356303" elapsed="0.000058"/>
</kw>
<kw name="Set Variable" owner="BuiltIn">
<var>${input_birthday_day}</var>
<arg>"""${input_birthday}"""[5:7]</arg>
<doc>Returns the given values which can then be assigned to a variables.</doc>
<status status="NOT RUN" start="2025-09-25T11:07:21.356556" elapsed="0.000052"/>
</kw>
<status status="NOT RUN" start="2025-09-25T11:07:21.356052" elapsed="0.000630"/>
</branch>
<status status="PASS" start="2025-09-25T11:07:21.353925" elapsed="0.003028"/>
</if>
<kw name="Set Variable" owner="BuiltIn">
<msg time="2025-09-25T11:07:21.357538" level="INFO">${input_birthday_year} = """2000-11-14"""[0:4]</msg>
<var>${input_birthday_year}</var>
<arg>"""${input_birthday}"""[0:4]</arg>
<doc>Returns the given values which can then be assigned to a variables.</doc>
<status status="PASS" start="2025-09-25T11:07:21.357171" elapsed="0.000424"/>
</kw>
<return>
<value>${input_birthday_month}</value>
<value>${input_birthday_day}</value>
<value>${input_birthday_year}</value>
<status status="PASS" start="2025-09-25T11:07:21.357713" elapsed="0.000112"/>
</return>
<msg time="2025-09-25T11:07:21.358249" level="INFO">${input_birthday_month} = """2000-11-14"""[5:7]</msg>
<msg time="2025-09-25T11:07:21.358338" level="INFO">${input_birthday_day} = """2000-11-14"""[8:10]</msg>
<msg time="2025-09-25T11:07:21.358418" level="INFO">${input_birthday_year} = """2000-11-14"""[0:4]</msg>
<var>${input_birthday_month}</var>
<var>${input_birthday_day}</var>
<var>${input_birthday_year}</var>
<arg>${input_birthday}</arg>
<status status="PASS" start="2025-09-25T11:07:21.349986" elapsed="0.008480"/>
</kw>
<kw name="Evaluate" owner="BuiltIn">
<msg time="2025-09-25T11:07:21.360026" level="INFO">${input_birthday} = 11142000</msg>
<var>${input_birthday}</var>
<arg>f"{${input_birthday_month}}{${input_birthday_day}}{${input_birthday_year}}"</arg>
<doc>Evaluates the given expression in Python and returns the result.</doc>
<status status="PASS" start="2025-09-25T11:07:21.358729" elapsed="0.001361"/>
</kw>
<kw name="Get Element Attribute" owner="SeleniumLibrary">
<msg time="2025-09-25T11:07:21.393629" level="INFO">${input_address} = Kulas Light Apt. 556</msg>
<var>${input_address}</var>
<arg>${customers_txt_address}</arg>
<arg>value</arg>
<doc>Returns the value of ``attribute`` from the element ``locator``.</doc>
<status status="PASS" start="2025-09-25T11:07:21.360363" elapsed="0.033346"/>
</kw>
<kw name="Get Element Attribute" owner="SeleniumLibrary">
<msg time="2025-09-25T11:07:21.422895" level="INFO">${input_city} = Gwenborough</msg>
<var>${input_city}</var>
<arg>${customers_txt_city}</arg>
<arg>value</arg>
<doc>Returns the value of ``attribute`` from the element ``locator``.</doc>
<status status="PASS" start="2025-09-25T11:07:21.394027" elapsed="0.028950"/>
</kw>
<kw name="Get Element Attribute" owner="SeleniumLibrary">
<msg time="2025-09-25T11:07:21.446816" level="INFO">${input_stateAbbr} = KAG</msg>
<var>${input_stateAbbr}</var>
<arg>${customers_txt_stateAbbr}</arg>
<arg>value</arg>
<doc>Returns the value of ``attribute`` from the element ``locator``.</doc>
<status status="PASS" start="2025-09-25T11:07:21.423275" elapsed="0.023623"/>
</kw>
<kw name="Get Element Attribute" owner="SeleniumLibrary">
<msg time="2025-09-25T11:07:21.468145" level="INFO">${input_zipcode} = 92998-3874</msg>
<var>${input_zipcode}</var>
<arg>${customers_txt_zipcode}</arg>
<arg>value</arg>
<doc>Returns the value of ``attribute`` from the element ``locator``.</doc>
<status status="PASS" start="2025-09-25T11:07:21.447190" elapsed="0.021047"/>
</kw>
<kw name="Get Element Attribute" owner="SeleniumLibrary">
<msg time="2025-09-25T11:07:21.490142" level="INFO">${input_password} = Xi29!SsF</msg>
<var>${input_password}</var>
<arg>${customers_txt_password}</arg>
<arg>value</arg>
<doc>Returns the value of ``attribute`` from the element ``locator``.</doc>
<status status="PASS" start="2025-09-25T11:07:21.468539" elapsed="0.021684"/>
</kw>
<kw name="Get Element Attribute" owner="SeleniumLibrary">
<msg time="2025-09-25T11:07:21.509767" level="INFO">${input_confirm_password} = Xi29!SsF</msg>
<var>${input_confirm_password}</var>
<arg>${customers_txt_confirm_password}</arg>
<arg>value</arg>
<doc>Returns the value of ``attribute`` from the element ``locator``.</doc>
<status status="PASS" start="2025-09-25T11:07:21.490522" elapsed="0.019332"/>
</kw>
<kw name="Should Be Equal As Strings" owner="BuiltIn">
<arg>${input_birthday}</arg>
<arg>${user["birthday"]}</arg>
<doc>Fails if objects are unequal after converting them to strings.</doc>
<status status="PASS" start="2025-09-25T11:07:21.510146" elapsed="0.001219"/>
</kw>
<kw name="Should Be Equal As Strings" owner="BuiltIn">
<arg>${input_address}</arg>
<arg>${user["address"]["street"]} ${user["address"]["suite"]}</arg>
<doc>Fails if objects are unequal after converting them to strings.</doc>
<status status="PASS" start="2025-09-25T11:07:21.511627" elapsed="0.001783"/>
</kw>
<kw name="Should Be Equal As Strings" owner="BuiltIn">
<arg>${input_city}</arg>
<arg>${user["address"]["city"]}</arg>
<doc>Fails if objects are unequal after converting them to strings.</doc>
<status status="PASS" start="2025-09-25T11:07:21.513671" elapsed="0.001126"/>
</kw>
<kw name="Should Be Equal As Strings" owner="BuiltIn">
<arg>${input_stateAbbr}</arg>
<arg>${user["address"]["stateAbbr"]}</arg>
<doc>Fails if objects are unequal after converting them to strings.</doc>
<status status="PASS" start="2025-09-25T11:07:21.515057" elapsed="0.001005"/>
</kw>
<kw name="Should Be Equal As Strings" owner="BuiltIn">
<arg>${input_zipcode}</arg>
<arg>${user["address"]["zipcode"]}</arg>
<doc>Fails if objects are unequal after converting them to strings.</doc>
<status status="PASS" start="2025-09-25T11:07:21.516308" elapsed="0.001020"/>
</kw>
<kw name="Should Be Equal As Strings" owner="BuiltIn">
<arg>${input_password}</arg>
<arg>${user["password"]}</arg>
<doc>Fails if objects are unequal after converting them to strings.</doc>
<status status="PASS" start="2025-09-25T11:07:21.517576" elapsed="0.001109"/>
</kw>
<kw name="Should Be Equal As Strings" owner="BuiltIn">
<arg>${input_confirm_password}</arg>
<arg>${user["password"]}</arg>
<doc>Fails if objects are unequal after converting them to strings.</doc>
<status status="PASS" start="2025-09-25T11:07:21.518955" elapsed="0.001147"/>
</kw>
<arg>${user}</arg>
<status status="PASS" start="2025-09-25T11:07:21.319246" elapsed="0.201014"/>
</kw>
<kw name="Save New Customer" owner="CustomerAdd">
<kw name="Click Button" owner="SeleniumLibrary">
<msg time="2025-09-25T11:07:21.521369" level="INFO">Clicking button '//button[@aria-label="Save"]'.</msg>
<arg>${customers_btn_save}</arg>
<doc>Clicks the button identified by ``locator``.</doc>
<status status="PASS" start="2025-09-25T11:07:21.521027" elapsed="0.199336"/>
</kw>
<kw name="Wait Until Page Contains" owner="SeleniumLibrary">
<arg>Customer created</arg>
<doc>Waits until ``text`` appears on the current page.</doc>
<status status="PASS" start="2025-09-25T11:07:21.721513" elapsed="0.507340"/>
</kw>
<status status="PASS" start="2025-09-25T11:07:21.520551" elapsed="0.709723"/>
</kw>
<kw name="Verify Customer Is Added With Correct Details" owner="CustomerAdd">
<kw name="Go To Customers Page" owner="App">
<kw name="Click Element" owner="SeleniumLibrary">
<msg time="2025-09-25T11:07:22.234111" level="INFO">Clicking element '(//p[text()="Customers"])[2]'.</msg>
<arg>${nav_btn_customers}</arg>
<doc>Click the element identified by ``locator``.</doc>
<status status="PASS" start="2025-09-25T11:07:22.233623" elapsed="0.402543"/>
</kw>
<kw name="Wait Until Element Is Visible" owner="SeleniumLibrary">
<arg>${table_row}</arg>
<doc>Waits until the element ``locator`` is visible.</doc>
<status status="PASS" start="2025-09-25T11:07:22.636508" elapsed="0.585021"/>
</kw>
<status status="PASS" start="2025-09-25T11:07:22.232983" elapsed="0.988740"/>
</kw>
<kw name="Refresh Current Page" owner="App">
<kw name="Click Button" owner="SeleniumLibrary">
<msg time="2025-09-25T11:07:23.224545" level="INFO">Clicking button '//button[@aria-label="Refresh"]'.</msg>
<arg>${btn_refresh}</arg>
<doc>Clicks the button identified by ``locator``.</doc>
<status status="PASS" start="2025-09-25T11:07:23.223782" elapsed="0.545941"/>
</kw>
<kw name="Wait Until Element Is Visible" owner="SeleniumLibrary">
<arg>${loading_icon}</arg>
<doc>Waits until the element ``locator`` is visible.</doc>
<status status="PASS" start="2025-09-25T11:07:23.773121" elapsed="0.062951"/>
</kw>
<kw name="Wait Until Element Is Not Visible" owner="SeleniumLibrary">
<arg>${loading_icon}</arg>
<doc>Waits until the element ``locator`` is not visible.</doc>
<status status="PASS" start="2025-09-25T11:07:23.836371" elapsed="0.319773"/>
</kw>
<status status="PASS" start="2025-09-25T11:07:23.223194" elapsed="0.933310"/>
</kw>
<kw name="Get Text" owner="SeleniumLibrary">
<msg time="2025-09-25T11:07:24.216486" level="INFO">${fetched_name} = L
Leanne Graham</msg>
<var>${fetched_name}</var>
<arg>((${table_row })[1]//td)[2]</arg>
<doc>Returns the text value of the element identified by ``locator``.</doc>
<status status="PASS" start="2025-09-25T11:07:24.157032" elapsed="0.059544"/>
</kw>
<if>
<branch type="IF" condition="&quot;\\n&quot; in &quot;&quot;&quot;${fetched_name}&quot;&quot;&quot;">
<kw name="Evaluate" owner="BuiltIn">
<msg time="2025-09-25T11:07:24.218958" level="INFO">${fetched_name} = Leanne Graham</msg>
<var>${fetched_name}</var>
<arg>"""${fetched_name}""".replace("\\n", "")[1:]</arg>
<doc>Evaluates the given expression in Python and returns the result.</doc>
<status status="PASS" start="2025-09-25T11:07:24.217367" elapsed="0.001690"/>
</kw>
<status status="PASS" start="2025-09-25T11:07:24.216861" elapsed="0.002320"/>
</branch>
<status status="PASS" start="2025-09-25T11:07:24.216795" elapsed="0.002486"/>
</if>
<kw name="Should Be Equal As Strings" owner="BuiltIn">
<arg>${user["formatted_name"]}</arg>
<arg>${fetched_name}</arg>
<doc>Fails if objects are unequal after converting them to strings.</doc>
<status status="PASS" start="2025-09-25T11:07:24.219527" elapsed="0.001821"/>
</kw>
<arg>${user}</arg>
<status status="PASS" start="2025-09-25T11:07:22.232168" elapsed="1.989380"/>
</kw>
<var name="${index}">0</var>
<var name="${user}">{'id': 1, 'name': 'Leanne Graham', 'username': 'Bret', 'email': 'Sincere@april.biz', 'address': {'street': 'Kulas Light', 'suite': 'Apt. 556', 'city': 'Gwenborough', 'zipcode': '92998-3874', 'geo': {'...</var>
<status status="PASS" start="2025-09-25T11:07:18.101958" elapsed="6.119682"/>
</iter>
<iter>
<kw name="Add New Customer Details" owner="CustomerAdd">
<kw name="Click Element" owner="SeleniumLibrary">
<msg time="2025-09-25T11:07:24.223902" level="INFO">Clicking element '//a[@aria-label="Create"]'.</msg>
<arg>${customers_btn_create}</arg>
<doc>Click the element identified by ``locator``.</doc>
<status status="PASS" start="2025-09-25T11:07:24.223494" elapsed="0.176130"/>
</kw>
<kw name="Wait Until Element Is Visible" owner="SeleniumLibrary">
<arg>${customers_txt_firstname}</arg>
<doc>Waits until the element ``locator`` is visible.</doc>
<status status="PASS" start="2025-09-25T11:07:24.400488" elapsed="0.379144"/>
</kw>
<kw name="Input Text" owner="SeleniumLibrary">
<msg time="2025-09-25T11:07:24.782345" level="INFO">Typing text 'Ervin' into text field '//input[@name="first_name"]'.</msg>
<arg>${customers_txt_firstname}</arg>
<arg>${user["formatted_name"].split(" ")[0]}</arg>
<doc>Types the given ``text`` into the text field identified by ``locator``.</doc>
<status status="PASS" start="2025-09-25T11:07:24.780237" elapsed="0.260957"/>
</kw>
<kw name="Input Text" owner="SeleniumLibrary">
<msg time="2025-09-25T11:07:25.042562" level="INFO">Typing text 'Howell' into text field '//input[@name="last_name"]'.</msg>
<arg>${customers_txt_lastname}</arg>
<arg>${user["formatted_name"].split(" ")[1]}</arg>
<doc>Types the given ``text`` into the text field identified by ``locator``.</doc>
<status status="PASS" start="2025-09-25T11:07:25.041491" elapsed="0.226775"/>
</kw>
<kw name="Input Text" owner="SeleniumLibrary">
<msg time="2025-09-25T11:07:25.270798" level="INFO">Typing text 'Shanna@melissa.tv' into text field '//input[@name="email"]'.</msg>
<arg>${customers_txt_email}</arg>
<arg>${user["email"]}</arg>
<doc>Types the given ``text`` into the text field identified by ``locator``.</doc>
<status status="PASS" start="2025-09-25T11:07:25.268589" elapsed="0.260969"/>
</kw>
<kw name="Input Text" owner="SeleniumLibrary">
<msg time="2025-09-25T11:07:25.532989" level="INFO">Typing text '04162005' into text field '//input[@name="birthday"]'.</msg>
<arg>${customers_txt_birthday}</arg>
<arg>${user["birthday"]}</arg>
<doc>Types the given ``text`` into the text field identified by ``locator``.</doc>
<status status="PASS" start="2025-09-25T11:07:25.530189" elapsed="0.227894"/>
</kw>
<kw name="Input Text" owner="SeleniumLibrary">
<msg time="2025-09-25T11:07:25.760523" level="INFO">Typing text 'Victor Plains Suite 879' into text field '//textarea[@name="address"]'.</msg>
<arg>${customers_txt_address}</arg>
<arg>${user["address"]["street"]} ${user["address"]["suite"]}</arg>
<doc>Types the given ``text`` into the text field identified by ``locator``.</doc>
<status status="PASS" start="2025-09-25T11:07:25.758422" elapsed="0.314754"/>
</kw>
<kw name="Input Text" owner="SeleniumLibrary">
<msg time="2025-09-25T11:07:26.080916" level="INFO">Typing text 'Wisokyburgh' into text field '//input[@name="city"]'.</msg>
<arg>${customers_txt_city}</arg>
<arg>${user["address"]["city"]}</arg>
<doc>Types the given ``text`` into the text field identified by ``locator``.</doc>
<status status="PASS" start="2025-09-25T11:07:26.073616" elapsed="0.247590"/>
</kw>
<kw name="Input Text" owner="SeleniumLibrary">
<msg time="2025-09-25T11:07:26.322923" level="INFO">Typing text 'VSW' into text field '//input[@name="stateAbbr"]'.</msg>
<arg>${customers_txt_stateAbbr}</arg>
<arg>${user["address"]["stateAbbr"]}</arg>
<doc>Types the given ``text`` into the text field identified by ``locator``.</doc>
<status status="PASS" start="2025-09-25T11:07:26.321553" elapsed="0.198723"/>
</kw>
<kw name="Input Text" owner="SeleniumLibrary">
<msg time="2025-09-25T11:07:26.521874" level="INFO">Typing text '90566-7771' into text field '//input[@name="zipcode"]'.</msg>
<arg>${customers_txt_zipcode}</arg>
<arg>${user["address"]["zipcode"]}</arg>
<doc>Types the given ``text`` into the text field identified by ``locator``.</doc>
<status status="PASS" start="2025-09-25T11:07:26.520623" elapsed="0.316554"/>
</kw>
<kw name="Input Text" owner="SeleniumLibrary">
<msg time="2025-09-25T11:07:26.838638" level="INFO">Typing text '#fVbwj@5' into text field '//input[@name="password"]'.</msg>
<arg>${customers_txt_password}</arg>
<arg>${user["password"]}</arg>
<doc>Types the given ``text`` into the text field identified by ``locator``.</doc>
<status status="PASS" start="2025-09-25T11:07:26.837478" elapsed="0.212340"/>
</kw>
<kw name="Input Text" owner="SeleniumLibrary">
<msg time="2025-09-25T11:07:27.052930" level="INFO">Typing text '#fVbwj@5' into text field '//input[@name="confirm_password"]'.</msg>
<arg>${customers_txt_confirm_password}</arg>
<arg>${user["password"]}</arg>
<doc>Types the given ``text`` into the text field identified by ``locator``.</doc>
<status status="PASS" start="2025-09-25T11:07:27.050263" elapsed="0.251280"/>
</kw>
<arg>${user}</arg>
<status status="PASS" start="2025-09-25T11:07:24.222457" elapsed="3.079644"/>
</kw>
<kw name="Verify Customer Name" owner="InputVerification">
<kw name="Get Element Attribute" owner="SeleniumLibrary">
<msg time="2025-09-25T11:07:27.332672" level="INFO">${input_first_name} = Ervin</msg>
<var>${input_first_name}</var>
<arg>${customers_txt_firstname}</arg>
<arg>value</arg>
<doc>Returns the value of ``attribute`` from the element ``locator``.</doc>
<status status="PASS" start="2025-09-25T11:07:27.303079" elapsed="0.029892"/>
</kw>
<kw name="Get Element Attribute" owner="SeleniumLibrary">
<msg time="2025-09-25T11:07:27.358205" level="INFO">${input_last_name} = Howell</msg>
<var>${input_last_name}</var>
<arg>${customers_txt_lastname}</arg>
<arg>value</arg>
<doc>Returns the value of ``attribute`` from the element ``locator``.</doc>
<status status="PASS" start="2025-09-25T11:07:27.333602" elapsed="0.024679"/>
</kw>
<kw name="Set Variable" owner="BuiltIn">
<msg time="2025-09-25T11:07:27.358975" level="INFO">${input_name} = Ervin Howell</msg>
<var>${input_name}</var>
<arg>${input_first_name} ${input_last_name}</arg>
<doc>Returns the given values which can then be assigned to a variables.</doc>
<status status="PASS" start="2025-09-25T11:07:27.358577" elapsed="0.000457"/>
</kw>
<kw name="Should Be Equal As Strings" owner="BuiltIn">
<arg>${input_name}</arg>
<arg>${user["formatted_name"]}</arg>
<doc>Fails if objects are unequal after converting them to strings.</doc>
<status status="PASS" start="2025-09-25T11:07:27.359260" elapsed="0.001172"/>
</kw>
<arg>${user}</arg>
<status status="PASS" start="2025-09-25T11:07:27.302475" elapsed="0.058409"/>
</kw>
<kw name="Verify Customer Email" owner="InputVerification">
<kw name="Get Element Attribute" owner="SeleniumLibrary">
<msg time="2025-09-25T11:07:27.390507" level="INFO">${input_email} = Shanna@melissa.tv</msg>
<var>${input_email}</var>
<arg>${customers_txt_email}</arg>
<arg>value</arg>
<doc>Returns the value of ``attribute`` from the element ``locator``.</doc>
<status status="PASS" start="2025-09-25T11:07:27.364990" elapsed="0.025593"/>
</kw>
<kw name="Should Be Equal As Strings" owner="BuiltIn">
<arg>${input_email}</arg>
<arg>${user["email"]}</arg>
<doc>Fails if objects are unequal after converting them to strings.</doc>
<status status="PASS" start="2025-09-25T11:07:27.390896" elapsed="0.001058"/>
</kw>
<arg>${user}</arg>
<status status="PASS" start="2025-09-25T11:07:27.361229" elapsed="0.030882"/>
</kw>
<kw name="Verify Customer Details" owner="InputVerification">
<kw name="Get Element Attribute" owner="SeleniumLibrary">
<msg time="2025-09-25T11:07:27.435789" level="INFO">${input_birthday} = 2005-04-16</msg>
<var>${input_birthday}</var>
<arg>${customers_txt_birthday}</arg>
<arg>value</arg>
<doc>Returns the value of ``attribute`` from the element ``locator``.</doc>
<status status="PASS" start="2025-09-25T11:07:27.393030" elapsed="0.042857"/>
</kw>
<kw name="Parse Birthday Fields By OS" owner="InputVerification">
<kw name="Evaluate" owner="BuiltIn">
<msg time="2025-09-25T11:07:27.437631" level="INFO">${os} = linux</msg>
<var>${os}</var>
<arg>__import__('platform').system().lower()</arg>
<doc>Evaluates the given expression in Python and returns the result.</doc>
<status status="PASS" start="2025-09-25T11:07:27.437237" elapsed="0.000454"/>
</kw>
<if>
<branch type="IF" condition="'${os}' == 'linux'">
<kw name="Set Variable" owner="BuiltIn">
<msg time="2025-09-25T11:07:27.438584" level="INFO">${input_birthday_month} = """2005-04-16"""[5:7]</msg>
<var>${input_birthday_month}</var>
<arg>"""${input_birthday}"""[5:7]</arg>
<doc>Returns the given values which can then be assigned to a variables.</doc>
<status status="PASS" start="2025-09-25T11:07:27.438253" elapsed="0.000387"/>
</kw>
<kw name="Set Variable" owner="BuiltIn">
<msg time="2025-09-25T11:07:27.439210" level="INFO">${input_birthday_day} = """2005-04-16"""[8:10]</msg>
<var>${input_birthday_day}</var>
<arg>"""${input_birthday}"""[8:10]</arg>
<doc>Returns the given values which can then be assigned to a variables.</doc>
<status status="PASS" start="2025-09-25T11:07:27.438901" elapsed="0.000363"/>
</kw>
<status status="PASS" start="2025-09-25T11:07:27.437894" elapsed="0.001458"/>
</branch>
<branch type="ELSE IF" condition="'${os}' == 'win32'">
<kw name="Set Variable" owner="BuiltIn">
<var>${input_birthday_month}</var>
<arg>"""${input_birthday}"""[8:10]</arg>
<doc>Returns the given values which can then be assigned to a variables.</doc>
<status status="NOT RUN" start="2025-09-25T11:07:27.439642" elapsed="0.000065"/>
</kw>
<kw name="Set Variable" owner="BuiltIn">
<var>${input_birthday_day}</var>
<arg>"""${input_birthday}"""[5:7]</arg>
<doc>Returns the given values which can then be assigned to a variables.</doc>
<status status="NOT RUN" start="2025-09-25T11:07:27.439934" elapsed="0.000055"/>
</kw>
<status status="NOT RUN" start="2025-09-25T11:07:27.439433" elapsed="0.000629"/>
</branch>
<status status="PASS" start="2025-09-25T11:07:27.437851" elapsed="0.002282"/>
</if>
<kw name="Set Variable" owner="BuiltIn">
<msg time="2025-09-25T11:07:27.440615" level="INFO">${input_birthday_year} = """2005-04-16"""[0:4]</msg>
<var>${input_birthday_year}</var>
<arg>"""${input_birthday}"""[0:4]</arg>
<doc>Returns the given values which can then be assigned to a variables.</doc>
<status status="PASS" start="2025-09-25T11:07:27.440299" elapsed="0.000368"/>
</kw>
<return>
<value>${input_birthday_month}</value>
<value>${input_birthday_day}</value>
<value>${input_birthday_year}</value>
<status status="PASS" start="2025-09-25T11:07:27.440784" elapsed="0.000079"/>
</return>
<msg time="2025-09-25T11:07:27.441223" level="INFO">${input_birthday_month} = """2005-04-16"""[5:7]</msg>
<msg time="2025-09-25T11:07:27.441307" level="INFO">${input_birthday_day} = """2005-04-16"""[8:10]</msg>
<msg time="2025-09-25T11:07:27.441380" level="INFO">${input_birthday_year} = """2005-04-16"""[0:4]</msg>
<var>${input_birthday_month}</var>
<var>${input_birthday_day}</var>
<var>${input_birthday_year}</var>
<arg>${input_birthday}</arg>
<status status="PASS" start="2025-09-25T11:07:27.436356" elapsed="0.005087"/>
</kw>
<kw name="Evaluate" owner="BuiltIn">
<msg time="2025-09-25T11:07:27.442211" level="INFO">${input_birthday} = 04162005</msg>
<var>${input_birthday}</var>
<arg>f"{${input_birthday_month}}{${input_birthday_day}}{${input_birthday_year}}"</arg>
<doc>Evaluates the given expression in Python and returns the result.</doc>
<status status="PASS" start="2025-09-25T11:07:27.441673" elapsed="0.000597"/>
</kw>
<kw name="Get Element Attribute" owner="SeleniumLibrary">
<msg time="2025-09-25T11:07:27.473601" level="INFO">${input_address} = Victor Plains Suite 879</msg>
<var>${input_address}</var>
<arg>${customers_txt_address}</arg>
<arg>value</arg>
<doc>Returns the value of ``attribute`` from the element ``locator``.</doc>
<status status="PASS" start="2025-09-25T11:07:27.442506" elapsed="0.031174"/>
</kw>
<kw name="Get Element Attribute" owner="SeleniumLibrary">
<msg time="2025-09-25T11:07:27.496790" level="INFO">${input_city} = Wisokyburgh</msg>
<var>${input_city}</var>
<arg>${customers_txt_city}</arg>
<arg>value</arg>
<doc>Returns the value of ``attribute`` from the element ``locator``.</doc>
<status status="PASS" start="2025-09-25T11:07:27.474019" elapsed="0.022853"/>
</kw>
<kw name="Get Element Attribute" owner="SeleniumLibrary">
<msg time="2025-09-25T11:07:27.518555" level="INFO">${input_stateAbbr} = VSW</msg>
<var>${input_stateAbbr}</var>
<arg>${customers_txt_stateAbbr}</arg>
<arg>value</arg>
<doc>Returns the value of ``attribute`` from the element ``locator``.</doc>
<status status="PASS" start="2025-09-25T11:07:27.497166" elapsed="0.021467"/>
</kw>
<kw name="Get Element Attribute" owner="SeleniumLibrary">
<msg time="2025-09-25T11:07:27.537620" level="INFO">${input_zipcode} = 90566-7771</msg>
<var>${input_zipcode}</var>
<arg>${customers_txt_zipcode}</arg>
<arg>value</arg>
<doc>Returns the value of ``attribute`` from the element ``locator``.</doc>
<status status="PASS" start="2025-09-25T11:07:27.518961" elapsed="0.018739"/>
</kw>
<kw name="Get Element Attribute" owner="SeleniumLibrary">
<msg time="2025-09-25T11:07:27.557104" level="INFO">${input_password} = #fVbwj@5</msg>
<var>${input_password}</var>
<arg>${customers_txt_password}</arg>
<arg>value</arg>
<doc>Returns the value of ``attribute`` from the element ``locator``.</doc>
<status status="PASS" start="2025-09-25T11:07:27.538022" elapsed="0.019164"/>
</kw>
<kw name="Get Element Attribute" owner="SeleniumLibrary">
<msg time="2025-09-25T11:07:27.576854" level="INFO">${input_confirm_password} = #fVbwj@5</msg>
<var>${input_confirm_password}</var>
<arg>${customers_txt_confirm_password}</arg>
<arg>value</arg>
<doc>Returns the value of ``attribute`` from the element ``locator``.</doc>
<status status="PASS" start="2025-09-25T11:07:27.557477" elapsed="0.019460"/>
</kw>
<kw name="Should Be Equal As Strings" owner="BuiltIn">
<arg>${input_birthday}</arg>
<arg>${user["birthday"]}</arg>
<doc>Fails if objects are unequal after converting them to strings.</doc>
<status status="PASS" start="2025-09-25T11:07:27.577236" elapsed="0.001249"/>
</kw>
<kw name="Should Be Equal As Strings" owner="BuiltIn">
<arg>${input_address}</arg>
<arg>${user["address"]["street"]} ${user["address"]["suite"]}</arg>
<doc>Fails if objects are unequal after converting them to strings.</doc>
<status status="PASS" start="2025-09-25T11:07:27.578770" elapsed="0.001771"/>
</kw>
<kw name="Should Be Equal As Strings" owner="BuiltIn">
<arg>${input_city}</arg>
<arg>${user["address"]["city"]}</arg>
<doc>Fails if objects are unequal after converting them to strings.</doc>
<status status="PASS" start="2025-09-25T11:07:27.580822" elapsed="0.001070"/>
</kw>
<kw name="Should Be Equal As Strings" owner="BuiltIn">
<arg>${input_stateAbbr}</arg>
<arg>${user["address"]["stateAbbr"]}</arg>
<doc>Fails if objects are unequal after converting them to strings.</doc>
<status status="PASS" start="2025-09-25T11:07:27.582149" elapsed="0.001005"/>
</kw>
<kw name="Should Be Equal As Strings" owner="BuiltIn">
<arg>${input_zipcode}</arg>
<arg>${user["address"]["zipcode"]}</arg>
<doc>Fails if objects are unequal after converting them to strings.</doc>
<status status="PASS" start="2025-09-25T11:07:27.583399" elapsed="0.001017"/>
</kw>
<kw name="Should Be Equal As Strings" owner="BuiltIn">
<arg>${input_password}</arg>
<arg>${user["password"]}</arg>
<doc>Fails if objects are unequal after converting them to strings.</doc>
<status status="PASS" start="2025-09-25T11:07:27.584663" elapsed="0.001151"/>
</kw>
<kw name="Should Be Equal As Strings" owner="BuiltIn">
<arg>${input_confirm_password}</arg>
<arg>${user["password"]}</arg>
<doc>Fails if objects are unequal after converting them to strings.</doc>
<status status="PASS" start="2025-09-25T11:07:27.586071" elapsed="0.001133"/>
</kw>
<arg>${user}</arg>
<status status="PASS" start="2025-09-25T11:07:27.392486" elapsed="0.194869"/>
</kw>
<kw name="Save New Customer" owner="CustomerAdd">
<kw name="Click Button" owner="SeleniumLibrary">
<msg time="2025-09-25T11:07:27.588415" level="INFO">Clicking button '//button[@aria-label="Save"]'.</msg>
<arg>${customers_btn_save}</arg>
<doc>Clicks the button identified by ``locator``.</doc>
<status status="PASS" start="2025-09-25T11:07:27.588087" elapsed="0.178103"/>
</kw>
<kw name="Wait Until Page Contains" owner="SeleniumLibrary">
<arg>Customer created</arg>
<doc>Waits until ``text`` appears on the current page.</doc>
<status status="PASS" start="2025-09-25T11:07:27.766528" elapsed="0.604783"/>
</kw>
<status status="PASS" start="2025-09-25T11:07:27.587641" elapsed="0.783874"/>
</kw>
<kw name="Verify Customer Is Added With Correct Details" owner="CustomerAdd">
<kw name="Go To Customers Page" owner="App">
<kw name="Click Element" owner="SeleniumLibrary">
<msg time="2025-09-25T11:07:28.376251" level="INFO">Clicking element '(//p[text()="Customers"])[2]'.</msg>
<arg>${nav_btn_customers}</arg>
<doc>Click the element identified by ``locator``.</doc>
<status status="PASS" start="2025-09-25T11:07:28.375870" elapsed="0.223406"/>
</kw>
<kw name="Wait Until Element Is Visible" owner="SeleniumLibrary">
<arg>${table_row}</arg>
<doc>Waits until the element ``locator`` is visible.</doc>
<status status="PASS" start="2025-09-25T11:07:28.599594" elapsed="0.625487"/>
</kw>
<status status="PASS" start="2025-09-25T11:07:28.373696" elapsed="0.851650"/>
</kw>
<kw name="Refresh Current Page" owner="App">
<kw name="Click Button" owner="SeleniumLibrary">
<msg time="2025-09-25T11:07:29.231477" level="INFO">Clicking button '//button[@aria-label="Refresh"]'.</msg>
<arg>${btn_refresh}</arg>
<doc>Clicks the button identified by ``locator``.</doc>
<status status="PASS" start="2025-09-25T11:07:29.231072" elapsed="0.398428"/>
</kw>
<kw name="Wait Until Element Is Visible" owner="SeleniumLibrary">
<arg>${loading_icon}</arg>
<doc>Waits until the element ``locator`` is visible.</doc>
<status status="PASS" start="2025-09-25T11:07:29.629860" elapsed="0.036834"/>
</kw>
<kw name="Wait Until Element Is Not Visible" owner="SeleniumLibrary">
<arg>${loading_icon}</arg>
<doc>Waits until the element ``locator`` is not visible.</doc>
<status status="PASS" start="2025-09-25T11:07:29.667028" elapsed="0.572163"/>
</kw>
<status status="PASS" start="2025-09-25T11:07:29.229287" elapsed="1.010243"/>
</kw>
<kw name="Get Text" owner="SeleniumLibrary">
<msg time="2025-09-25T11:07:30.305135" level="INFO">${fetched_name} = E
Ervin Howell</msg>
<var>${fetched_name}</var>
<arg>((${table_row })[1]//td)[2]</arg>
<doc>Returns the text value of the element identified by ``locator``.</doc>
<status status="PASS" start="2025-09-25T11:07:30.240029" elapsed="0.065264"/>
</kw>
<if>
<branch type="IF" condition="&quot;\\n&quot; in &quot;&quot;&quot;${fetched_name}&quot;&quot;&quot;">
<kw name="Evaluate" owner="BuiltIn">
<msg time="2025-09-25T11:07:30.307483" level="INFO">${fetched_name} = Ervin Howell</msg>
<var>${fetched_name}</var>
<arg>"""${fetched_name}""".replace("\\n", "")[1:]</arg>
<doc>Evaluates the given expression in Python and returns the result.</doc>
<status status="PASS" start="2025-09-25T11:07:30.306507" elapsed="0.001098"/>
</kw>
<status status="PASS" start="2025-09-25T11:07:30.305671" elapsed="0.002165"/>
</branch>
<status status="PASS" start="2025-09-25T11:07:30.305586" elapsed="0.002419"/>
</if>
<kw name="Should Be Equal As Strings" owner="BuiltIn">
<arg>${user["formatted_name"]}</arg>
<arg>${fetched_name}</arg>
<doc>Fails if objects are unequal after converting them to strings.</doc>
<status status="PASS" start="2025-09-25T11:07:30.308406" elapsed="0.002246"/>
</kw>
<arg>${user}</arg>
<status status="PASS" start="2025-09-25T11:07:28.373043" elapsed="1.938009"/>
</kw>
<var name="${index}">1</var>
<var name="${user}">{'id': 2, 'name': 'Ervin Howell', 'username': 'Antonette', 'email': 'Shanna@melissa.tv', 'address': {'street': 'Victor Plains', 'suite': 'Suite 879', 'city': 'Wisokyburgh', 'zipcode': '90566-7771', 'g...</var>
<status status="PASS" start="2025-09-25T11:07:24.222035" elapsed="6.089216"/>
</iter>
<iter>
<kw name="Add New Customer Details" owner="CustomerAdd">
<kw name="Click Element" owner="SeleniumLibrary">
<msg time="2025-09-25T11:07:30.316210" level="INFO">Clicking element '//a[@aria-label="Create"]'.</msg>
<arg>${customers_btn_create}</arg>
<doc>Click the element identified by ``locator``.</doc>
<status status="PASS" start="2025-09-25T11:07:30.315420" elapsed="0.256489"/>
</kw>
<kw name="Wait Until Element Is Visible" owner="SeleniumLibrary">
<arg>${customers_txt_firstname}</arg>
<doc>Waits until the element ``locator`` is visible.</doc>
<status status="PASS" start="2025-09-25T11:07:30.572312" elapsed="0.293590"/>
</kw>
<kw name="Input Text" owner="SeleniumLibrary">
<msg time="2025-09-25T11:07:30.868556" level="INFO">Typing text 'Clementine' into text field '//input[@name="first_name"]'.</msg>
<arg>${customers_txt_firstname}</arg>
<arg>${user["formatted_name"].split(" ")[0]}</arg>
<doc>Types the given ``text`` into the text field identified by ``locator``.</doc>
<status status="PASS" start="2025-09-25T11:07:30.866577" elapsed="0.291008"/>
</kw>
<kw name="Input Text" owner="SeleniumLibrary">
<msg time="2025-09-25T11:07:31.158977" level="INFO">Typing text 'Bauch' into text field '//input[@name="last_name"]'.</msg>
<arg>${customers_txt_lastname}</arg>
<arg>${user["formatted_name"].split(" ")[1]}</arg>
<doc>Types the given ``text`` into the text field identified by ``locator``.</doc>
<status status="PASS" start="2025-09-25T11:07:31.157914" elapsed="0.208558"/>
</kw>
<kw name="Input Text" owner="SeleniumLibrary">
<msg time="2025-09-25T11:07:31.368497" level="INFO">Typing text 'Nathan@yesenia.net' into text field '//input[@name="email"]'.</msg>
<arg>${customers_txt_email}</arg>
<arg>${user["email"]}</arg>
<doc>Types the given ``text`` into the text field identified by ``locator``.</doc>
<status status="PASS" start="2025-09-25T11:07:31.366841" elapsed="0.269744"/>
</kw>
<kw name="Input Text" owner="SeleniumLibrary">
<msg time="2025-09-25T11:07:31.638464" level="INFO">Typing text '08152005' into text field '//input[@name="birthday"]'.</msg>
<arg>${customers_txt_birthday}</arg>
<arg>${user["birthday"]}</arg>
<doc>Types the given ``text`` into the text field identified by ``locator``.</doc>
<status status="PASS" start="2025-09-25T11:07:31.637111" elapsed="0.229385"/>
</kw>
<kw name="Input Text" owner="SeleniumLibrary">
<msg time="2025-09-25T11:07:31.868631" level="INFO">Typing text 'Douglas Extension Suite 847' into text field '//textarea[@name="address"]'.</msg>
<arg>${customers_txt_address}</arg>
<arg>${user["address"]["street"]} ${user["address"]["suite"]}</arg>
<doc>Types the given ``text`` into the text field identified by ``locator``.</doc>
<status status="PASS" start="2025-09-25T11:07:31.866865" elapsed="0.328741"/>
</kw>
<kw name="Input Text" owner="SeleniumLibrary">
<msg time="2025-09-25T11:07:32.199889" level="INFO">Typing text 'McKenziehaven' into text field '//input[@name="city"]'.</msg>
<arg>${customers_txt_city}</arg>
<arg>${user["address"]["city"]}</arg>
<doc>Types the given ``text`` into the text field identified by ``locator``.</doc>
<status status="PASS" start="2025-09-25T11:07:32.195981" elapsed="0.258549"/>
</kw>
<kw name="Input Text" owner="SeleniumLibrary">
<msg time="2025-09-25T11:07:32.456096" level="INFO">Typing text 'DSM' into text field '//input[@name="stateAbbr"]'.</msg>
<arg>${customers_txt_stateAbbr}</arg>
<arg>${user["address"]["stateAbbr"]}</arg>
<doc>Types the given ``text`` into the text field identified by ``locator``.</doc>
<status status="PASS" start="2025-09-25T11:07:32.454964" elapsed="0.224546"/>
</kw>
<kw name="Input Text" owner="SeleniumLibrary">
<msg time="2025-09-25T11:07:32.682776" level="INFO">Typing text '59590-4157' into text field '//input[@name="zipcode"]'.</msg>
<arg>${customers_txt_zipcode}</arg>
<arg>${user["address"]["zipcode"]}</arg>
<doc>Types the given ``text`` into the text field identified by ``locator``.</doc>
<status status="PASS" start="2025-09-25T11:07:32.680980" elapsed="0.243629"/>
</kw>
<kw name="Input Text" owner="SeleniumLibrary">
<msg time="2025-09-25T11:07:32.926108" level="INFO">Typing text 'On313s3V' into text field '//input[@name="password"]'.</msg>
<arg>${customers_txt_password}</arg>
<arg>${user["password"]}</arg>
<doc>Types the given ``text`` into the text field identified by ``locator``.</doc>
<status status="PASS" start="2025-09-25T11:07:32.924943" elapsed="0.234341"/>
</kw>
<kw name="Input Text" owner="SeleniumLibrary">
<msg time="2025-09-25T11:07:33.161407" level="INFO">Typing text 'On313s3V' into text field '//input[@name="confirm_password"]'.</msg>
<arg>${customers_txt_confirm_password}</arg>
<arg>${user["password"]}</arg>
<doc>Types the given ``text`` into the text field identified by ``locator``.</doc>
<status status="PASS" start="2025-09-25T11:07:33.159665" elapsed="0.275891"/>
</kw>
<arg>${user}</arg>
<status status="PASS" start="2025-09-25T11:07:30.314000" elapsed="3.121784"/>
</kw>
<kw name="Verify Customer Name" owner="InputVerification">
<kw name="Get Element Attribute" owner="SeleniumLibrary">
<msg time="2025-09-25T11:07:33.465838" level="INFO">${input_first_name} = Clementine</msg>
<var>${input_first_name}</var>
<arg>${customers_txt_firstname}</arg>
<arg>value</arg>
<doc>Returns the value of ``attribute`` from the element ``locator``.</doc>
<status status="PASS" start="2025-09-25T11:07:33.436949" elapsed="0.028982"/>
</kw>
<kw name="Get Element Attribute" owner="SeleniumLibrary">
<msg time="2025-09-25T11:07:33.503762" level="INFO">${input_last_name} = Bauch</msg>
<var>${input_last_name}</var>
<arg>${customers_txt_lastname}</arg>
<arg>value</arg>
<doc>Returns the value of ``attribute`` from the element ``locator``.</doc>
<status status="PASS" start="2025-09-25T11:07:33.466270" elapsed="0.037571"/>
</kw>
<kw name="Set Variable" owner="BuiltIn">
<msg time="2025-09-25T11:07:33.504515" level="INFO">${input_name} = Clementine Bauch</msg>
<var>${input_name}</var>
<arg>${input_first_name} ${input_last_name}</arg>
<doc>Returns the given values which can then be assigned to a variables.</doc>
<status status="PASS" start="2025-09-25T11:07:33.504124" elapsed="0.000447"/>
</kw>
<kw name="Should Be Equal As Strings" owner="BuiltIn">
<arg>${input_name}</arg>
<arg>${user["formatted_name"]}</arg>
<doc>Fails if objects are unequal after converting them to strings.</doc>
<status status="PASS" start="2025-09-25T11:07:33.504819" elapsed="0.001072"/>
</kw>
<arg>${user}</arg>
<status status="PASS" start="2025-09-25T11:07:33.436193" elapsed="0.069860"/>
</kw>
<kw name="Verify Customer Email" owner="InputVerification">
<kw name="Get Element Attribute" owner="SeleniumLibrary">
<msg time="2025-09-25T11:07:33.536360" level="INFO">${input_email} = Nathan@yesenia.net</msg>
<var>${input_email}</var>
<arg>${customers_txt_email}</arg>
<arg>value</arg>
<doc>Returns the value of ``attribute`` from the element ``locator``.</doc>
<status status="PASS" start="2025-09-25T11:07:33.506899" elapsed="0.029536"/>
</kw>
<kw name="Should Be Equal As Strings" owner="BuiltIn">
<arg>${input_email}</arg>
<arg>${user["email"]}</arg>
<doc>Fails if objects are unequal after converting them to strings.</doc>
<status status="PASS" start="2025-09-25T11:07:33.536720" elapsed="0.001116"/>
</kw>
<arg>${user}</arg>
<status status="PASS" start="2025-09-25T11:07:33.506354" elapsed="0.031642"/>
</kw>
<kw name="Verify Customer Details" owner="InputVerification">
<kw name="Get Element Attribute" owner="SeleniumLibrary">
<msg time="2025-09-25T11:07:33.565166" level="INFO">${input_birthday} = 2005-08-15</msg>
<var>${input_birthday}</var>
<arg>${customers_txt_birthday}</arg>
<arg>value</arg>
<doc>Returns the value of ``attribute`` from the element ``locator``.</doc>
<status status="PASS" start="2025-09-25T11:07:33.538919" elapsed="0.026323"/>
</kw>
<kw name="Parse Birthday Fields By OS" owner="InputVerification">
<kw name="Evaluate" owner="BuiltIn">
<msg time="2025-09-25T11:07:33.566780" level="INFO">${os} = linux</msg>
<var>${os}</var>
<arg>__import__('platform').system().lower()</arg>
<doc>Evaluates the given expression in Python and returns the result.</doc>
<status status="PASS" start="2025-09-25T11:07:33.566351" elapsed="0.000495"/>
</kw>
<if>
<branch type="IF" condition="'${os}' == 'linux'">
<kw name="Set Variable" owner="BuiltIn">
<msg time="2025-09-25T11:07:33.567712" level="INFO">${input_birthday_month} = """2005-08-15"""[5:7]</msg>
<var>${input_birthday_month}</var>
<arg>"""${input_birthday}"""[5:7]</arg>
<doc>Returns the given values which can then be assigned to a variables.</doc>
<status status="PASS" start="2025-09-25T11:07:33.567387" elapsed="0.000398"/>
</kw>
<kw name="Set Variable" owner="BuiltIn">
<msg time="2025-09-25T11:07:33.568313" level="INFO">${input_birthday_day} = """2005-08-15"""[8:10]</msg>
<var>${input_birthday_day}</var>
<arg>"""${input_birthday}"""[8:10]</arg>
<doc>Returns the given values which can then be assigned to a variables.</doc>
<status status="PASS" start="2025-09-25T11:07:33.568009" elapsed="0.000357"/>
</kw>
<status status="PASS" start="2025-09-25T11:07:33.567027" elapsed="0.001503"/>
</branch>
<branch type="ELSE IF" condition="'${os}' == 'win32'">
<kw name="Set Variable" owner="BuiltIn">
<var>${input_birthday_month}</var>
<arg>"""${input_birthday}"""[8:10]</arg>
<doc>Returns the given values which can then be assigned to a variables.</doc>
<status status="NOT RUN" start="2025-09-25T11:07:33.568846" elapsed="0.000055"/>
</kw>
<kw name="Set Variable" owner="BuiltIn">
<var>${input_birthday_day}</var>
<arg>"""${input_birthday}"""[5:7]</arg>
<doc>Returns the given values which can then be assigned to a variables.</doc>
<status status="NOT RUN" start="2025-09-25T11:07:33.569096" elapsed="0.000049"/>
</kw>
<status status="NOT RUN" start="2025-09-25T11:07:33.568616" elapsed="0.000807"/>
</branch>
<status status="PASS" start="2025-09-25T11:07:33.566982" elapsed="0.002534"/>
</if>
<kw name="Set Variable" owner="BuiltIn">
<msg time="2025-09-25T11:07:33.570119" level="INFO">${input_birthday_year} = """2005-08-15"""[0:4]</msg>
<var>${input_birthday_year}</var>
<arg>"""${input_birthday}"""[0:4]</arg>
<doc>Returns the given values which can then be assigned to a variables.</doc>
<status status="PASS" start="2025-09-25T11:07:33.569728" elapsed="0.000451"/>
</kw>
<return>
<value>${input_birthday_month}</value>
<value>${input_birthday_day}</value>
<value>${input_birthday_year}</value>
<status status="PASS" start="2025-09-25T11:07:33.570288" elapsed="0.000080"/>
</return>
<msg time="2025-09-25T11:07:33.570729" level="INFO">${input_birthday_month} = """2005-08-15"""[5:7]</msg>
<msg time="2025-09-25T11:07:33.570828" level="INFO">${input_birthday_day} = """2005-08-15"""[8:10]</msg>
<msg time="2025-09-25T11:07:33.570904" level="INFO">${input_birthday_year} = """2005-08-15"""[0:4]</msg>
<var>${input_birthday_month}</var>
<var>${input_birthday_day}</var>
<var>${input_birthday_year}</var>
<arg>${input_birthday}</arg>
<status status="PASS" start="2025-09-25T11:07:33.565715" elapsed="0.005235"/>
</kw>
<kw name="Evaluate" owner="BuiltIn">
<msg time="2025-09-25T11:07:33.571711" level="INFO">${input_birthday} = 08152005</msg>
<var>${input_birthday}</var>
<arg>f"{${input_birthday_month}}{${input_birthday_day}}{${input_birthday_year}}"</arg>
<doc>Evaluates the given expression in Python and returns the result.</doc>
<status status="PASS" start="2025-09-25T11:07:33.571191" elapsed="0.000590"/>
</kw>
<kw name="Get Element Attribute" owner="SeleniumLibrary">
<msg time="2025-09-25T11:07:33.615068" level="INFO">${input_address} = Douglas Extension Suite 847</msg>
<var>${input_address}</var>
<arg>${customers_txt_address}</arg>
<arg>value</arg>
<doc>Returns the value of ``attribute`` from the element ``locator``.</doc>
<status status="PASS" start="2025-09-25T11:07:33.572018" elapsed="0.043130"/>
</kw>
<kw name="Get Element Attribute" owner="SeleniumLibrary">
<msg time="2025-09-25T11:07:33.634111" level="INFO">${input_city} = McKenziehaven</msg>
<var>${input_city}</var>
<arg>${customers_txt_city}</arg>
<arg>value</arg>
<doc>Returns the value of ``attribute`` from the element ``locator``.</doc>
<status status="PASS" start="2025-09-25T11:07:33.615435" elapsed="0.018754"/>
</kw>
<kw name="Get Element Attribute" owner="SeleniumLibrary">
<msg time="2025-09-25T11:07:33.655051" level="INFO">${input_stateAbbr} = DSM</msg>
<var>${input_stateAbbr}</var>
<arg>${customers_txt_stateAbbr}</arg>
<arg>value</arg>
<doc>Returns the value of ``attribute`` from the element ``locator``.</doc>
<status status="PASS" start="2025-09-25T11:07:33.634483" elapsed="0.020647"/>
</kw>
<kw name="Get Element Attribute" owner="SeleniumLibrary">
<msg time="2025-09-25T11:07:33.674714" level="INFO">${input_zipcode} = 59590-4157</msg>
<var>${input_zipcode}</var>
<arg>${customers_txt_zipcode}</arg>
<arg>value</arg>
<doc>Returns the value of ``attribute`` from the element ``locator``.</doc>
<status status="PASS" start="2025-09-25T11:07:33.655436" elapsed="0.019389"/>
</kw>
<kw name="Get Element Attribute" owner="SeleniumLibrary">
<msg time="2025-09-25T11:07:33.694027" level="INFO">${input_password} = On313s3V</msg>
<var>${input_password}</var>
<arg>${customers_txt_password}</arg>
<arg>value</arg>
<doc>Returns the value of ``attribute`` from the element ``locator``.</doc>
<status status="PASS" start="2025-09-25T11:07:33.675119" elapsed="0.018989"/>
</kw>
<kw name="Get Element Attribute" owner="SeleniumLibrary">
<msg time="2025-09-25T11:07:33.713059" level="INFO">${input_confirm_password} = On313s3V</msg>
<var>${input_confirm_password}</var>
<arg>${customers_txt_confirm_password}</arg>
<arg>value</arg>
<doc>Returns the value of ``attribute`` from the element ``locator``.</doc>
<status status="PASS" start="2025-09-25T11:07:33.694403" elapsed="0.018737"/>
</kw>
<kw name="Should Be Equal As Strings" owner="BuiltIn">
<arg>${input_birthday}</arg>
<arg>${user["birthday"]}</arg>
<doc>Fails if objects are unequal after converting them to strings.</doc>
<status status="PASS" start="2025-09-25T11:07:33.713428" elapsed="0.001213"/>
</kw>
<kw name="Should Be Equal As Strings" owner="BuiltIn">
<arg>${input_address}</arg>
<arg>${user["address"]["street"]} ${user["address"]["suite"]}</arg>
<doc>Fails if objects are unequal after converting them to strings.</doc>
<status status="PASS" start="2025-09-25T11:07:33.714914" elapsed="0.001751"/>
</kw>
<kw name="Should Be Equal As Strings" owner="BuiltIn">
<arg>${input_city}</arg>
<arg>${user["address"]["city"]}</arg>
<doc>Fails if objects are unequal after converting them to strings.</doc>
<status status="PASS" start="2025-09-25T11:07:33.716950" elapsed="0.001136"/>
</kw>
<kw name="Should Be Equal As Strings" owner="BuiltIn">
<arg>${input_stateAbbr}</arg>
<arg>${user["address"]["stateAbbr"]}</arg>
<doc>Fails if objects are unequal after converting them to strings.</doc>
<status status="PASS" start="2025-09-25T11:07:33.718356" elapsed="0.001039"/>
</kw>
<kw name="Should Be Equal As Strings" owner="BuiltIn">
<arg>${input_zipcode}</arg>
<arg>${user["address"]["zipcode"]}</arg>
<doc>Fails if objects are unequal after converting them to strings.</doc>
<status status="PASS" start="2025-09-25T11:07:33.719647" elapsed="0.001045"/>
</kw>
<kw name="Should Be Equal As Strings" owner="BuiltIn">
<arg>${input_password}</arg>
<arg>${user["password"]}</arg>
<doc>Fails if objects are unequal after converting them to strings.</doc>
<status status="PASS" start="2025-09-25T11:07:33.720961" elapsed="0.001135"/>
</kw>
<kw name="Should Be Equal As Strings" owner="BuiltIn">
<arg>${input_confirm_password}</arg>
<arg>${user["password"]}</arg>
<doc>Fails if objects are unequal after converting them to strings.</doc>
<status status="PASS" start="2025-09-25T11:07:33.722346" elapsed="0.001161"/>
</kw>
<arg>${user}</arg>
<status status="PASS" start="2025-09-25T11:07:33.538382" elapsed="0.185280"/>
</kw>
<kw name="Save New Customer" owner="CustomerAdd">
<kw name="Click Button" owner="SeleniumLibrary">
<msg time="2025-09-25T11:07:33.724751" level="INFO">Clicking button '//button[@aria-label="Save"]'.</msg>
<arg>${customers_btn_save}</arg>
<doc>Clicks the button identified by ``locator``.</doc>
<status status="PASS" start="2025-09-25T11:07:33.724405" elapsed="0.164873"/>
</kw>
<kw name="Wait Until Page Contains" owner="SeleniumLibrary">
<arg>Customer created</arg>
<doc>Waits until ``text`` appears on the current page.</doc>
<status status="PASS" start="2025-09-25T11:07:33.889621" elapsed="0.606693"/>
</kw>
<status status="PASS" start="2025-09-25T11:07:33.723971" elapsed="0.772564"/>
</kw>
<kw name="Verify Customer Is Added With Correct Details" owner="CustomerAdd">
<kw name="Go To Customers Page" owner="App">
<kw name="Click Element" owner="SeleniumLibrary">
<msg time="2025-09-25T11:07:34.507902" level="INFO">Clicking element '(//p[text()="Customers"])[2]'.</msg>
<arg>${nav_btn_customers}</arg>
<doc>Click the element identified by ``locator``.</doc>
<status status="PASS" start="2025-09-25T11:07:34.507348" elapsed="0.201726"/>
</kw>
<kw name="Wait Until Element Is Visible" owner="SeleniumLibrary">
<arg>${table_row}</arg>
<doc>Waits until the element ``locator`` is visible.</doc>
<status status="PASS" start="2025-09-25T11:07:34.709441" elapsed="0.591693"/>
</kw>
<status status="PASS" start="2025-09-25T11:07:34.506554" elapsed="0.794755"/>
</kw>
<kw name="Refresh Current Page" owner="App">
<kw name="Click Button" owner="SeleniumLibrary">
<msg time="2025-09-25T11:07:35.302410" level="INFO">Clicking button '//button[@aria-label="Refresh"]'.</msg>
<arg>${btn_refresh}</arg>
<doc>Clicks the button identified by ``locator``.</doc>
<status status="PASS" start="2025-09-25T11:07:35.302074" elapsed="0.484990"/>
</kw>
<kw name="Wait Until Element Is Visible" owner="SeleniumLibrary">
<arg>${loading_icon}</arg>
<doc>Waits until the element ``locator`` is visible.</doc>
<status status="PASS" start="2025-09-25T11:07:35.787397" elapsed="0.033266"/>
</kw>
<kw name="Wait Until Element Is Not Visible" owner="SeleniumLibrary">
<arg>${loading_icon}</arg>
<doc>Waits until the element ``locator`` is not visible.</doc>
<status status="PASS" start="2025-09-25T11:07:35.821093" elapsed="0.582024"/>
</kw>
<status status="PASS" start="2025-09-25T11:07:35.301608" elapsed="1.101858"/>
</kw>
<kw name="Get Text" owner="SeleniumLibrary">
<msg time="2025-09-25T11:07:36.475246" level="INFO">${fetched_name} = C
Clementine Bauch</msg>
<var>${fetched_name}</var>
<arg>((${table_row })[1]//td)[2]</arg>
<doc>Returns the text value of the element identified by ``locator``.</doc>
<status status="PASS" start="2025-09-25T11:07:36.403970" elapsed="0.071428"/>
</kw>
<if>
<branch type="IF" condition="&quot;\\n&quot; in &quot;&quot;&quot;${fetched_name}&quot;&quot;&quot;">
<kw name="Evaluate" owner="BuiltIn">
<msg time="2025-09-25T11:07:36.482486" level="INFO">${fetched_name} = Clementine Bauch</msg>
<var>${fetched_name}</var>
<arg>"""${fetched_name}""".replace("\\n", "")[1:]</arg>
<doc>Evaluates the given expression in Python and returns the result.</doc>
<status status="PASS" start="2025-09-25T11:07:36.476966" elapsed="0.005734"/>
</kw>
<status status="PASS" start="2025-09-25T11:07:36.475917" elapsed="0.007320"/>
</branch>
<status status="PASS" start="2025-09-25T11:07:36.475814" elapsed="0.008351"/>
</if>
<kw name="Should Be Equal As Strings" owner="BuiltIn">
<arg>${user["formatted_name"]}</arg>
<arg>${fetched_name}</arg>
<doc>Fails if objects are unequal after converting them to strings.</doc>
<status status="PASS" start="2025-09-25T11:07:36.484726" elapsed="0.002744"/>
</kw>
<arg>${user}</arg>
<status status="PASS" start="2025-09-25T11:07:34.496994" elapsed="1.990852"/>
</kw>
<var name="${index}">2</var>
<var name="${user}">{'id': 3, 'name': 'Clementine Bauch', 'username': 'Samantha', 'email': 'Nathan@yesenia.net', 'address': {'street': 'Douglas Extension', 'suite': 'Suite 847', 'city': 'McKenziehaven', 'zipcode': '59590...</var>
<status status="PASS" start="2025-09-25T11:07:30.313179" elapsed="6.174839"/>
</iter>
<iter>
<kw name="Add New Customer Details" owner="CustomerAdd">
<kw name="Click Element" owner="SeleniumLibrary">
<msg time="2025-09-25T11:07:36.491643" level="INFO">Clicking element '//a[@aria-label="Create"]'.</msg>
<arg>${customers_btn_create}</arg>
<doc>Click the element identified by ``locator``.</doc>
<status status="PASS" start="2025-09-25T11:07:36.490957" elapsed="0.170620"/>
</kw>
<kw name="Wait Until Element Is Visible" owner="SeleniumLibrary">
<arg>${customers_txt_firstname}</arg>
<doc>Waits until the element ``locator`` is visible.</doc>
<status status="PASS" start="2025-09-25T11:07:36.665023" elapsed="0.200348"/>
</kw>
<kw name="Input Text" owner="SeleniumLibrary">
<msg time="2025-09-25T11:07:36.866797" level="INFO">Typing text 'Patricia' into text field '//input[@name="first_name"]'.</msg>
<arg>${customers_txt_firstname}</arg>
<arg>${user["formatted_name"].split(" ")[0]}</arg>
<doc>Types the given ``text`` into the text field identified by ``locator``.</doc>
<status status="PASS" start="2025-09-25T11:07:36.865668" elapsed="0.195737"/>
</kw>
<kw name="Input Text" owner="SeleniumLibrary">
<msg time="2025-09-25T11:07:37.063092" level="INFO">Typing text 'Lebsack' into text field '//input[@name="last_name"]'.</msg>
<arg>${customers_txt_lastname}</arg>
<arg>${user["formatted_name"].split(" ")[1]}</arg>
<doc>Types the given ``text`` into the text field identified by ``locator``.</doc>
<status status="PASS" start="2025-09-25T11:07:37.061806" elapsed="0.224215"/>
</kw>
<kw name="Input Text" owner="SeleniumLibrary">
<msg time="2025-09-25T11:07:37.289445" level="INFO">Typing text 'Julianne.OConner@kory.org' into text field '//input[@name="email"]'.</msg>
<arg>${customers_txt_email}</arg>
<arg>${user["email"]}</arg>
<doc>Types the given ``text`` into the text field identified by ``locator``.</doc>
<status status="PASS" start="2025-09-25T11:07:37.286337" elapsed="0.298743"/>
</kw>
<kw name="Input Text" owner="SeleniumLibrary">
<msg time="2025-09-25T11:07:37.586691" level="INFO">Typing text '09252003' into text field '//input[@name="birthday"]'.</msg>
<arg>${customers_txt_birthday}</arg>
<arg>${user["birthday"]}</arg>
<doc>Types the given ``text`` into the text field identified by ``locator``.</doc>
<status status="PASS" start="2025-09-25T11:07:37.585405" elapsed="0.214940"/>
</kw>
<kw name="Input Text" owner="SeleniumLibrary">
<msg time="2025-09-25T11:07:37.804643" level="INFO">Typing text 'Hoeger Mall Apt. 692' into text field '//textarea[@name="address"]'.</msg>
<arg>${customers_txt_address}</arg>
<arg>${user["address"]["street"]} ${user["address"]["suite"]}</arg>
<doc>Types the given ``text`` into the text field identified by ``locator``.</doc>
<status status="PASS" start="2025-09-25T11:07:37.800678" elapsed="0.284904"/>
</kw>
<kw name="Input Text" owner="SeleniumLibrary">
<msg time="2025-09-25T11:07:38.087734" level="INFO">Typing text 'South Elvis' into text field '//input[@name="city"]'.</msg>
<arg>${customers_txt_city}</arg>
<arg>${user["address"]["city"]}</arg>
<doc>Types the given ``text`` into the text field identified by ``locator``.</doc>
<status status="PASS" start="2025-09-25T11:07:38.086285" elapsed="0.234352"/>
</kw>
<kw name="Input Text" owner="SeleniumLibrary">
<msg time="2025-09-25T11:07:38.322227" level="INFO">Typing text 'HAS' into text field '//input[@name="stateAbbr"]'.</msg>
<arg>${customers_txt_stateAbbr}</arg>
<arg>${user["address"]["stateAbbr"]}</arg>
<doc>Types the given ``text`` into the text field identified by ``locator``.</doc>
<status status="PASS" start="2025-09-25T11:07:38.321023" elapsed="0.206439"/>
</kw>
<kw name="Input Text" owner="SeleniumLibrary">
<msg time="2025-09-25T11:07:38.529252" level="INFO">Typing text '53919-4257' into text field '//input[@name="zipcode"]'.</msg>
<arg>${customers_txt_zipcode}</arg>
<arg>${user["address"]["zipcode"]}</arg>
<doc>Types the given ``text`` into the text field identified by ``locator``.</doc>
<status status="PASS" start="2025-09-25T11:07:38.527970" elapsed="0.261721"/>
</kw>
<kw name="Input Text" owner="SeleniumLibrary">
<msg time="2025-09-25T11:07:38.791139" level="INFO">Typing text 'yFdY5Xyb' into text field '//input[@name="password"]'.</msg>
<arg>${customers_txt_password}</arg>
<arg>${user["password"]}</arg>
<doc>Types the given ``text`` into the text field identified by ``locator``.</doc>
<status status="PASS" start="2025-09-25T11:07:38.790018" elapsed="0.300092"/>
</kw>
<kw name="Input Text" owner="SeleniumLibrary">
<msg time="2025-09-25T11:07:39.091735" level="INFO">Typing text 'yFdY5Xyb' into text field '//input[@name="confirm_password"]'.</msg>
<arg>${customers_txt_confirm_password}</arg>
<arg>${user["password"]}</arg>
<doc>Types the given ``text`` into the text field identified by ``locator``.</doc>
<status status="PASS" start="2025-09-25T11:07:39.090439" elapsed="0.230835"/>
</kw>
<arg>${user}</arg>
<status status="PASS" start="2025-09-25T11:07:36.489327" elapsed="2.832159"/>
</kw>
<kw name="Verify Customer Name" owner="InputVerification">
<kw name="Get Element Attribute" owner="SeleniumLibrary">
<msg time="2025-09-25T11:07:39.359473" level="INFO">${input_first_name} = Patricia</msg>
<var>${input_first_name}</var>
<arg>${customers_txt_firstname}</arg>
<arg>value</arg>
<doc>Returns the value of ``attribute`` from the element ``locator``.</doc>
<status status="PASS" start="2025-09-25T11:07:39.322593" elapsed="0.037033"/>
</kw>
<kw name="Get Element Attribute" owner="SeleniumLibrary">
<msg time="2025-09-25T11:07:39.388797" level="INFO">${input_last_name} = Lebsack</msg>
<var>${input_last_name}</var>
<arg>${customers_txt_lastname}</arg>
<arg>value</arg>
<doc>Returns the value of ``attribute`` from the element ``locator``.</doc>
<status status="PASS" start="2025-09-25T11:07:39.360259" elapsed="0.028619"/>
</kw>
<kw name="Set Variable" owner="BuiltIn">
<msg time="2025-09-25T11:07:39.389552" level="INFO">${input_name} = Patricia Lebsack</msg>
<var>${input_name}</var>
<arg>${input_first_name} ${input_last_name}</arg>
<doc>Returns the given values which can then be assigned to a variables.</doc>
<status status="PASS" start="2025-09-25T11:07:39.389162" elapsed="0.000447"/>
</kw>
<kw name="Should Be Equal As Strings" owner="BuiltIn">
<arg>${input_name}</arg>
<arg>${user["formatted_name"]}</arg>
<doc>Fails if objects are unequal after converting them to strings.</doc>
<status status="PASS" start="2025-09-25T11:07:39.390111" elapsed="0.001141"/>
</kw>
<arg>${user}</arg>
<status status="PASS" start="2025-09-25T11:07:39.321875" elapsed="0.069538"/>
</kw>
<kw name="Verify Customer Email" owner="InputVerification">
<kw name="Get Element Attribute" owner="SeleniumLibrary">
<msg time="2025-09-25T11:07:39.422158" level="INFO">${input_email} = Julianne.OConner@kory.org</msg>
<var>${input_email}</var>
<arg>${customers_txt_email}</arg>
<arg>value</arg>
<doc>Returns the value of ``attribute`` from the element ``locator``.</doc>
<status status="PASS" start="2025-09-25T11:07:39.392398" elapsed="0.029834"/>
</kw>
<kw name="Should Be Equal As Strings" owner="BuiltIn">
<arg>${input_email}</arg>
<arg>${user["email"]}</arg>
<doc>Fails if objects are unequal after converting them to strings.</doc>
<status status="PASS" start="2025-09-25T11:07:39.422511" elapsed="0.001078"/>
</kw>
<arg>${user}</arg>
<status status="PASS" start="2025-09-25T11:07:39.391734" elapsed="0.032029"/>
</kw>
<kw name="Verify Customer Details" owner="InputVerification">
<kw name="Get Element Attribute" owner="SeleniumLibrary">
<msg time="2025-09-25T11:07:39.454143" level="INFO">${input_birthday} = 2003-09-25</msg>
<var>${input_birthday}</var>
<arg>${customers_txt_birthday}</arg>
<arg>value</arg>
<doc>Returns the value of ``attribute`` from the element ``locator``.</doc>
<status status="PASS" start="2025-09-25T11:07:39.424661" elapsed="0.029558"/>
</kw>
<kw name="Parse Birthday Fields By OS" owner="InputVerification">
<kw name="Evaluate" owner="BuiltIn">
<msg time="2025-09-25T11:07:39.455619" level="INFO">${os} = linux</msg>
<var>${os}</var>
<arg>__import__('platform').system().lower()</arg>
<doc>Evaluates the given expression in Python and returns the result.</doc>
<status status="PASS" start="2025-09-25T11:07:39.455245" elapsed="0.000433"/>
</kw>
<if>
<branch type="IF" condition="'${os}' == 'linux'">
<kw name="Set Variable" owner="BuiltIn">
<msg time="2025-09-25T11:07:39.456565" level="INFO">${input_birthday_month} = """2003-09-25"""[5:7]</msg>
<var>${input_birthday_month}</var>
<arg>"""${input_birthday}"""[5:7]</arg>
<doc>Returns the given values which can then be assigned to a variables.</doc>
<status status="PASS" start="2025-09-25T11:07:39.456220" elapsed="0.000400"/>
</kw>
<kw name="Set Variable" owner="BuiltIn">
<msg time="2025-09-25T11:07:39.457172" level="INFO">${input_birthday_day} = """2003-09-25"""[8:10]</msg>
<var>${input_birthday_day}</var>
<arg>"""${input_birthday}"""[8:10]</arg>
<doc>Returns the given values which can then be assigned to a variables.</doc>
[...]
<status status="PASS" start="2025-09-25T11:08:54.117318" elapsed="0.023027"/>
</kw>
<return>
<value>${tb_total_spent}</value>
<status status="PASS" start="2025-09-25T11:08:54.140484" elapsed="0.000088"/>
</return>
<arg>${index}</arg>
<status status="PASS" start="2025-09-25T11:08:54.116795" elapsed="0.024015"/>
</kw>
<kw name="Get Text" owner="SeleniumLibrary">
<msg time="2025-09-25T11:08:54.164656" level="INFO">${tb_total_spent} = $0.00</msg>
<var>${tb_total_spent}</var>
<arg>((${table_row })[${index}]//td)[5]/span</arg>
<doc>Returns the text value of the element identified by ``locator``.</doc>
<status status="PASS" start="2025-09-25T11:08:54.141062" elapsed="0.023673"/>
</kw>
<kw name="Evaluate" owner="BuiltIn">
<msg time="2025-09-25T11:08:54.166173" level="INFO">${amount} = 0.0</msg>
<var>${amount}</var>
<arg>float(${tb_total_spent.replace("$", "").replace(",", "")})</arg>
<doc>Evaluates the given expression in Python and returns the result.</doc>
<status status="PASS" start="2025-09-25T11:08:54.165062" elapsed="0.001174"/>
</kw>
<kw name="Evaluate" owner="BuiltIn">
<msg time="2025-09-25T11:08:54.167105" level="INFO">${total_spent} = 2624.45</msg>
<var>${total_spent}</var>
<arg>${total_spent} + ${amount}</arg>
<doc>Evaluates the given expression in Python and returns the result.</doc>
<status status="PASS" start="2025-09-25T11:08:54.166600" elapsed="0.000567"/>
</kw>
<kw name="Evaluate" owner="BuiltIn">
<msg time="2025-09-25T11:08:54.167853" level="INFO">${total_spent} = 2624.45</msg>
<var>${total_spent}</var>
<arg>round(${total_spent}, 2)</arg>
<doc>Evaluates the given expression in Python and returns the result.</doc>
<status status="PASS" start="2025-09-25T11:08:54.167414" elapsed="0.000498"/>
</kw>
<var name="${index}">19</var>
<status status="PASS" start="2025-09-25T11:08:54.116505" elapsed="0.051499"/>
</iter>
<iter>
<kw name="Get Customer Total Spent" owner="TableDataRetrieval">
<kw name="Get Text" owner="SeleniumLibrary">
<msg time="2025-09-25T11:08:54.193128" level="INFO">${tb_total_spent} = $1,361.69</msg>
<var>${tb_total_spent}</var>
<arg>((${table_row })[${index}]//td)[5]/span</arg>
<doc>Returns the text value of the element identified by ``locator``.</doc>
<status status="PASS" start="2025-09-25T11:08:54.169021" elapsed="0.024186"/>
</kw>
<return>
<value>${tb_total_spent}</value>
<status status="PASS" start="2025-09-25T11:08:54.193345" elapsed="0.000088"/>
</return>
<arg>${index}</arg>
<status status="PASS" start="2025-09-25T11:08:54.168507" elapsed="0.025146"/>
</kw>
<kw name="Get Text" owner="SeleniumLibrary">
<msg time="2025-09-25T11:08:54.217826" level="INFO">${tb_total_spent} = $1,361.69</msg>
<var>${tb_total_spent}</var>
<arg>((${table_row })[${index}]//td)[5]/span</arg>
<doc>Returns the text value of the element identified by ``locator``.</doc>
<status status="PASS" start="2025-09-25T11:08:54.193927" elapsed="0.023984"/>
</kw>
<kw name="Evaluate" owner="BuiltIn">
<msg time="2025-09-25T11:08:54.219284" level="INFO">${amount} = 1361.69</msg>
<var>${amount}</var>
<arg>float(${tb_total_spent.replace("$", "").replace(",", "")})</arg>
<doc>Evaluates the given expression in Python and returns the result.</doc>
<status status="PASS" start="2025-09-25T11:08:54.218198" elapsed="0.001153"/>
</kw>
<kw name="Evaluate" owner="BuiltIn">
<msg time="2025-09-25T11:08:54.220059" level="INFO">${total_spent} = 3986.14</msg>
<var>${total_spent}</var>
<arg>${total_spent} + ${amount}</arg>
<doc>Evaluates the given expression in Python and returns the result.</doc>
<status status="PASS" start="2025-09-25T11:08:54.219599" elapsed="0.000520"/>
</kw>
<kw name="Evaluate" owner="BuiltIn">
<msg time="2025-09-25T11:08:54.220774" level="INFO">${total_spent} = 3986.14</msg>
<var>${total_spent}</var>
<arg>round(${total_spent}, 2)</arg>
<doc>Evaluates the given expression in Python and returns the result.</doc>
<status status="PASS" start="2025-09-25T11:08:54.220353" elapsed="0.000481"/>
</kw>
<var name="${index}">20</var>
<status status="PASS" start="2025-09-25T11:08:54.168234" elapsed="0.052691"/>
</iter>
<iter>
<kw name="Get Customer Total Spent" owner="TableDataRetrieval">
<kw name="Get Text" owner="SeleniumLibrary">
<msg time="2025-09-25T11:08:54.246130" level="INFO">${tb_total_spent} = $0.00</msg>
<var>${tb_total_spent}</var>
<arg>((${table_row })[${index}]//td)[5]/span</arg>
<doc>Returns the text value of the element identified by ``locator``.</doc>
<status status="PASS" start="2025-09-25T11:08:54.221937" elapsed="0.024272"/>
</kw>
<return>
<value>${tb_total_spent}</value>
<status status="PASS" start="2025-09-25T11:08:54.246350" elapsed="0.000088"/>
</return>
<arg>${index}</arg>
<status status="PASS" start="2025-09-25T11:08:54.221426" elapsed="0.025236"/>
</kw>
<kw name="Get Text" owner="SeleniumLibrary">
<msg time="2025-09-25T11:08:54.270735" level="INFO">${tb_total_spent} = $0.00</msg>
<var>${tb_total_spent}</var>
<arg>((${table_row })[${index}]//td)[5]/span</arg>
<doc>Returns the text value of the element identified by ``locator``.</doc>
<status status="PASS" start="2025-09-25T11:08:54.246934" elapsed="0.023903"/>
</kw>
<kw name="Evaluate" owner="BuiltIn">
<msg time="2025-09-25T11:08:54.272233" level="INFO">${amount} = 0.0</msg>
<var>${amount}</var>
<arg>float(${tb_total_spent.replace("$", "").replace(",", "")})</arg>
<doc>Evaluates the given expression in Python and returns the result.</doc>
<status status="PASS" start="2025-09-25T11:08:54.271122" elapsed="0.001177"/>
</kw>
<kw name="Evaluate" owner="BuiltIn">
<msg time="2025-09-25T11:08:54.273009" level="INFO">${total_spent} = 3986.14</msg>
<var>${total_spent}</var>
<arg>${total_spent} + ${amount}</arg>
<doc>Evaluates the given expression in Python and returns the result.</doc>
<status status="PASS" start="2025-09-25T11:08:54.272550" elapsed="0.000517"/>
</kw>
<kw name="Evaluate" owner="BuiltIn">
<msg time="2025-09-25T11:08:54.273700" level="INFO">${total_spent} = 3986.14</msg>
<var>${total_spent}</var>
<arg>round(${total_spent}, 2)</arg>
<doc>Evaluates the given expression in Python and returns the result.</doc>
<status status="PASS" start="2025-09-25T11:08:54.273298" elapsed="0.000480"/>
</kw>
<var name="${index}">21</var>
<status status="PASS" start="2025-09-25T11:08:54.221154" elapsed="0.052714"/>
</iter>
<iter>
<kw name="Get Customer Total Spent" owner="TableDataRetrieval">
<kw name="Get Text" owner="SeleniumLibrary">
<msg time="2025-09-25T11:08:54.300789" level="INFO">${tb_total_spent} = $0.00</msg>
<var>${tb_total_spent}</var>
<arg>((${table_row })[${index}]//td)[5]/span</arg>
<doc>Returns the text value of the element identified by ``locator``.</doc>
<status status="PASS" start="2025-09-25T11:08:54.274885" elapsed="0.025985"/>
</kw>
<return>
<value>${tb_total_spent}</value>
<status status="PASS" start="2025-09-25T11:08:54.301008" elapsed="0.000086"/>
</return>
<arg>${index}</arg>
<status status="PASS" start="2025-09-25T11:08:54.274365" elapsed="0.026949"/>
</kw>
<kw name="Get Text" owner="SeleniumLibrary">
<msg time="2025-09-25T11:08:54.325730" level="INFO">${tb_total_spent} = $0.00</msg>
<var>${tb_total_spent}</var>
<arg>((${table_row })[${index}]//td)[5]/span</arg>
<doc>Returns the text value of the element identified by ``locator``.</doc>
<status status="PASS" start="2025-09-25T11:08:54.301558" elapsed="0.024269"/>
</kw>
<kw name="Evaluate" owner="BuiltIn">
<msg time="2025-09-25T11:08:54.327212" level="INFO">${amount} = 0.0</msg>
<var>${amount}</var>
<arg>float(${tb_total_spent.replace("$", "").replace(",", "")})</arg>
<doc>Evaluates the given expression in Python and returns the result.</doc>
<status status="PASS" start="2025-09-25T11:08:54.326115" elapsed="0.001163"/>
</kw>
<kw name="Evaluate" owner="BuiltIn">
<msg time="2025-09-25T11:08:54.328008" level="INFO">${total_spent} = 3986.14</msg>
<var>${total_spent}</var>
<arg>${total_spent} + ${amount}</arg>
<doc>Evaluates the given expression in Python and returns the result.</doc>
<status status="PASS" start="2025-09-25T11:08:54.327538" elapsed="0.000530"/>
</kw>
<kw name="Evaluate" owner="BuiltIn">
<msg time="2025-09-25T11:08:54.328717" level="INFO">${total_spent} = 3986.14</msg>
<var>${total_spent}</var>
<arg>round(${total_spent}, 2)</arg>
<doc>Evaluates the given expression in Python and returns the result.</doc>
<status status="PASS" start="2025-09-25T11:08:54.328306" elapsed="0.000499"/>
</kw>
<var name="${index}">22</var>
<status status="PASS" start="2025-09-25T11:08:54.274095" elapsed="0.054807"/>
</iter>
<iter>
<kw name="Get Customer Total Spent" owner="TableDataRetrieval">
<kw name="Get Text" owner="SeleniumLibrary">
<msg time="2025-09-25T11:08:54.353771" level="INFO">${tb_total_spent} = $589.34</msg>
<var>${tb_total_spent}</var>
<arg>((${table_row })[${index}]//td)[5]/span</arg>
<doc>Returns the text value of the element identified by ``locator``.</doc>
<status status="PASS" start="2025-09-25T11:08:54.329956" elapsed="0.023895"/>
</kw>
<return>
<value>${tb_total_spent}</value>
<status status="PASS" start="2025-09-25T11:08:54.353990" elapsed="0.000088"/>
</return>
<arg>${index}</arg>
<status status="PASS" start="2025-09-25T11:08:54.329407" elapsed="0.024893"/>
</kw>
<kw name="Get Text" owner="SeleniumLibrary">
<msg time="2025-09-25T11:08:54.378072" level="INFO">${tb_total_spent} = $589.34</msg>
<var>${tb_total_spent}</var>
<arg>((${table_row })[${index}]//td)[5]/span</arg>
<doc>Returns the text value of the element identified by ``locator``.</doc>
<status status="PASS" start="2025-09-25T11:08:54.354649" elapsed="0.023503"/>
</kw>
<kw name="Evaluate" owner="BuiltIn">
<msg time="2025-09-25T11:08:54.379592" level="INFO">${amount} = 589.34</msg>
<var>${amount}</var>
<arg>float(${tb_total_spent.replace("$", "").replace(",", "")})</arg>
<doc>Evaluates the given expression in Python and returns the result.</doc>
<status status="PASS" start="2025-09-25T11:08:54.378454" elapsed="0.001205"/>
</kw>
<kw name="Evaluate" owner="BuiltIn">
<msg time="2025-09-25T11:08:54.380394" level="INFO">${total_spent} = 4575.48</msg>
<var>${total_spent}</var>
<arg>${total_spent} + ${amount}</arg>
<doc>Evaluates the given expression in Python and returns the result.</doc>
<status status="PASS" start="2025-09-25T11:08:54.379947" elapsed="0.000507"/>
</kw>
<kw name="Evaluate" owner="BuiltIn">
<msg time="2025-09-25T11:08:54.381125" level="INFO">${total_spent} = 4575.48</msg>
<var>${total_spent}</var>
<arg>round(${total_spent}, 2)</arg>
<doc>Evaluates the given expression in Python and returns the result.</doc>
<status status="PASS" start="2025-09-25T11:08:54.380691" elapsed="0.000491"/>
</kw>
<var name="${index}">23</var>
<status status="PASS" start="2025-09-25T11:08:54.329133" elapsed="0.052141"/>
</iter>
<iter>
<kw name="Get Customer Total Spent" owner="TableDataRetrieval">
<kw name="Get Text" owner="SeleniumLibrary">
<msg time="2025-09-25T11:08:54.405985" level="INFO">${tb_total_spent} = $0.00</msg>
<var>${tb_total_spent}</var>
<arg>((${table_row })[${index}]//td)[5]/span</arg>
<doc>Returns the text value of the element identified by ``locator``.</doc>
<status status="PASS" start="2025-09-25T11:08:54.382299" elapsed="0.023768"/>
</kw>
<return>
<value>${tb_total_spent}</value>
<status status="PASS" start="2025-09-25T11:08:54.406208" elapsed="0.000088"/>
</return>
<arg>${index}</arg>
<status status="PASS" start="2025-09-25T11:08:54.381791" elapsed="0.024727"/>
</kw>
<kw name="Get Text" owner="SeleniumLibrary">
<msg time="2025-09-25T11:08:54.430709" level="INFO">${tb_total_spent} = $0.00</msg>
<var>${tb_total_spent}</var>
<arg>((${table_row })[${index}]//td)[5]/span</arg>
<doc>Returns the text value of the element identified by ``locator``.</doc>
<status status="PASS" start="2025-09-25T11:08:54.406784" elapsed="0.024034"/>
</kw>
<kw name="Evaluate" owner="BuiltIn">
<msg time="2025-09-25T11:08:54.432217" level="INFO">${amount} = 0.0</msg>
<var>${amount}</var>
<arg>float(${tb_total_spent.replace("$", "").replace(",", "")})</arg>
<doc>Evaluates the given expression in Python and returns the result.</doc>
<status status="PASS" start="2025-09-25T11:08:54.431108" elapsed="0.001175"/>
</kw>
<kw name="Evaluate" owner="BuiltIn">
<msg time="2025-09-25T11:08:54.433006" level="INFO">${total_spent} = 4575.48</msg>
<var>${total_spent}</var>
<arg>${total_spent} + ${amount}</arg>
<doc>Evaluates the given expression in Python and returns the result.</doc>
<status status="PASS" start="2025-09-25T11:08:54.432543" elapsed="0.000522"/>
</kw>
<kw name="Evaluate" owner="BuiltIn">
<msg time="2025-09-25T11:08:54.433708" level="INFO">${total_spent} = 4575.48</msg>
<var>${total_spent}</var>
<arg>round(${total_spent}, 2)</arg>
<doc>Evaluates the given expression in Python and returns the result.</doc>
<status status="PASS" start="2025-09-25T11:08:54.433303" elapsed="0.000484"/>
</kw>
<var name="${index}">24</var>
<status status="PASS" start="2025-09-25T11:08:54.381501" elapsed="0.052380"/>
</iter>
<iter>
<kw name="Get Customer Total Spent" owner="TableDataRetrieval">
<kw name="Get Text" owner="SeleniumLibrary">
<msg time="2025-09-25T11:08:54.458373" level="INFO">${tb_total_spent} = $0.00</msg>
<var>${tb_total_spent}</var>
<arg>((${table_row })[${index}]//td)[5]/span</arg>
<doc>Returns the text value of the element identified by ``locator``.</doc>
<status status="PASS" start="2025-09-25T11:08:54.434948" elapsed="0.023507"/>
</kw>
<return>
<value>${tb_total_spent}</value>
<status status="PASS" start="2025-09-25T11:08:54.458596" elapsed="0.000087"/>
</return>
<arg>${index}</arg>
<status status="PASS" start="2025-09-25T11:08:54.434389" elapsed="0.024544"/>
</kw>
<kw name="Get Text" owner="SeleniumLibrary">
<msg time="2025-09-25T11:08:54.484375" level="INFO">${tb_total_spent} = $0.00</msg>
<var>${tb_total_spent}</var>
<arg>((${table_row })[${index}]//td)[5]/span</arg>
<doc>Returns the text value of the element identified by ``locator``.</doc>
<status status="PASS" start="2025-09-25T11:08:54.459183" elapsed="0.025283"/>
</kw>
<kw name="Evaluate" owner="BuiltIn">
<msg time="2025-09-25T11:08:54.486079" level="INFO">${amount} = 0.0</msg>
<var>${amount}</var>
<arg>float(${tb_total_spent.replace("$", "").replace(",", "")})</arg>
<doc>Evaluates the given expression in Python and returns the result.</doc>
<status status="PASS" start="2025-09-25T11:08:54.484810" elapsed="0.001341"/>
</kw>
<kw name="Evaluate" owner="BuiltIn">
<msg time="2025-09-25T11:08:54.486887" level="INFO">${total_spent} = 4575.48</msg>
<var>${total_spent}</var>
<arg>${total_spent} + ${amount}</arg>
<doc>Evaluates the given expression in Python and returns the result.</doc>
<status status="PASS" start="2025-09-25T11:08:54.486422" elapsed="0.000525"/>
</kw>
<kw name="Evaluate" owner="BuiltIn">
<msg time="2025-09-25T11:08:54.487587" level="INFO">${total_spent} = 4575.48</msg>
<var>${total_spent}</var>
<arg>round(${total_spent}, 2)</arg>
<doc>Evaluates the given expression in Python and returns the result.</doc>
<status status="PASS" start="2025-09-25T11:08:54.487177" elapsed="0.000468"/>
</kw>
<var name="${index}">25</var>
<status status="PASS" start="2025-09-25T11:08:54.434117" elapsed="0.053633"/>
</iter>
<var>${index}</var>
<value>1</value>
<value>${user_count}+1</value>
<status status="PASS" start="2025-09-25T11:08:53.151574" elapsed="1.336272"/>
</for>
<return>
<value>${total_spent}</value>
<status status="PASS" start="2025-09-25T11:08:54.487968" elapsed="0.000075"/>
</return>
<msg time="2025-09-25T11:08:54.488299" level="INFO">${total_spent} = 4575.48</msg>
<var>${total_spent}</var>
<status status="PASS" start="2025-09-25T11:08:53.133054" elapsed="1.355300"/>
</kw>
<kw name="Display Total Spending" owner="ConsoleDisplay">
<kw name="Catenate" owner="BuiltIn">
<msg time="2025-09-25T11:08:54.489709" level="INFO">${total_spent_display} = =========================================
Total Customer Spending: $4575.48
=========================================</msg>
<var>${total_spent_display}</var>
<arg>SEPARATOR=\n</arg>
<arg>=========================================</arg>
<arg>Total Customer Spending: $${total_spent}</arg>
<arg>=========================================</arg>
<doc>Catenates the given items together and returns the resulted string.</doc>
<status status="PASS" start="2025-09-25T11:08:54.489314" elapsed="0.000497"/>
</kw>
<kw name="Log To Console" owner="BuiltIn">
<arg>\n${total_spent_display}\n</arg>
<doc>Logs the given message to the console.</doc>
<status status="PASS" start="2025-09-25T11:08:54.490056" elapsed="0.000329"/>
</kw>
<arg>${total_spent}</arg>
<status status="PASS" start="2025-09-25T11:08:54.488754" elapsed="0.001781"/>
</kw>
<kw name="Validate Total Spending Threshold" owner="TableDataOperations">
<kw name="Run Keyword And Return Status" owner="BuiltIn">
<kw name="Should Be True" owner="BuiltIn">
<arg>${total_spent} &gt;= ${threshold}</arg>
<doc>Fails if the given condition is not true.</doc>
<status status="PASS" start="2025-09-25T11:08:54.491949" elapsed="0.000483"/>
</kw>
<msg time="2025-09-25T11:08:54.492624" level="INFO">${is_valid} = True</msg>
<var>${is_valid}</var>
<arg>Should Be True</arg>
<arg>${total_spent} &gt;= ${threshold}</arg>
<doc>Runs the given keyword with given arguments and returns the status as a Boolean value.</doc>
<status status="PASS" start="2025-09-25T11:08:54.491638" elapsed="0.001039"/>
</kw>
<kw name="Set Variable If" owner="BuiltIn">
<msg time="2025-09-25T11:08:54.493595" level="INFO">${status} = PASS</msg>
<var>${status}</var>
<arg>${is_valid}</arg>
<arg>PASS</arg>
<arg>FAIL</arg>
<doc>Sets variable based on the given condition.</doc>
<status status="PASS" start="2025-09-25T11:08:54.493200" elapsed="0.000466"/>
</kw>
<kw name="Set Variable If" owner="BuiltIn">
<msg time="2025-09-25T11:08:54.494506" level="INFO">${message} = PASS: Total spending ($4575.48) meets the minimum threshold ($3500).</msg>
<var>${message}</var>
<arg>${is_valid}</arg>
<arg>PASS: Total spending ($${total_spent}) meets the minimum threshold ($${threshold}).</arg>
<arg>FAIL: Total spending ($${total_spent}) is below the minimum threshold ($${threshold}).</arg>
<doc>Sets variable based on the given condition.</doc>
<status status="PASS" start="2025-09-25T11:08:54.494020" elapsed="0.000558"/>
</kw>
<if>
<branch type="IF" condition="not ${is_valid}">
<kw name="Fail" owner="BuiltIn">
<arg>${message}</arg>
<doc>Fails the test with the given message and optionally alters its tags.</doc>
<status status="NOT RUN" start="2025-09-25T11:08:54.495665" elapsed="0.000118"/>
</kw>
<status status="NOT RUN" start="2025-09-25T11:08:54.494811" elapsed="0.001080"/>
</branch>
<status status="PASS" start="2025-09-25T11:08:54.494758" elapsed="0.001227"/>
</if>
<return>
<value>${message}</value>
<status status="PASS" start="2025-09-25T11:08:54.496079" elapsed="0.000095"/>
</return>
<msg time="2025-09-25T11:08:54.496536" level="INFO">${spending_message} = PASS: Total spending ($4575.48) meets the minimum threshold ($3500).</msg>
<var>${spending_message}</var>
<arg>${total_spent}</arg>
<status status="PASS" start="2025-09-25T11:08:54.491038" elapsed="0.005564"/>
</kw>
<kw name="Display Total Spending Validation Message" owner="ConsoleDisplay">
<kw name="Log To Console" owner="BuiltIn">
<arg>\n${message}\n</arg>
<doc>Logs the given message to the console.</doc>
<status status="PASS" start="2025-09-25T11:08:54.497664" elapsed="0.000430"/>
</kw>
<arg>${spending_message}</arg>
<status status="PASS" start="2025-09-25T11:08:54.497049" elapsed="0.001212"/>
</kw>
<doc>Analyze user spending, validate against the threshold, and display the results.</doc>
<status status="PASS" start="2025-09-25T11:08:49.907382" elapsed="4.591144"/>
</test>
<status status="PASS" start="2025-09-25T11:07:09.051320" elapsed="105.450091"/>
</suite>
<statistics>
<total>
<stat pass="4" fail="0" skip="0">All Tests</stat>
</total>
<tag>
</tag>
<suite>
<stat name="TestSuite" id="s1" pass="4" fail="0" skip="0">TestSuite</stat>
</suite>
</statistics>
<errors>
</errors>
</robot>
