<?xml version="1.0" encoding="UTF-8"?>
<robot generator="Robot 7.3.2 (Python 3.13.5 on win32)" generated="2025-09-24T23:14:15.251612" rpa="false" schemaversion="5">
<suite id="s1" name="TestSuite" source="D:\Louis\Documents\Louis\IT - Citco\A5_QA Automation\citc-finalapp-robot\Tests\TestSuite.robot">
<kw name="Global Suite Setup" owner="Setup" type="SETUP">
<kw name="Launch Browser" owner="Setup">
<kw name="Open Browser" owner="SeleniumLibrary">
<msg time="2025-09-24T23:14:15.644606" level="INFO">Opening browser 'Chrome' to base url 'https://marmelab.com/react-admin-demo'.</msg>
<arg>${BASE_URL}</arg>
<arg>${BROWSER}</arg>
<arg>options=add_argument("--start-maximized");add_experimental_option("detach",True)</arg>
<doc>Opens a new browser instance to the optional ``url``.</doc>
<status status="PASS" start="2025-09-24T23:14:15.644349" elapsed="3.483159"/>
</kw>
<kw name="Wait Until Keyword Succeeds" owner="BuiltIn">
<kw name="Wait Until Element Is Visible" owner="SeleniumLibrary">
<arg>${element_to_wait}</arg>
<doc>Waits until the element ``locator`` is visible.</doc>
<status status="PASS" start="2025-09-24T23:14:19.128263" elapsed="0.462356"/>
</kw>
<arg>5x</arg>
<arg>.5s</arg>
<arg>Wait Until Element Is Visible</arg>
<arg>${element_to_wait}</arg>
<doc>Runs the specified keyword and retries if it fails.</doc>
<status status="PASS" start="2025-09-24T23:14:19.127859" elapsed="0.462867"/>
</kw>
<arg>${login_txt_username}</arg>
<status status="PASS" start="2025-09-24T23:14:15.643730" elapsed="3.947073"/>
</kw>
<kw name="Login User" owner="Setup">
<kw name="Input Text" owner="SeleniumLibrary">
<msg time="2025-09-24T23:14:19.591452" level="INFO">Typing text 'demo' into text field '//input[@name="username"]'.</msg>
<arg>${login_txt_username}</arg>
<arg>${username}</arg>
<doc>Types the given ``text`` into the text field identified by ``locator``.</doc>
<status status="PASS" start="2025-09-24T23:14:19.591251" elapsed="0.069905"/>
</kw>
<kw name="Input Text" owner="SeleniumLibrary">
<msg time="2025-09-24T23:14:19.661587" level="INFO">Typing text 'demo' into text field '//input[@name="password"]'.</msg>
<arg>${login_txt_password}</arg>
<arg>${password}</arg>
<doc>Types the given ``text`` into the text field identified by ``locator``.</doc>
<status status="PASS" start="2025-09-24T23:14:19.661338" elapsed="0.059519"/>
</kw>
<kw name="Click Button" owner="SeleniumLibrary">
<msg time="2025-09-24T23:14:19.721335" level="INFO">Clicking button '//button[@type="submit"]'.</msg>
<arg>${login_btn_submit}</arg>
<doc>Clicks the button identified by ``locator``.</doc>
<status status="PASS" start="2025-09-24T23:14:19.721061" elapsed="0.074194"/>
</kw>
<kw name="Wait Until Element Is Visible" owner="SeleniumLibrary">
<arg>${dashboard_hdr}</arg>
<arg>error=Dashboard header is not visible</arg>
<doc>Waits until the element ``locator`` is visible.</doc>
<status status="PASS" start="2025-09-24T23:14:19.795437" elapsed="0.118413"/>
</kw>
<status status="PASS" start="2025-09-24T23:14:19.590972" elapsed="0.322987"/>
</kw>
<kw name="Prepare Test Data" owner="Setup">
<kw name="Get Random Users" owner="DataRetrieval">
<msg time="2025-09-24T23:14:20.294686" level="INFO">[{'id': 1, 'name': 'Leanne Graham', 'username': 'Bret', 'email': 'Sincere@april.biz', 'address': {'street': 'Kulas Light', 'suite': 'Apt. 556', 'city': 'Gwenborough', 'zipcode': '92998-3874', 'geo': {'lat': '-37.3159', 'lng': '81.1496'}, 'stateAbbr': 'KAG'}, 'phone': '1-770-736-8031 x56442', 'website': 'hildegard.org', 'company': {'name': 'Romaguera-Crona', 'catchPhrase': 'Multi-layered client-server neural-net', 'bs': 'harness real-time e-markets'}, 'formatted_name': 'Leanne Graham', 'birthday': '08022002', 'password': 'P%Ifj3GF'}, {'id': 2, 'name': 'Ervin Howell', 'username': 'Antonette', 'email': 'Shanna@melissa.tv', 'address': {'street': 'Victor Plains', 'suite': 'Suite 879', 'city': 'Wisokyburgh', 'zipcode': '90566-7771', 'geo': {'lat': '-43.9509', 'lng': '-34.4618'}, 'stateAbbr': 'VSW'}, 'phone': '010-692-6593 x09125', 'website': 'anastasia.net', 'company': {'name': 'Deckow-Crist', 'catchPhrase': 'Proactive didactic contingency', 'bs': 'synergize scalable supply-chains'}, 'formatted_name': 'Ervin Howell', 'birthday': '03092001', 'password': 'sOKi!VXD'}, {'id': 3, 'name': 'Clementine Bauch', 'username': 'Samantha', 'email': 'Nathan@yesenia.net', 'address': {'street': 'Douglas Extension', 'suite': 'Suite 847', 'city': 'McKenziehaven', 'zipcode': '59590-4157', 'geo': {'lat': '-68.6102', 'lng': '-47.0653'}, 'stateAbbr': 'DSM'}, 'phone': '1-463-123-4447', 'website': 'ramiro.info', 'company': {'name': 'Romaguera-Jacobson', 'catchPhrase': 'Face to face bifurcated interface', 'bs': 'e-enable strategic applications'}, 'formatted_name': 'Clementine Bauch', 'birthday': '01031996', 'password': 'G7usr0ZQ'}, {'id': 4, 'name': 'Patricia Lebsack', 'username': 'Karianne', 'email': 'Julianne.OConner@kory.org', 'address': {'street': 'Hoeger Mall', 'suite': 'Apt. 692', 'city': 'South Elvis', 'zipcode': '53919-4257', 'geo': {'lat': '29.4572', 'lng': '-164.2990'}, 'stateAbbr': 'HAS'}, 'phone': '493-170-9623 x156', 'website': 'kale.biz', 'company': {'name': 'Robel-Corkery', 'catchPhrase': 'Multi-tiered zero tolerance productivity', 'bs': 'transition cutting-edge web services'}, 'formatted_name': 'Patricia Lebsack', 'birthday': '06011996', 'password': 'sNTQ52yB'}, {'id': 5, 'name': 'Chelsey Dietrich', 'username': 'Kamren', 'email': 'Lucio_Hettinger@annie.ca', 'address': {'street': 'Skiles Walks', 'suite': 'Suite 351', 'city': 'Roscoeview', 'zipcode': '33263', 'geo': {'lat': '-31.8129', 'lng': '62.5342'}, 'stateAbbr': 'SSR'}, 'phone': '(254)954-1289', 'website': 'demarco.info', 'company': {'name': 'Keebler LLC', 'catchPhrase': 'User-centric fault-tolerant solution', 'bs': 'revolutionize end-to-end systems'}, 'formatted_name': 'Chelsey Dietrich', 'birthday': '03071998', 'password': 'vGHy$EFP'}, {'id': 6, 'name': 'Mrs. Dennis Schulist', 'username': 'Leopoldo_Corkery', 'email': 'Karley_Dach@jasper.info', 'address': {'street': 'Norberto Crossing', 'suite': 'Apt. 950', 'city': 'South Christy', 'zipcode': '23505-1337', 'geo': {'lat': '-71.4197', 'lng': '71.7478'}, 'stateAbbr': 'NAS'}, 'phone': '1-477-935-8478 x6430', 'website': 'ola.org', 'company': {'name': 'Considine-Lockman', 'catchPhrase': 'Synchronised bottom-line interface', 'bs': 'e-enable innovative applications'}, 'formatted_name': 'Dennis Schulist', 'birthday': '04072004', 'password': '38AJ4r%S'}, {'id': 7, 'name': 'Kurtis Weissnat', 'username': 'Elwyn.Skiles', 'email': 'Telly.Hoeger@billy.biz', 'address': {'street': 'Rex Trail', 'suite': 'Suite 280', 'city': 'Howemouth', 'zipcode': '58804-1099', 'geo': {'lat': '24.8918', 'lng': '21.8984'}, 'stateAbbr': 'RSH'}, 'phone': '210.067.6132', 'website': 'elvis.io', 'company': {'name': 'Johns Group', 'catchPhrase': 'Configurable multimedia task-force', 'bs': 'generate enterprise e-tailers'}, 'formatted_name': 'Kurtis Weissnat', 'birthday': '08021999', 'password': 'LEOvPrIw'}, {'id': 8, 'name': 'Nicholas Runolfsdottir V', 'username': 'Maxime_Nienow', 'email': 'Sherwood@rosamond.me', 'address': {'street': 'Ellsworth Summit', 'suite': 'Suite 729', 'city': 'Aliyaview', 'zipcode': '45169', 'geo': {'lat': '-14.3990', 'lng': '-120.7677'}, 'stateAbbr': 'ESA'}, 'phone': '586.493.6943 x140', 'website': 'jacynthe.com', 'company': {'name': 'Abernathy Group', 'catchPhrase': 'Implemented secondary concept', 'bs': 'e-enable extensible e-tailers'}, 'formatted_name': 'Nicholas Runolfsdottir', 'birthday': '08052001', 'password': '#y7S!GHO'}, {'id': 9, 'name': 'Glenna Reichert', 'username': 'Delphine', 'email': 'Chaim_McDermott@dana.io', 'address': {'street': 'Dayna Park', 'suite': 'Suite 449', 'city': 'Bartholomebury', 'zipcode': '76495-3109', 'geo': {'lat': '24.6463', 'lng': '-168.8889'}, 'stateAbbr': 'DSB'}, 'phone': '(775)976-6794 x41206', 'website': 'conrad.com', 'company': {'name': 'Yost and Sons', 'catchPhrase': 'Switchable contextually-based project', 'bs': 'aggregate real-time technologies'}, 'formatted_name': 'Glenna Reichert', 'birthday': '06082003', 'password': 'utarNWm3'}, {'id': 10, 'name': 'Clementina DuBuque', 'username': 'Moriah.Stanton', 'email': 'Rey.Padberg@karina.biz', 'address': {'street': 'Kattie Turnpike', 'suite': 'Suite 198', 'city': 'Lebsackbury', 'zipcode': '31428-2261', 'geo': {'lat': '-38.2386', 'lng': '57.2232'}, 'stateAbbr': 'KSL'}, 'phone': '024-648-3804', 'website': 'ambrose.net', 'company': {'name': 'Hoeger LLC', 'catchPhrase': 'Centralized empowering task-force', 'bs': 'target end-to-end models'}, 'formatted_name': 'Clementina DuBuque', 'birthday': '08092004', 'password': 'ZeW1O$!p'}]</msg>
<msg time="2025-09-24T23:14:20.294939" level="INFO">C:\Users\Victus\AppData\Local\Programs\Python\Python313\Lib\site-packages\urllib3\connectionpool.py:1097: InsecureRequestWarning: Unverified HTTPS request is being made to host 'jsonplaceholder.typicode.com'. Adding certificate verification is strongly advised. See: https://urllib3.readthedocs.io/en/latest/advanced-usage.html#tls-warnings
  warnings.warn(</msg>
<msg time="2025-09-24T23:14:20.295342" level="INFO">${USERS} = [{'id': 1, 'name': 'Leanne Graham', 'username': 'Bret', 'email': 'Sincere@april.biz', 'address': {'street': 'Kulas Light', 'suite': 'Apt. 556', 'city': 'Gwenborough', 'zipcode': '92998-3874', 'geo': {...</msg>
<var>${USERS}</var>
<status status="PASS" start="2025-09-24T23:14:19.914306" elapsed="0.381071"/>
</kw>
<kw name="Set Suite Variable" owner="BuiltIn">
<msg time="2025-09-24T23:14:20.295834" level="INFO">${USERS} = [{'id': 1, 'name': 'Leanne Graham', 'username': 'Bret', 'email': 'Sincere@april.biz', 'address': {'street': 'Kulas Light', 'suite': 'Apt. 556', 'city': 'Gwenborough', 'zipcode': '92998-3874', 'geo': {...</msg>
<arg>${USERS}</arg>
<doc>Makes a variable available everywhere within the scope of the current suite.</doc>
<status status="PASS" start="2025-09-24T23:14:20.295542" elapsed="0.000335"/>
</kw>
<status status="PASS" start="2025-09-24T23:14:19.914125" elapsed="0.381977"/>
</kw>
<status status="PASS" start="2025-09-24T23:14:15.643458" elapsed="4.652750"/>
</kw>
<test id="s1-t1" name="TASK-001_2 | Add Five Customers" line="14">
<kw name="Add Customers Five Times">
<kw name="Go To Customers Page" owner="App">
<kw name="Click Element" owner="SeleniumLibrary">
<msg time="2025-09-24T23:14:20.297796" level="INFO">Clicking element '(//p[text()="Customers"])[2]'.</msg>
<arg>${nav_btn_customers}</arg>
<doc>Click the element identified by ``locator``.</doc>
<status status="PASS" start="2025-09-24T23:14:20.297613" elapsed="0.289722"/>
</kw>
<kw name="Wait Until Element Is Visible" owner="SeleniumLibrary">
<arg>${table_row}</arg>
<doc>Waits until the element ``locator`` is visible.</doc>
<status status="PASS" start="2025-09-24T23:14:20.587631" elapsed="0.616504"/>
</kw>
<status status="PASS" start="2025-09-24T23:14:20.297414" elapsed="0.906823"/>
</kw>
<for flavor="IN ENUMERATE">
<iter>
<kw name="Add New Customer Details" owner="CustomerAdd">
<kw name="Click Element" owner="SeleniumLibrary">
<msg time="2025-09-24T23:14:21.205165" level="INFO">Clicking element '//a[@aria-label="Create"]'.</msg>
<arg>${customers_btn_create}</arg>
<doc>Click the element identified by ``locator``.</doc>
<status status="PASS" start="2025-09-24T23:14:21.204988" elapsed="0.058463"/>
</kw>
<kw name="Wait Until Element Is Visible" owner="SeleniumLibrary">
<arg>${customers_txt_firstname}</arg>
<doc>Waits until the element ``locator`` is visible.</doc>
<status status="PASS" start="2025-09-24T23:14:21.263630" elapsed="0.069728"/>
</kw>
<kw name="Input Text" owner="SeleniumLibrary">
<msg time="2025-09-24T23:14:21.334207" level="INFO">Typing text 'Leanne' into text field '//input[@name="first_name"]'.</msg>
<arg>${customers_txt_firstname}</arg>
<arg>${user["formatted_name"].split(" ")[0]}</arg>
<doc>Types the given ``text`` into the text field identified by ``locator``.</doc>
<status status="PASS" start="2025-09-24T23:14:21.333551" elapsed="0.131832"/>
</kw>
<kw name="Input Text" owner="SeleniumLibrary">
<msg time="2025-09-24T23:14:21.466921" level="INFO">Typing text 'Graham' into text field '//input[@name="last_name"]'.</msg>
<arg>${customers_txt_lastname}</arg>
<arg>${user["formatted_name"].split(" ")[1]}</arg>
<doc>Types the given ``text`` into the text field identified by ``locator``.</doc>
<status status="PASS" start="2025-09-24T23:14:21.465637" elapsed="0.077781"/>
</kw>
<kw name="Input Text" owner="SeleniumLibrary">
<msg time="2025-09-24T23:14:21.544216" level="INFO">Typing text 'Sincere@april.biz' into text field '//input[@name="email"]'.</msg>
<arg>${customers_txt_email}</arg>
<arg>${user["email"]}</arg>
<doc>Types the given ``text`` into the text field identified by ``locator``.</doc>
<status status="PASS" start="2025-09-24T23:14:21.543608" elapsed="0.095944"/>
</kw>
<kw name="Input Text" owner="SeleniumLibrary">
<msg time="2025-09-24T23:14:21.640746" level="INFO">Typing text '08022002' into text field '//input[@name="birthday"]'.</msg>
<arg>${customers_txt_birthday}</arg>
<arg>${user["birthday"]}</arg>
<doc>Types the given ``text`` into the text field identified by ``locator``.</doc>
<status status="PASS" start="2025-09-24T23:14:21.639835" elapsed="0.107569"/>
</kw>
<kw name="Input Text" owner="SeleniumLibrary">
<msg time="2025-09-24T23:14:21.748725" level="INFO">Typing text 'Kulas Light Apt. 556' into text field '//textarea[@name="address"]'.</msg>
<arg>${customers_txt_address}</arg>
<arg>${user["address"]["street"]} ${user["address"]["suite"]}</arg>
<doc>Types the given ``text`` into the text field identified by ``locator``.</doc>
<status status="PASS" start="2025-09-24T23:14:21.747635" elapsed="0.084851"/>
</kw>
<kw name="Input Text" owner="SeleniumLibrary">
<msg time="2025-09-24T23:14:21.833241" level="INFO">Typing text 'Gwenborough' into text field '//input[@name="city"]'.</msg>
<arg>${customers_txt_city}</arg>
<arg>${user["address"]["city"]}</arg>
<doc>Types the given ``text`` into the text field identified by ``locator``.</doc>
<status status="PASS" start="2025-09-24T23:14:21.832668" elapsed="0.074394"/>
</kw>
<kw name="Input Text" owner="SeleniumLibrary">
<msg time="2025-09-24T23:14:21.907795" level="INFO">Typing text 'KAG' into text field '//input[@name="stateAbbr"]'.</msg>
<arg>${customers_txt_stateAbbr}</arg>
<arg>${user["address"]["stateAbbr"]}</arg>
<doc>Types the given ``text`` into the text field identified by ``locator``.</doc>
<status status="PASS" start="2025-09-24T23:14:21.907240" elapsed="0.065635"/>
</kw>
<kw name="Input Text" owner="SeleniumLibrary">
<msg time="2025-09-24T23:14:21.973663" level="INFO">Typing text '92998-3874' into text field '//input[@name="zipcode"]'.</msg>
<arg>${customers_txt_zipcode}</arg>
<arg>${user["address"]["zipcode"]}</arg>
<doc>Types the given ``text`` into the text field identified by ``locator``.</doc>
<status status="PASS" start="2025-09-24T23:14:21.973071" elapsed="0.076217"/>
</kw>
<kw name="Input Text" owner="SeleniumLibrary">
<msg time="2025-09-24T23:14:22.050113" level="INFO">Typing text 'P%Ifj3GF' into text field '//input[@name="password"]'.</msg>
<arg>${customers_txt_password}</arg>
<arg>${user["password"]}</arg>
<doc>Types the given ``text`` into the text field identified by ``locator``.</doc>
<status status="PASS" start="2025-09-24T23:14:22.049468" elapsed="0.069335"/>
</kw>
<kw name="Input Text" owner="SeleniumLibrary">
<msg time="2025-09-24T23:14:22.119578" level="INFO">Typing text 'P%Ifj3GF' into text field '//input[@name="confirm_password"]'.</msg>
<arg>${customers_txt_confirm_password}</arg>
<arg>${user["password"]}</arg>
<doc>Types the given ``text`` into the text field identified by ``locator``.</doc>
<status status="PASS" start="2025-09-24T23:14:22.118987" elapsed="0.067523"/>
</kw>
<arg>${user}</arg>
<status status="PASS" start="2025-09-24T23:14:21.204720" elapsed="0.981896"/>
</kw>
<kw name="Verify Customer Name" owner="InputVerification">
<kw name="Get Element Attribute" owner="SeleniumLibrary">
<msg time="2025-09-24T23:14:22.198249" level="INFO">${input_first_name} = Leanne</msg>
<var>${input_first_name}</var>
<arg>${customers_txt_firstname}</arg>
<arg>value</arg>
<doc>Returns the value of ``attribute`` from the element ``locator``.</doc>
<status status="PASS" start="2025-09-24T23:14:22.187351" elapsed="0.010941"/>
</kw>
<kw name="Get Element Attribute" owner="SeleniumLibrary">
<msg time="2025-09-24T23:14:22.208375" level="INFO">${input_last_name} = Graham</msg>
<var>${input_last_name}</var>
<arg>${customers_txt_lastname}</arg>
<arg>value</arg>
<doc>Returns the value of ``attribute`` from the element ``locator``.</doc>
<status status="PASS" start="2025-09-24T23:14:22.198450" elapsed="0.009965"/>
</kw>
<kw name="Set Variable" owner="BuiltIn">
<msg time="2025-09-24T23:14:22.208872" level="INFO">${input_name} = Leanne Graham</msg>
<var>${input_name}</var>
<arg>${input_first_name} ${input_last_name}</arg>
<doc>Returns the given values which can then be assigned to a variables.</doc>
<status status="PASS" start="2025-09-24T23:14:22.208669" elapsed="0.000229"/>
</kw>
<kw name="Should Be Equal As Strings" owner="BuiltIn">
<arg>${input_name}</arg>
<arg>${user["formatted_name"]}</arg>
<doc>Fails if objects are unequal after converting them to strings.</doc>
<status status="PASS" start="2025-09-24T23:14:22.208999" elapsed="0.000529"/>
</kw>
<arg>${user}</arg>
<status status="PASS" start="2025-09-24T23:14:22.186881" elapsed="0.022720"/>
</kw>
<kw name="Verify Customer Email" owner="InputVerification">
<kw name="Get Element Attribute" owner="SeleniumLibrary">
<msg time="2025-09-24T23:14:22.221987" level="INFO">${input_email} = Sincere@april.biz</msg>
<var>${input_email}</var>
<arg>${customers_txt_email}</arg>
<arg>value</arg>
<doc>Returns the value of ``attribute`` from the element ``locator``.</doc>
<status status="PASS" start="2025-09-24T23:14:22.210189" elapsed="0.011844"/>
</kw>
<kw name="Should Be Equal As Strings" owner="BuiltIn">
<arg>${input_email}</arg>
<arg>${user["email"]}</arg>
<doc>Fails if objects are unequal after converting them to strings.</doc>
<status status="PASS" start="2025-09-24T23:14:22.222204" elapsed="0.000640"/>
</kw>
<arg>${user}</arg>
<status status="PASS" start="2025-09-24T23:14:22.209737" elapsed="0.013197"/>
</kw>
<kw name="Verify Customer Details" owner="InputVerification">
<kw name="Get Element Attribute" owner="SeleniumLibrary">
<msg time="2025-09-24T23:14:22.237381" level="INFO">${input_birthday} = 2002-02-08</msg>
<var>${input_birthday}</var>
<arg>${customers_txt_birthday}</arg>
<arg>value</arg>
<doc>Returns the value of ``attribute`` from the element ``locator``.</doc>
<status status="PASS" start="2025-09-24T23:14:22.223487" elapsed="0.013947"/>
</kw>
<kw name="Set Variable" owner="BuiltIn">
<msg time="2025-09-24T23:14:22.237863" level="INFO">${input_birthday_month} = """2002-02-08"""[8:10]</msg>
<var>${input_birthday_month}</var>
<arg>"""${input_birthday}"""[8:10]</arg>
<doc>Returns the given values which can then be assigned to a variables.</doc>
<status status="PASS" start="2025-09-24T23:14:22.237639" elapsed="0.000255"/>
</kw>
<kw name="Set Variable" owner="BuiltIn">
<msg time="2025-09-24T23:14:22.238214" level="INFO">${input_birthday_day} = """2002-02-08"""[5:7]</msg>
<var>${input_birthday_day}</var>
<arg>"""${input_birthday}"""[5:7]</arg>
<doc>Returns the given values which can then be assigned to a variables.</doc>
<status status="PASS" start="2025-09-24T23:14:22.238034" elapsed="0.000210"/>
</kw>
<kw name="Set Variable" owner="BuiltIn">
<msg time="2025-09-24T23:14:22.238528" level="INFO">${input_birthday_year} = """2002-02-08"""[0:4]</msg>
<var>${input_birthday_year}</var>
<arg>"""${input_birthday}"""[0:4]</arg>
<doc>Returns the given values which can then be assigned to a variables.</doc>
<status status="PASS" start="2025-09-24T23:14:22.238363" elapsed="0.000193"/>
</kw>
<kw name="Evaluate" owner="BuiltIn">
<msg time="2025-09-24T23:14:22.239006" level="INFO">${input_birthday} = 08022002</msg>
<var>${input_birthday}</var>
<arg>f"{${input_birthday_month}}{${input_birthday_day}}{${input_birthday_year}}"</arg>
<doc>Evaluates the given expression in Python and returns the result.</doc>
<status status="PASS" start="2025-09-24T23:14:22.238669" elapsed="0.000371"/>
</kw>
<kw name="Get Element Attribute" owner="SeleniumLibrary">
<msg time="2025-09-24T23:14:22.254301" level="INFO">${input_address} = Kulas Light Apt. 556</msg>
<var>${input_address}</var>
<arg>${customers_txt_address}</arg>
<arg>value</arg>
<doc>Returns the value of ``attribute`` from the element ``locator``.</doc>
<status status="PASS" start="2025-09-24T23:14:22.239179" elapsed="0.015181"/>
</kw>
<kw name="Get Element Attribute" owner="SeleniumLibrary">
<msg time="2025-09-24T23:14:22.268433" level="INFO">${input_city} = Gwenborough</msg>
<var>${input_city}</var>
<arg>${customers_txt_city}</arg>
<arg>value</arg>
<doc>Returns the value of ``attribute`` from the element ``locator``.</doc>
<status status="PASS" start="2025-09-24T23:14:22.254573" elapsed="0.013903"/>
</kw>
<kw name="Get Element Attribute" owner="SeleniumLibrary">
<msg time="2025-09-24T23:14:22.279527" level="INFO">${input_stateAbbr} = KAG</msg>
<var>${input_stateAbbr}</var>
<arg>${customers_txt_stateAbbr}</arg>
<arg>value</arg>
<doc>Returns the value of ``attribute`` from the element ``locator``.</doc>
<status status="PASS" start="2025-09-24T23:14:22.268637" elapsed="0.010935"/>
</kw>
<kw name="Get Element Attribute" owner="SeleniumLibrary">
<msg time="2025-09-24T23:14:22.290754" level="INFO">${input_zipcode} = 92998-3874</msg>
<var>${input_zipcode}</var>
<arg>${customers_txt_zipcode}</arg>
<arg>value</arg>
<doc>Returns the value of ``attribute`` from the element ``locator``.</doc>
<status status="PASS" start="2025-09-24T23:14:22.279736" elapsed="0.011134"/>
</kw>
<kw name="Get Element Attribute" owner="SeleniumLibrary">
<msg time="2025-09-24T23:14:22.303870" level="INFO">${input_password} = P%Ifj3GF</msg>
<var>${input_password}</var>
<arg>${customers_txt_password}</arg>
<arg>value</arg>
<doc>Returns the value of ``attribute`` from the element ``locator``.</doc>
<status status="PASS" start="2025-09-24T23:14:22.291267" elapsed="0.012655"/>
</kw>
<kw name="Get Element Attribute" owner="SeleniumLibrary">
<msg time="2025-09-24T23:14:22.318346" level="INFO">${input_confirm_password} = P%Ifj3GF</msg>
<var>${input_confirm_password}</var>
<arg>${customers_txt_confirm_password}</arg>
<arg>value</arg>
<doc>Returns the value of ``attribute`` from the element ``locator``.</doc>
<status status="PASS" start="2025-09-24T23:14:22.304108" elapsed="0.014291"/>
</kw>
<kw name="Should Be Equal As Strings" owner="BuiltIn">
<arg>${input_birthday}</arg>
<arg>${user["birthday"]}</arg>
<doc>Fails if objects are unequal after converting them to strings.</doc>
<status status="PASS" start="2025-09-24T23:14:22.318585" elapsed="0.000914"/>
</kw>
<kw name="Should Be Equal As Strings" owner="BuiltIn">
<arg>${input_address}</arg>
<arg>${user["address"]["street"]} ${user["address"]["suite"]}</arg>
<doc>Fails if objects are unequal after converting them to strings.</doc>
<status status="PASS" start="2025-09-24T23:14:22.319722" elapsed="0.001705"/>
</kw>
<kw name="Should Be Equal As Strings" owner="BuiltIn">
<arg>${input_city}</arg>
<arg>${user["address"]["city"]}</arg>
<doc>Fails if objects are unequal after converting them to strings.</doc>
<status status="PASS" start="2025-09-24T23:14:22.321672" elapsed="0.000759"/>
</kw>
<kw name="Should Be Equal As Strings" owner="BuiltIn">
<arg>${input_stateAbbr}</arg>
<arg>${user["address"]["stateAbbr"]}</arg>
<doc>Fails if objects are unequal after converting them to strings.</doc>
<status status="PASS" start="2025-09-24T23:14:22.322607" elapsed="0.000731"/>
</kw>
<kw name="Should Be Equal As Strings" owner="BuiltIn">
<arg>${input_zipcode}</arg>
<arg>${user["address"]["zipcode"]}</arg>
<doc>Fails if objects are unequal after converting them to strings.</doc>
<status status="PASS" start="2025-09-24T23:14:22.323518" elapsed="0.000869"/>
</kw>
<kw name="Should Be Equal As Strings" owner="BuiltIn">
<arg>${input_password}</arg>
<arg>${user["password"]}</arg>
<doc>Fails if objects are unequal after converting them to strings.</doc>
<status status="PASS" start="2025-09-24T23:14:22.324645" elapsed="0.000956"/>
</kw>
<kw name="Should Be Equal As Strings" owner="BuiltIn">
<arg>${input_confirm_password}</arg>
<arg>${user["password"]}</arg>
<doc>Fails if objects are unequal after converting them to strings.</doc>
<status status="PASS" start="2025-09-24T23:14:22.325860" elapsed="0.001493"/>
</kw>
<arg>${user}</arg>
<status status="PASS" start="2025-09-24T23:14:22.223164" elapsed="0.104402"/>
</kw>
<kw name="Save New Customer" owner="CustomerAdd">
<kw name="Click Button" owner="SeleniumLibrary">
<msg time="2025-09-24T23:14:22.329002" level="INFO">Clicking button '//button[@aria-label="Save"]'.</msg>
<arg>${customers_btn_save}</arg>
<doc>Clicks the button identified by ``locator``.</doc>
<status status="PASS" start="2025-09-24T23:14:22.328613" elapsed="0.119341"/>
</kw>
<kw name="Wait Until Page Contains" owner="SeleniumLibrary">
<arg>Customer created</arg>
<doc>Waits until ``text`` appears on the current page.</doc>
<status status="PASS" start="2025-09-24T23:14:22.448249" elapsed="0.450036"/>
</kw>
<status status="PASS" start="2025-09-24T23:14:22.327937" elapsed="0.570450"/>
</kw>
<kw name="Verify Customer Is Added With Correct Details" owner="CustomerAdd">
<kw name="Go To Customers Page" owner="App">
<kw name="Click Element" owner="SeleniumLibrary">
<msg time="2025-09-24T23:14:22.899288" level="INFO">Clicking element '(//p[text()="Customers"])[2]'.</msg>
<arg>${nav_btn_customers}</arg>
<doc>Click the element identified by ``locator``.</doc>
<status status="PASS" start="2025-09-24T23:14:22.899121" elapsed="0.061746"/>
</kw>
<kw name="Wait Until Element Is Visible" owner="SeleniumLibrary">
<arg>${table_row}</arg>
<doc>Waits until the element ``locator`` is visible.</doc>
<status status="PASS" start="2025-09-24T23:14:22.961052" elapsed="0.256478"/>
</kw>
<status status="PASS" start="2025-09-24T23:14:22.898931" elapsed="0.318769"/>
</kw>
<kw name="Refresh Current Page" owner="App">
<kw name="Click Button" owner="SeleniumLibrary">
<msg time="2025-09-24T23:14:23.218677" level="INFO">Clicking button '//button[@aria-label="Refresh"]'.</msg>
<arg>${btn_refresh}</arg>
<doc>Clicks the button identified by ``locator``.</doc>
<status status="PASS" start="2025-09-24T23:14:23.218399" elapsed="0.257400"/>
</kw>
<kw name="Wait Until Element Is Visible" owner="SeleniumLibrary">
<arg>${loading_icon}</arg>
<doc>Waits until the element ``locator`` is visible.</doc>
<status status="PASS" start="2025-09-24T23:14:23.476068" elapsed="0.026112"/>
</kw>
<kw name="Wait Until Element Is Not Visible" owner="SeleniumLibrary">
<arg>${loading_icon}</arg>
<doc>Waits until the element ``locator`` is not visible.</doc>
<status status="PASS" start="2025-09-24T23:14:23.502596" elapsed="0.459888"/>
</kw>
<status status="PASS" start="2025-09-24T23:14:23.217993" elapsed="0.744670"/>
</kw>
<kw name="Get Text" owner="SeleniumLibrary">
<msg time="2025-09-24T23:14:23.998180" level="INFO">${fetched_name} = L
Leanne Graham</msg>
<var>${fetched_name}</var>
<arg>((${table_row })[1]//td)[2]</arg>
<doc>Returns the text value of the element identified by ``locator``.</doc>
<status status="PASS" start="2025-09-24T23:14:23.962867" elapsed="0.035364"/>
</kw>
<if>
<branch type="IF" condition="&quot;\\n&quot; in &quot;&quot;&quot;${fetched_name}&quot;&quot;&quot;">
<kw name="Evaluate" owner="BuiltIn">
<msg time="2025-09-24T23:14:23.999014" level="INFO">${fetched_name} = Leanne Graham</msg>
<var>${fetched_name}</var>
<arg>"""${fetched_name}""".replace("\\n", "")[1:]</arg>
<doc>Evaluates the given expression in Python and returns the result.</doc>
<status status="PASS" start="2025-09-24T23:14:23.998718" elapsed="0.000333"/>
</kw>
<status status="PASS" start="2025-09-24T23:14:23.998386" elapsed="0.000726"/>
</branch>
<status status="PASS" start="2025-09-24T23:14:23.998339" elapsed="0.000833"/>
</if>
<kw name="Should Be Equal As Strings" owner="BuiltIn">
<arg>${user["formatted_name"]}</arg>
<arg>${fetched_name}</arg>
<doc>Fails if objects are unequal after converting them to strings.</doc>
<status status="PASS" start="2025-09-24T23:14:23.999289" elapsed="0.000784"/>
</kw>
<arg>${user}</arg>
<status status="PASS" start="2025-09-24T23:14:22.898636" elapsed="1.101535"/>
</kw>
<var name="${index}">0</var>
<var name="${user}">{'id': 1, 'name': 'Leanne Graham', 'username': 'Bret', 'email': 'Sincere@april.biz', 'address': {'street': 'Kulas Light', 'suite': 'Apt. 556', 'city': 'Gwenborough', 'zipcode': '92998-3874', 'geo': {'...</var>
<status status="PASS" start="2025-09-24T23:14:21.204554" elapsed="2.795666"/>
</iter>
<iter>
<kw name="Add New Customer Details" owner="CustomerAdd">
<kw name="Click Element" owner="SeleniumLibrary">
<msg time="2025-09-24T23:14:24.001338" level="INFO">Clicking element '//a[@aria-label="Create"]'.</msg>
<arg>${customers_btn_create}</arg>
<doc>Click the element identified by ``locator``.</doc>
<status status="PASS" start="2025-09-24T23:14:24.001057" elapsed="0.084548"/>
</kw>
<kw name="Wait Until Element Is Visible" owner="SeleniumLibrary">
<arg>${customers_txt_firstname}</arg>
<doc>Waits until the element ``locator`` is visible.</doc>
<status status="PASS" start="2025-09-24T23:14:24.086000" elapsed="0.059427"/>
</kw>
<kw name="Input Text" owner="SeleniumLibrary">
<msg time="2025-09-24T23:14:24.146177" level="INFO">Typing text 'Ervin' into text field '//input[@name="first_name"]'.</msg>
<arg>${customers_txt_firstname}</arg>
<arg>${user["formatted_name"].split(" ")[0]}</arg>
<doc>Types the given ``text`` into the text field identified by ``locator``.</doc>
<status status="PASS" start="2025-09-24T23:14:24.145599" elapsed="0.067788"/>
</kw>
<kw name="Input Text" owner="SeleniumLibrary">
<msg time="2025-09-24T23:14:24.214169" level="INFO">Typing text 'Howell' into text field '//input[@name="last_name"]'.</msg>
<arg>${customers_txt_lastname}</arg>
<arg>${user["formatted_name"].split(" ")[1]}</arg>
<doc>Types the given ``text`` into the text field identified by ``locator``.</doc>
<status status="PASS" start="2025-09-24T23:14:24.213576" elapsed="0.068677"/>
</kw>
<kw name="Input Text" owner="SeleniumLibrary">
<msg time="2025-09-24T23:14:24.283262" level="INFO">Typing text 'Shanna@melissa.tv' into text field '//input[@name="email"]'.</msg>
<arg>${customers_txt_email}</arg>
<arg>${user["email"]}</arg>
<doc>Types the given ``text`` into the text field identified by ``locator``.</doc>
<status status="PASS" start="2025-09-24T23:14:24.282473" elapsed="0.084235"/>
</kw>
<kw name="Input Text" owner="SeleniumLibrary">
<msg time="2025-09-24T23:14:24.367484" level="INFO">Typing text '03092001' into text field '//input[@name="birthday"]'.</msg>
<arg>${customers_txt_birthday}</arg>
<arg>${user["birthday"]}</arg>
<doc>Types the given ``text`` into the text field identified by ``locator``.</doc>
<status status="PASS" start="2025-09-24T23:14:24.366883" elapsed="0.105158"/>
</kw>
<kw name="Input Text" owner="SeleniumLibrary">
<msg time="2025-09-24T23:14:24.473092" level="INFO">Typing text 'Victor Plains Suite 879' into text field '//textarea[@name="address"]'.</msg>
<arg>${customers_txt_address}</arg>
<arg>${user["address"]["street"]} ${user["address"]["suite"]}</arg>
<doc>Types the given ``text`` into the text field identified by ``locator``.</doc>
<status status="PASS" start="2025-09-24T23:14:24.472236" elapsed="0.099663"/>
</kw>
<kw name="Input Text" owner="SeleniumLibrary">
<msg time="2025-09-24T23:14:24.573065" level="INFO">Typing text 'Wisokyburgh' into text field '//input[@name="city"]'.</msg>
<arg>${customers_txt_city}</arg>
<arg>${user["address"]["city"]}</arg>
<doc>Types the given ``text`` into the text field identified by ``locator``.</doc>
<status status="PASS" start="2025-09-24T23:14:24.572177" elapsed="0.080117"/>
</kw>
<kw name="Input Text" owner="SeleniumLibrary">
<msg time="2025-09-24T23:14:24.653024" level="INFO">Typing text 'VSW' into text field '//input[@name="stateAbbr"]'.</msg>
<arg>${customers_txt_stateAbbr}</arg>
<arg>${user["address"]["stateAbbr"]}</arg>
<doc>Types the given ``text`` into the text field identified by ``locator``.</doc>
<status status="PASS" start="2025-09-24T23:14:24.652467" elapsed="0.068394"/>
</kw>
<kw name="Input Text" owner="SeleniumLibrary">
<msg time="2025-09-24T23:14:24.721912" level="INFO">Typing text '90566-7771' into text field '//input[@name="zipcode"]'.</msg>
<arg>${customers_txt_zipcode}</arg>
<arg>${user["address"]["zipcode"]}</arg>
<doc>Types the given ``text`` into the text field identified by ``locator``.</doc>
<status status="PASS" start="2025-09-24T23:14:24.721202" elapsed="0.074147"/>
</kw>
<kw name="Input Text" owner="SeleniumLibrary">
<msg time="2025-09-24T23:14:24.796237" level="INFO">Typing text 'sOKi!VXD' into text field '//input[@name="password"]'.</msg>
<arg>${customers_txt_password}</arg>
<arg>${user["password"]}</arg>
<doc>Types the given ``text`` into the text field identified by ``locator``.</doc>
<status status="PASS" start="2025-09-24T23:14:24.795632" elapsed="0.108750"/>
</kw>
<kw name="Input Text" owner="SeleniumLibrary">
<msg time="2025-09-24T23:14:24.905181" level="INFO">Typing text 'sOKi!VXD' into text field '//input[@name="confirm_password"]'.</msg>
<arg>${customers_txt_confirm_password}</arg>
<arg>${user["password"]}</arg>
<doc>Types the given ``text`` into the text field identified by ``locator``.</doc>
<status status="PASS" start="2025-09-24T23:14:24.904565" elapsed="0.071389"/>
</kw>
<arg>${user}</arg>
<status status="PASS" start="2025-09-24T23:14:24.000657" elapsed="0.975404"/>
</kw>
<kw name="Verify Customer Name" owner="InputVerification">
<kw name="Get Element Attribute" owner="SeleniumLibrary">
<msg time="2025-09-24T23:14:25.010728" level="INFO">${input_first_name} = Ervin</msg>
<var>${input_first_name}</var>
<arg>${customers_txt_firstname}</arg>
<arg>value</arg>
<doc>Returns the value of ``attribute`` from the element ``locator``.</doc>
<status status="PASS" start="2025-09-24T23:14:24.976557" elapsed="0.034237"/>
</kw>
<kw name="Get Element Attribute" owner="SeleniumLibrary">
<msg time="2025-09-24T23:14:25.042267" level="INFO">${input_last_name} = Howell</msg>
<var>${input_last_name}</var>
<arg>${customers_txt_lastname}</arg>
<arg>value</arg>
<doc>Returns the value of ``attribute`` from the element ``locator``.</doc>
<status status="PASS" start="2025-09-24T23:14:25.011266" elapsed="0.031164"/>
</kw>
<kw name="Set Variable" owner="BuiltIn">
<msg time="2025-09-24T23:14:25.043989" level="INFO">${input_name} = Ervin Howell</msg>
<var>${input_name}</var>
<arg>${input_first_name} ${input_last_name}</arg>
<doc>Returns the given values which can then be assigned to a variables.</doc>
<status status="PASS" start="2025-09-24T23:14:25.043096" elapsed="0.001077"/>
</kw>
<kw name="Should Be Equal As Strings" owner="BuiltIn">
<arg>${input_name}</arg>
<arg>${user["formatted_name"]}</arg>
<doc>Fails if objects are unequal after converting them to strings.</doc>
<status status="PASS" start="2025-09-24T23:14:25.044681" elapsed="0.002530"/>
</kw>
<arg>${user}</arg>
<status status="PASS" start="2025-09-24T23:14:24.976275" elapsed="0.071542"/>
</kw>
<kw name="Verify Customer Email" owner="InputVerification">
<kw name="Get Element Attribute" owner="SeleniumLibrary">
<msg time="2025-09-24T23:14:25.097507" level="INFO">${input_email} = Shanna@melissa.tv</msg>
<var>${input_email}</var>
<arg>${customers_txt_email}</arg>
<arg>value</arg>
<doc>Returns the value of ``attribute`` from the element ``locator``.</doc>
<status status="PASS" start="2025-09-24T23:14:25.050070" elapsed="0.047540"/>
</kw>
<kw name="Should Be Equal As Strings" owner="BuiltIn">
<arg>${input_email}</arg>
<arg>${user["email"]}</arg>
<doc>Fails if objects are unequal after converting them to strings.</doc>
<status status="PASS" start="2025-09-24T23:14:25.097952" elapsed="0.001886"/>
</kw>
<arg>${user}</arg>
<status status="PASS" start="2025-09-24T23:14:25.048736" elapsed="0.051389"/>
</kw>
<kw name="Verify Customer Details" owner="InputVerification">
<kw name="Get Element Attribute" owner="SeleniumLibrary">
<msg time="2025-09-24T23:14:25.149983" level="INFO">${input_birthday} = 2001-09-03</msg>
<var>${input_birthday}</var>
<arg>${customers_txt_birthday}</arg>
<arg>value</arg>
<doc>Returns the value of ``attribute`` from the element ``locator``.</doc>
<status status="PASS" start="2025-09-24T23:14:25.102693" elapsed="0.048217"/>
</kw>
<kw name="Set Variable" owner="BuiltIn">
<msg time="2025-09-24T23:14:25.153905" level="INFO">${input_birthday_month} = """2001-09-03"""[8:10]</msg>
<var>${input_birthday_month}</var>
<arg>"""${input_birthday}"""[8:10]</arg>
<doc>Returns the given values which can then be assigned to a variables.</doc>
<status status="PASS" start="2025-09-24T23:14:25.153070" elapsed="0.000931"/>
</kw>
<kw name="Set Variable" owner="BuiltIn">
<msg time="2025-09-24T23:14:25.155017" level="INFO">${input_birthday_day} = """2001-09-03"""[5:7]</msg>
<var>${input_birthday_day}</var>
<arg>"""${input_birthday}"""[5:7]</arg>
<doc>Returns the given values which can then be assigned to a variables.</doc>
<status status="PASS" start="2025-09-24T23:14:25.154537" elapsed="0.000562"/>
</kw>
<kw name="Set Variable" owner="BuiltIn">
<msg time="2025-09-24T23:14:25.156121" level="INFO">${input_birthday_year} = """2001-09-03"""[0:4]</msg>
<var>${input_birthday_year}</var>
<arg>"""${input_birthday}"""[0:4]</arg>
<doc>Returns the given values which can then be assigned to a variables.</doc>
<status status="PASS" start="2025-09-24T23:14:25.155554" elapsed="0.000640"/>
</kw>
<kw name="Evaluate" owner="BuiltIn">
<msg time="2025-09-24T23:14:25.157317" level="INFO">${input_birthday} = 03092001</msg>
<var>${input_birthday}</var>
<arg>f"{${input_birthday_month}}{${input_birthday_day}}{${input_birthday_year}}"</arg>
<doc>Evaluates the given expression in Python and returns the result.</doc>
<status status="PASS" start="2025-09-24T23:14:25.156483" elapsed="0.001023"/>
</kw>
<kw name="Get Element Attribute" owner="SeleniumLibrary">
<msg time="2025-09-24T23:14:25.199819" level="INFO">${input_address} = Victor Plains Suite 879</msg>
<var>${input_address}</var>
<arg>${customers_txt_address}</arg>
<arg>value</arg>
<doc>Returns the value of ``attribute`` from the element ``locator``.</doc>
<status status="PASS" start="2025-09-24T23:14:25.157819" elapsed="0.042123"/>
</kw>
<kw name="Get Element Attribute" owner="SeleniumLibrary">
<msg time="2025-09-24T23:14:25.230381" level="INFO">${input_city} = Wisokyburgh</msg>
<var>${input_city}</var>
<arg>${customers_txt_city}</arg>
<arg>value</arg>
<doc>Returns the value of ``attribute`` from the element ``locator``.</doc>
<status status="PASS" start="2025-09-24T23:14:25.200386" elapsed="0.030088"/>
</kw>
<kw name="Get Element Attribute" owner="SeleniumLibrary">
<msg time="2025-09-24T23:14:25.256545" level="INFO">${input_stateAbbr} = VSW</msg>
<var>${input_stateAbbr}</var>
<arg>${customers_txt_stateAbbr}</arg>
<arg>value</arg>
<doc>Returns the value of ``attribute`` from the element ``locator``.</doc>
<status status="PASS" start="2025-09-24T23:14:25.230810" elapsed="0.025823"/>
</kw>
<kw name="Get Element Attribute" owner="SeleniumLibrary">
<msg time="2025-09-24T23:14:25.275883" level="INFO">${input_zipcode} = 90566-7771</msg>
<var>${input_zipcode}</var>
<arg>${customers_txt_zipcode}</arg>
<arg>value</arg>
<doc>Returns the value of ``attribute`` from the element ``locator``.</doc>
<status status="PASS" start="2025-09-24T23:14:25.256941" elapsed="0.019004"/>
</kw>
<kw name="Get Element Attribute" owner="SeleniumLibrary">
<msg time="2025-09-24T23:14:25.289862" level="INFO">${input_password} = sOKi!VXD</msg>
<var>${input_password}</var>
<arg>${customers_txt_password}</arg>
<arg>value</arg>
<doc>Returns the value of ``attribute`` from the element ``locator``.</doc>
<status status="PASS" start="2025-09-24T23:14:25.276160" elapsed="0.013768"/>
</kw>
<kw name="Get Element Attribute" owner="SeleniumLibrary">
<msg time="2025-09-24T23:14:25.303591" level="INFO">${input_confirm_password} = sOKi!VXD</msg>
<var>${input_confirm_password}</var>
<arg>${customers_txt_confirm_password}</arg>
<arg>value</arg>
<doc>Returns the value of ``attribute`` from the element ``locator``.</doc>
<status status="PASS" start="2025-09-24T23:14:25.290158" elapsed="0.013493"/>
</kw>
<kw name="Should Be Equal As Strings" owner="BuiltIn">
<arg>${input_birthday}</arg>
<arg>${user["birthday"]}</arg>
<doc>Fails if objects are unequal after converting them to strings.</doc>
<status status="PASS" start="2025-09-24T23:14:25.303854" elapsed="0.001148"/>
</kw>
<kw name="Should Be Equal As Strings" owner="BuiltIn">
<arg>${input_address}</arg>
<arg>${user["address"]["street"]} ${user["address"]["suite"]}</arg>
<doc>Fails if objects are unequal after converting them to strings.</doc>
<status status="PASS" start="2025-09-24T23:14:25.305183" elapsed="0.001305"/>
</kw>
<kw name="Should Be Equal As Strings" owner="BuiltIn">
<arg>${input_city}</arg>
<arg>${user["address"]["city"]}</arg>
<doc>Fails if objects are unequal after converting them to strings.</doc>
<status status="PASS" start="2025-09-24T23:14:25.306738" elapsed="0.000848"/>
</kw>
<kw name="Should Be Equal As Strings" owner="BuiltIn">
<arg>${input_stateAbbr}</arg>
<arg>${user["address"]["stateAbbr"]}</arg>
<doc>Fails if objects are unequal after converting them to strings.</doc>
<status status="PASS" start="2025-09-24T23:14:25.307781" elapsed="0.000678"/>
</kw>
<kw name="Should Be Equal As Strings" owner="BuiltIn">
<arg>${input_zipcode}</arg>
<arg>${user["address"]["zipcode"]}</arg>
<doc>Fails if objects are unequal after converting them to strings.</doc>
<status status="PASS" start="2025-09-24T23:14:25.308657" elapsed="0.000702"/>
</kw>
<kw name="Should Be Equal As Strings" owner="BuiltIn">
<arg>${input_password}</arg>
<arg>${user["password"]}</arg>
<doc>Fails if objects are unequal after converting them to strings.</doc>
<status status="PASS" start="2025-09-24T23:14:25.309531" elapsed="0.000845"/>
</kw>
<kw name="Should Be Equal As Strings" owner="BuiltIn">
<arg>${input_confirm_password}</arg>
<arg>${user["password"]}</arg>
<doc>Fails if objects are unequal after converting them to strings.</doc>
<status status="PASS" start="2025-09-24T23:14:25.310649" elapsed="0.000890"/>
</kw>
<arg>${user}</arg>
<status status="PASS" start="2025-09-24T23:14:25.100768" elapsed="0.210893"/>
</kw>
<kw name="Save New Customer" owner="CustomerAdd">
<kw name="Click Button" owner="SeleniumLibrary">
<msg time="2025-09-24T23:14:25.312607" level="INFO">Clicking button '//button[@aria-label="Save"]'.</msg>
<arg>${customers_btn_save}</arg>
<doc>Clicks the button identified by ``locator``.</doc>
<status status="PASS" start="2025-09-24T23:14:25.312287" elapsed="0.084004"/>
</kw>
<kw name="Wait Until Page Contains" owner="SeleniumLibrary">
<arg>Customer created</arg>
<doc>Waits until ``text`` appears on the current page.</doc>
<status status="PASS" start="2025-09-24T23:14:25.396475" elapsed="0.444625"/>
</kw>
<status status="PASS" start="2025-09-24T23:14:25.311879" elapsed="0.529507"/>
</kw>
<kw name="Verify Customer Is Added With Correct Details" owner="CustomerAdd">
<kw name="Go To Customers Page" owner="App">
<kw name="Click Element" owner="SeleniumLibrary">
<msg time="2025-09-24T23:14:25.843653" level="INFO">Clicking element '(//p[text()="Customers"])[2]'.</msg>
<arg>${nav_btn_customers}</arg>
<doc>Click the element identified by ``locator``.</doc>
<status status="PASS" start="2025-09-24T23:14:25.843244" elapsed="0.095931"/>
</kw>
<kw name="Wait Until Element Is Visible" owner="SeleniumLibrary">
<arg>${table_row}</arg>
<doc>Waits until the element ``locator`` is visible.</doc>
<status status="PASS" start="2025-09-24T23:14:25.939522" elapsed="0.283480"/>
</kw>
<status status="PASS" start="2025-09-24T23:14:25.842746" elapsed="0.380486"/>
</kw>
<kw name="Refresh Current Page" owner="App">
<kw name="Click Button" owner="SeleniumLibrary">
<msg time="2025-09-24T23:14:26.224581" level="INFO">Clicking button '//button[@aria-label="Refresh"]'.</msg>
<arg>${btn_refresh}</arg>
<doc>Clicks the button identified by ``locator``.</doc>
<status status="PASS" start="2025-09-24T23:14:26.224189" elapsed="0.248734"/>
</kw>
<kw name="Wait Until Element Is Visible" owner="SeleniumLibrary">
<arg>${loading_icon}</arg>
<doc>Waits until the element ``locator`` is visible.</doc>
<status status="PASS" start="2025-09-24T23:14:26.473099" elapsed="0.013411"/>
</kw>
<kw name="Wait Until Element Is Not Visible" owner="SeleniumLibrary">
<arg>${loading_icon}</arg>
<doc>Waits until the element ``locator`` is not visible.</doc>
<status status="PASS" start="2025-09-24T23:14:26.486678" elapsed="0.486584"/>
</kw>
<status status="PASS" start="2025-09-24T23:14:26.223590" elapsed="0.749874"/>
</kw>
<kw name="Get Text" owner="SeleniumLibrary">
<msg time="2025-09-24T23:14:26.998889" level="INFO">${fetched_name} = E
Ervin Howell</msg>
<var>${fetched_name}</var>
<arg>((${table_row })[1]//td)[2]</arg>
<doc>Returns the text value of the element identified by ``locator``.</doc>
<status status="PASS" start="2025-09-24T23:14:26.973697" elapsed="0.025265"/>
</kw>
<if>
<branch type="IF" condition="&quot;\\n&quot; in &quot;&quot;&quot;${fetched_name}&quot;&quot;&quot;">
<kw name="Evaluate" owner="BuiltIn">
<msg time="2025-09-24T23:14:27.000025" level="INFO">${fetched_name} = Ervin Howell</msg>
<var>${fetched_name}</var>
<arg>"""${fetched_name}""".replace("\\n", "")[1:]</arg>
<doc>Evaluates the given expression in Python and returns the result.</doc>
<status status="PASS" start="2025-09-24T23:14:26.999647" elapsed="0.000465"/>
</kw>
<status status="PASS" start="2025-09-24T23:14:26.999161" elapsed="0.001038"/>
</branch>
<status status="PASS" start="2025-09-24T23:14:26.999118" elapsed="0.001153"/>
</if>
<kw name="Should Be Equal As Strings" owner="BuiltIn">
<arg>${user["formatted_name"]}</arg>
<arg>${fetched_name}</arg>
<doc>Fails if objects are unequal after converting them to strings.</doc>
<status status="PASS" start="2025-09-24T23:14:27.000422" elapsed="0.000955"/>
</kw>
<arg>${user}</arg>
<status status="PASS" start="2025-09-24T23:14:25.842016" elapsed="1.159498"/>
</kw>
<var name="${index}">1</var>
<var name="${user}">{'id': 2, 'name': 'Ervin Howell', 'username': 'Antonette', 'email': 'Shanna@melissa.tv', 'address': {'street': 'Victor Plains', 'suite': 'Suite 879', 'city': 'Wisokyburgh', 'zipcode': '90566-7771', 'g...</var>
<status status="PASS" start="2025-09-24T23:14:24.000424" elapsed="3.001154"/>
</iter>
<iter>
<kw name="Add New Customer Details" owner="CustomerAdd">
<kw name="Click Element" owner="SeleniumLibrary">
<msg time="2025-09-24T23:14:27.002783" level="INFO">Clicking element '//a[@aria-label="Create"]'.</msg>
<arg>${customers_btn_create}</arg>
<doc>Click the element identified by ``locator``.</doc>
<status status="PASS" start="2025-09-24T23:14:27.002526" elapsed="0.090798"/>
</kw>
<kw name="Wait Until Element Is Visible" owner="SeleniumLibrary">
<arg>${customers_txt_firstname}</arg>
<doc>Waits until the element ``locator`` is visible.</doc>
<status status="PASS" start="2025-09-24T23:14:27.093841" elapsed="0.057657"/>
</kw>
<kw name="Input Text" owner="SeleniumLibrary">
<msg time="2025-09-24T23:14:27.152339" level="INFO">Typing text 'Clementine' into text field '//input[@name="first_name"]'.</msg>
<arg>${customers_txt_firstname}</arg>
<arg>${user["formatted_name"].split(" ")[0]}</arg>
<doc>Types the given ``text`` into the text field identified by ``locator``.</doc>
<status status="PASS" start="2025-09-24T23:14:27.151688" elapsed="0.143167"/>
</kw>
<kw name="Input Text" owner="SeleniumLibrary">
<msg time="2025-09-24T23:14:27.295808" level="INFO">Typing text 'Bauch' into text field '//input[@name="last_name"]'.</msg>
<arg>${customers_txt_lastname}</arg>
<arg>${user["formatted_name"].split(" ")[1]}</arg>
<doc>Types the given ``text`` into the text field identified by ``locator``.</doc>
<status status="PASS" start="2025-09-24T23:14:27.295029" elapsed="0.099152"/>
</kw>
<kw name="Input Text" owner="SeleniumLibrary">
<msg time="2025-09-24T23:14:27.394971" level="INFO">Typing text 'Nathan@yesenia.net' into text field '//input[@name="email"]'.</msg>
<arg>${customers_txt_email}</arg>
<arg>${user["email"]}</arg>
<doc>Types the given ``text`` into the text field identified by ``locator``.</doc>
<status status="PASS" start="2025-09-24T23:14:27.394377" elapsed="0.099588"/>
</kw>
<kw name="Input Text" owner="SeleniumLibrary">
<msg time="2025-09-24T23:14:27.494729" level="INFO">Typing text '01031996' into text field '//input[@name="birthday"]'.</msg>
<arg>${customers_txt_birthday}</arg>
<arg>${user["birthday"]}</arg>
<doc>Types the given ``text`` into the text field identified by ``locator``.</doc>
<status status="PASS" start="2025-09-24T23:14:27.494135" elapsed="0.065411"/>
</kw>
<kw name="Input Text" owner="SeleniumLibrary">
<msg time="2025-09-24T23:14:27.560677" level="INFO">Typing text 'Douglas Extension Suite 847' into text field '//textarea[@name="address"]'.</msg>
<arg>${customers_txt_address}</arg>
<arg>${user["address"]["street"]} ${user["address"]["suite"]}</arg>
<doc>Types the given ``text`` into the text field identified by ``locator``.</doc>
<status status="PASS" start="2025-09-24T23:14:27.559841" elapsed="0.200544"/>
</kw>
<kw name="Input Text" owner="SeleniumLibrary">
<msg time="2025-09-24T23:14:27.761120" level="INFO">Typing text 'McKenziehaven' into text field '//input[@name="city"]'.</msg>
<arg>${customers_txt_city}</arg>
<arg>${user["address"]["city"]}</arg>
<doc>Types the given ``text`` into the text field identified by ``locator``.</doc>
<status status="PASS" start="2025-09-24T23:14:27.760554" elapsed="0.088659"/>
</kw>
<kw name="Input Text" owner="SeleniumLibrary">
<msg time="2025-09-24T23:14:27.849941" level="INFO">Typing text 'DSM' into text field '//input[@name="stateAbbr"]'.</msg>
<arg>${customers_txt_stateAbbr}</arg>
<arg>${user["address"]["stateAbbr"]}</arg>
<doc>Types the given ``text`` into the text field identified by ``locator``.</doc>
<status status="PASS" start="2025-09-24T23:14:27.849385" elapsed="0.171142"/>
</kw>
<kw name="Input Text" owner="SeleniumLibrary">
<msg time="2025-09-24T23:14:28.021280" level="INFO">Typing text '59590-4157' into text field '//input[@name="zipcode"]'.</msg>
<arg>${customers_txt_zipcode}</arg>
<arg>${user["address"]["zipcode"]}</arg>
<doc>Types the given ``text`` into the text field identified by ``locator``.</doc>
<status status="PASS" start="2025-09-24T23:14:28.020705" elapsed="0.152700"/>
</kw>
<kw name="Input Text" owner="SeleniumLibrary">
<msg time="2025-09-24T23:14:28.174287" level="INFO">Typing text 'G7usr0ZQ' into text field '//input[@name="password"]'.</msg>
<arg>${customers_txt_password}</arg>
<arg>${user["password"]}</arg>
<doc>Types the given ``text`` into the text field identified by ``locator``.</doc>
<status status="PASS" start="2025-09-24T23:14:28.173574" elapsed="0.086814"/>
</kw>
<kw name="Input Text" owner="SeleniumLibrary">
<msg time="2025-09-24T23:14:28.262854" level="INFO">Typing text 'G7usr0ZQ' into text field '//input[@name="confirm_password"]'.</msg>
<arg>${customers_txt_confirm_password}</arg>
<arg>${user["password"]}</arg>
<doc>Types the given ``text`` into the text field identified by ``locator``.</doc>
<status status="PASS" start="2025-09-24T23:14:28.261096" elapsed="0.165480"/>
</kw>
<arg>${user}</arg>
<status status="PASS" start="2025-09-24T23:14:27.002118" elapsed="1.424578"/>
</kw>
<kw name="Verify Customer Name" owner="InputVerification">
<kw name="Get Element Attribute" owner="SeleniumLibrary">
<msg time="2025-09-24T23:14:28.439269" level="INFO">${input_first_name} = Clementine</msg>
<var>${input_first_name}</var>
<arg>${customers_txt_firstname}</arg>
<arg>value</arg>
<doc>Returns the value of ``attribute`` from the element ``locator``.</doc>
<status status="PASS" start="2025-09-24T23:14:28.427200" elapsed="0.012122"/>
</kw>
<kw name="Get Element Attribute" owner="SeleniumLibrary">
<msg time="2025-09-24T23:14:28.457651" level="INFO">${input_last_name} = Bauch</msg>
<var>${input_last_name}</var>
<arg>${customers_txt_lastname}</arg>
<arg>value</arg>
<doc>Returns the value of ``attribute`` from the element ``locator``.</doc>
<status status="PASS" start="2025-09-24T23:14:28.439505" elapsed="0.018209"/>
</kw>
<kw name="Set Variable" owner="BuiltIn">
<msg time="2025-09-24T23:14:28.458248" level="INFO">${input_name} = Clementine Bauch</msg>
<var>${input_name}</var>
<arg>${input_first_name} ${input_last_name}</arg>
<doc>Returns the given values which can then be assigned to a variables.</doc>
<status status="PASS" start="2025-09-24T23:14:28.457946" elapsed="0.000343"/>
</kw>
<kw name="Should Be Equal As Strings" owner="BuiltIn">
<arg>${input_name}</arg>
<arg>${user["formatted_name"]}</arg>
<doc>Fails if objects are unequal after converting them to strings.</doc>
<status status="PASS" start="2025-09-24T23:14:28.458462" elapsed="0.001218"/>
</kw>
<arg>${user}</arg>
<status status="PASS" start="2025-09-24T23:14:28.426898" elapsed="0.032950"/>
</kw>
<kw name="Verify Customer Email" owner="InputVerification">
<kw name="Get Element Attribute" owner="SeleniumLibrary">
<msg time="2025-09-24T23:14:28.481330" level="INFO">${input_email} = Nathan@yesenia.net</msg>
<var>${input_email}</var>
<arg>${customers_txt_email}</arg>
<arg>value</arg>
<doc>Returns the value of ``attribute`` from the element ``locator``.</doc>
<status status="PASS" start="2025-09-24T23:14:28.460592" elapsed="0.020816"/>
</kw>
<kw name="Should Be Equal As Strings" owner="BuiltIn">
<arg>${input_email}</arg>
<arg>${user["email"]}</arg>
<doc>Fails if objects are unequal after converting them to strings.</doc>
<status status="PASS" start="2025-09-24T23:14:28.481693" elapsed="0.001095"/>
</kw>
<arg>${user}</arg>
<status status="PASS" start="2025-09-24T23:14:28.460123" elapsed="0.022821"/>
</kw>
<kw name="Verify Customer Details" owner="InputVerification">
<kw name="Get Element Attribute" owner="SeleniumLibrary">
<msg time="2025-09-24T23:14:28.537446" level="INFO">${input_birthday} = 1996-03-01</msg>
<var>${input_birthday}</var>
<arg>${customers_txt_birthday}</arg>
<arg>value</arg>
<doc>Returns the value of ``attribute`` from the element ``locator``.</doc>
<status status="PASS" start="2025-09-24T23:14:28.484225" elapsed="0.053316"/>
</kw>
<kw name="Set Variable" owner="BuiltIn">
<msg time="2025-09-24T23:14:28.538189" level="INFO">${input_birthday_month} = """1996-03-01"""[8:10]</msg>
<var>${input_birthday_month}</var>
<arg>"""${input_birthday}"""[8:10]</arg>
<doc>Returns the given values which can then be assigned to a variables.</doc>
<status status="PASS" start="2025-09-24T23:14:28.537834" elapsed="0.000406"/>
</kw>
<kw name="Set Variable" owner="BuiltIn">
<msg time="2025-09-24T23:14:28.538894" level="INFO">${input_birthday_day} = """1996-03-01"""[5:7]</msg>
<var>${input_birthday_day}</var>
<arg>"""${input_birthday}"""[5:7]</arg>
<doc>Returns the given values which can then be assigned to a variables.</doc>
<status status="PASS" start="2025-09-24T23:14:28.538454" elapsed="0.000488"/>
</kw>
<kw name="Set Variable" owner="BuiltIn">
<msg time="2025-09-24T23:14:28.539428" level="INFO">${input_birthday_year} = """1996-03-01"""[0:4]</msg>
<var>${input_birthday_year}</var>
<arg>"""${input_birthday}"""[0:4]</arg>
<doc>Returns the given values which can then be assigned to a variables.</doc>
<status status="PASS" start="2025-09-24T23:14:28.539161" elapsed="0.000313"/>
</kw>
<kw name="Evaluate" owner="BuiltIn">
<msg time="2025-09-24T23:14:28.540202" level="INFO">${input_birthday} = 01031996</msg>
<var>${input_birthday}</var>
<arg>f"{${input_birthday_month}}{${input_birthday_day}}{${input_birthday_year}}"</arg>
<doc>Evaluates the given expression in Python and returns the result.</doc>
<status status="PASS" start="2025-09-24T23:14:28.539671" elapsed="0.000595"/>
</kw>
<kw name="Get Element Attribute" owner="SeleniumLibrary">
<msg time="2025-09-24T23:14:28.567586" level="INFO">${input_address} = Douglas Extension Suite 847</msg>
<var>${input_address}</var>
<arg>${customers_txt_address}</arg>
<arg>value</arg>
<doc>Returns the value of ``attribute`` from the element ``locator``.</doc>
<status status="PASS" start="2025-09-24T23:14:28.540503" elapsed="0.027177"/>
</kw>
<kw name="Get Element Attribute" owner="SeleniumLibrary">
<msg time="2025-09-24T23:14:28.617657" level="INFO">${input_city} = McKenziehaven</msg>
<var>${input_city}</var>
<arg>${customers_txt_city}</arg>
<arg>value</arg>
<doc>Returns the value of ``attribute`` from the element ``locator``.</doc>
<status status="PASS" start="2025-09-24T23:14:28.568012" elapsed="0.049727"/>
</kw>
<kw name="Get Element Attribute" owner="SeleniumLibrary">
<msg time="2025-09-24T23:14:28.637753" level="INFO">${input_stateAbbr} = DSM</msg>
<var>${input_stateAbbr}</var>
<arg>${customers_txt_stateAbbr}</arg>
<arg>value</arg>
<doc>Returns the value of ``attribute`` from the element ``locator``.</doc>
<status status="PASS" start="2025-09-24T23:14:28.618020" elapsed="0.019883"/>
</kw>
<kw name="Get Element Attribute" owner="SeleniumLibrary">
<msg time="2025-09-24T23:14:28.655203" level="INFO">${input_zipcode} = 59590-4157</msg>
<var>${input_zipcode}</var>
<arg>${customers_txt_zipcode}</arg>
<arg>value</arg>
<doc>Returns the value of ``attribute`` from the element ``locator``.</doc>
<status status="PASS" start="2025-09-24T23:14:28.638150" elapsed="0.017115"/>
</kw>
<kw name="Get Element Attribute" owner="SeleniumLibrary">
<msg time="2025-09-24T23:14:28.672256" level="INFO">${input_password} = G7usr0ZQ</msg>
<var>${input_password}</var>
<arg>${customers_txt_password}</arg>
<arg>value</arg>
<doc>Returns the value of ``attribute`` from the element ``locator``.</doc>
<status status="PASS" start="2025-09-24T23:14:28.655490" elapsed="0.016830"/>
</kw>
<kw name="Get Element Attribute" owner="SeleniumLibrary">
<msg time="2025-09-24T23:14:28.687556" level="INFO">${input_confirm_password} = G7usr0ZQ</msg>
<var>${input_confirm_password}</var>
<arg>${customers_txt_confirm_password}</arg>
<arg>value</arg>
<doc>Returns the value of ``attribute`` from the element ``locator``.</doc>
<status status="PASS" start="2025-09-24T23:14:28.672547" elapsed="0.015070"/>
</kw>
<kw name="Should Be Equal As Strings" owner="BuiltIn">
<arg>${input_birthday}</arg>
<arg>${user["birthday"]}</arg>
<doc>Fails if objects are unequal after converting them to strings.</doc>
<status status="PASS" start="2025-09-24T23:14:28.687838" elapsed="0.001114"/>
</kw>
<kw name="Should Be Equal As Strings" owner="BuiltIn">
<arg>${input_address}</arg>
<arg>${user["address"]["street"]} ${user["address"]["suite"]}</arg>
<doc>Fails if objects are unequal after converting them to strings.</doc>
<status status="PASS" start="2025-09-24T23:14:28.689174" elapsed="0.001453"/>
</kw>
<kw name="Should Be Equal As Strings" owner="BuiltIn">
<arg>${input_city}</arg>
<arg>${user["address"]["city"]}</arg>
<doc>Fails if objects are unequal after converting them to strings.</doc>
<status status="PASS" start="2025-09-24T23:14:28.690815" elapsed="0.000876"/>
</kw>
<kw name="Should Be Equal As Strings" owner="BuiltIn">
<arg>${input_stateAbbr}</arg>
<arg>${user["address"]["stateAbbr"]}</arg>
<doc>Fails if objects are unequal after converting them to strings.</doc>
<status status="PASS" start="2025-09-24T23:14:28.691887" elapsed="0.000777"/>
</kw>
<kw name="Should Be Equal As Strings" owner="BuiltIn">
<arg>${input_zipcode}</arg>
<arg>${user["address"]["zipcode"]}</arg>
<doc>Fails if objects are unequal after converting them to strings.</doc>
<status status="PASS" start="2025-09-24T23:14:28.693026" elapsed="0.000986"/>
</kw>
<kw name="Should Be Equal As Strings" owner="BuiltIn">
<arg>${input_password}</arg>
<arg>${user["password"]}</arg>
<doc>Fails if objects are unequal after converting them to strings.</doc>
<status status="PASS" start="2025-09-24T23:14:28.694227" elapsed="0.001036"/>
</kw>
<kw name="Should Be Equal As Strings" owner="BuiltIn">
<arg>${input_confirm_password}</arg>
<arg>${user["password"]}</arg>
<doc>Fails if objects are unequal after converting them to strings.</doc>
<status status="PASS" start="2025-09-24T23:14:28.695456" elapsed="0.000900"/>
</kw>
<arg>${user}</arg>
<status status="PASS" start="2025-09-24T23:14:28.483489" elapsed="0.212988"/>
</kw>
<kw name="Save New Customer" owner="CustomerAdd">
<kw name="Click Button" owner="SeleniumLibrary">
<msg time="2025-09-24T23:14:28.697342" level="INFO">Clicking button '//button[@aria-label="Save"]'.</msg>
<arg>${customers_btn_save}</arg>
<doc>Clicks the button identified by ``locator``.</doc>
<status status="PASS" start="2025-09-24T23:14:28.697085" elapsed="0.103822"/>
</kw>
<kw name="Wait Until Page Contains" owner="SeleniumLibrary">
<arg>Customer created</arg>
<doc>Waits until ``text`` appears on the current page.</doc>
<status status="PASS" start="2025-09-24T23:14:28.801083" elapsed="0.428736"/>
</kw>
<status status="PASS" start="2025-09-24T23:14:28.696751" elapsed="0.533175"/>
</kw>
<kw name="Verify Customer Is Added With Correct Details" owner="CustomerAdd">
<kw name="Go To Customers Page" owner="App">
<kw name="Click Element" owner="SeleniumLibrary">
<msg time="2025-09-24T23:14:29.230850" level="INFO">Clicking element '(//p[text()="Customers"])[2]'.</msg>
<arg>${nav_btn_customers}</arg>
<doc>Click the element identified by ``locator``.</doc>
<status status="PASS" start="2025-09-24T23:14:29.230684" elapsed="0.057950"/>
</kw>
<kw name="Wait Until Element Is Visible" owner="SeleniumLibrary">
<arg>${table_row}</arg>
<doc>Waits until the element ``locator`` is visible.</doc>
<status status="PASS" start="2025-09-24T23:14:29.289141" elapsed="0.255553"/>
</kw>
<status status="PASS" start="2025-09-24T23:14:29.230501" elapsed="0.314781"/>
</kw>
<kw name="Refresh Current Page" owner="App">
<kw name="Click Button" owner="SeleniumLibrary">
<msg time="2025-09-24T23:14:29.546848" level="INFO">Clicking button '//button[@aria-label="Refresh"]'.</msg>
<arg>${btn_refresh}</arg>
<doc>Clicks the button identified by ``locator``.</doc>
<status status="PASS" start="2025-09-24T23:14:29.546303" elapsed="0.246566"/>
</kw>
<kw name="Wait Until Element Is Visible" owner="SeleniumLibrary">
<arg>${loading_icon}</arg>
<doc>Waits until the element ``locator`` is visible.</doc>
<status status="PASS" start="2025-09-24T23:14:29.793410" elapsed="0.019810"/>
</kw>
<kw name="Wait Until Element Is Not Visible" owner="SeleniumLibrary">
<arg>${loading_icon}</arg>
<doc>Waits until the element ``locator`` is not visible.</doc>
<status status="PASS" start="2025-09-24T23:14:29.813494" elapsed="0.454334"/>
</kw>
<status status="PASS" start="2025-09-24T23:14:29.545753" elapsed="0.722338"/>
</kw>
<kw name="Get Text" owner="SeleniumLibrary">
<msg time="2025-09-24T23:14:30.286641" level="INFO">${fetched_name} = C
Clementine Bauch</msg>
<var>${fetched_name}</var>
<arg>((${table_row })[1]//td)[2]</arg>
<doc>Returns the text value of the element identified by ``locator``.</doc>
<status status="PASS" start="2025-09-24T23:14:30.268426" elapsed="0.018299"/>
</kw>
<if>
<branch type="IF" condition="&quot;\\n&quot; in &quot;&quot;&quot;${fetched_name}&quot;&quot;&quot;">
<kw name="Evaluate" owner="BuiltIn">
<msg time="2025-09-24T23:14:30.288115" level="INFO">${fetched_name} = Clementine Bauch</msg>
<var>${fetched_name}</var>
<arg>"""${fetched_name}""".replace("\\n", "")[1:]</arg>
<doc>Evaluates the given expression in Python and returns the result.</doc>
<status status="PASS" start="2025-09-24T23:14:30.287577" elapsed="0.000599"/>
</kw>
<status status="PASS" start="2025-09-24T23:14:30.286935" elapsed="0.001351"/>
</branch>
<status status="PASS" start="2025-09-24T23:14:30.286891" elapsed="0.001474"/>
</if>
<kw name="Should Be Equal As Strings" owner="BuiltIn">
<arg>${user["formatted_name"]}</arg>
<arg>${fetched_name}</arg>
<doc>Fails if objects are unequal after converting them to strings.</doc>
<status status="PASS" start="2025-09-24T23:14:30.288539" elapsed="0.001108"/>
</kw>
<arg>${user}</arg>
<status status="PASS" start="2025-09-24T23:14:29.230149" elapsed="1.059747"/>
</kw>
<var name="${index}">2</var>
<var name="${user}">{'id': 3, 'name': 'Clementine Bauch', 'username': 'Samantha', 'email': 'Nathan@yesenia.net', 'address': {'street': 'Douglas Extension', 'suite': 'Suite 847', 'city': 'McKenziehaven', 'zipcode': '59590...</var>
<status status="PASS" start="2025-09-24T23:14:27.001835" elapsed="3.288179"/>
</iter>
<iter>
<kw name="Add New Customer Details" owner="CustomerAdd">
<kw name="Click Element" owner="SeleniumLibrary">
<msg time="2025-09-24T23:14:30.291277" level="INFO">Clicking element '//a[@aria-label="Create"]'.</msg>
<arg>${customers_btn_create}</arg>
<doc>Click the element identified by ``locator``.</doc>
<status status="PASS" start="2025-09-24T23:14:30.291021" elapsed="0.070108"/>
</kw>
<kw name="Wait Until Element Is Visible" owner="SeleniumLibrary">
<arg>${customers_txt_firstname}</arg>
<doc>Waits until the element ``locator`` is visible.</doc>
<status status="PASS" start="2025-09-24T23:14:30.361621" elapsed="0.057168"/>
</kw>
<kw name="Input Text" owner="SeleniumLibrary">
<msg time="2025-09-24T23:14:30.419964" level="INFO">Typing text 'Patricia' into text field '//input[@name="first_name"]'.</msg>
<arg>${customers_txt_firstname}</arg>
<arg>${user["formatted_name"].split(" ")[0]}</arg>
<doc>Types the given ``text`` into the text field identified by ``locator``.</doc>
<status status="PASS" start="2025-09-24T23:14:30.419066" elapsed="0.117076"/>
</kw>
<kw name="Input Text" owner="SeleniumLibrary">
<msg time="2025-09-24T23:14:30.537928" level="INFO">Typing text 'Lebsack' into text field '//input[@name="last_name"]'.</msg>
<arg>${customers_txt_lastname}</arg>
<arg>${user["formatted_name"].split(" ")[1]}</arg>
<doc>Types the given ``text`` into the text field identified by ``locator``.</doc>
<status status="PASS" start="2025-09-24T23:14:30.536464" elapsed="0.101445"/>
</kw>
<kw name="Input Text" owner="SeleniumLibrary">
<msg time="2025-09-24T23:14:30.639216" level="INFO">Typing text 'Julianne.OConner@kory.org' into text field '//input[@name="email"]'.</msg>
<arg>${customers_txt_email}</arg>
<arg>${user["email"]}</arg>
<doc>Types the given ``text`` into the text field identified by ``locator``.</doc>
<status status="PASS" start="2025-09-24T23:14:30.638183" elapsed="0.118648"/>
</kw>
<kw name="Input Text" owner="SeleniumLibrary">
<msg time="2025-09-24T23:14:30.758032" level="INFO">Typing text '06011996' into text field '//input[@name="birthday"]'.</msg>
<arg>${customers_txt_birthday}</arg>
<arg>${user["birthday"]}</arg>
<doc>Types the given ``text`` into the text field identified by ``locator``.</doc>
<status status="PASS" start="2025-09-24T23:14:30.757104" elapsed="0.098326"/>
</kw>
<kw name="Input Text" owner="SeleniumLibrary">
<msg time="2025-09-24T23:14:30.857094" level="INFO">Typing text 'Hoeger Mall Apt. 692' into text field '//textarea[@name="address"]'.</msg>
<arg>${customers_txt_address}</arg>
<arg>${user["address"]["street"]} ${user["address"]["suite"]}</arg>
<doc>Types the given ``text`` into the text field identified by ``locator``.</doc>
<status status="PASS" start="2025-09-24T23:14:30.855704" elapsed="0.139535"/>
</kw>
<kw name="Input Text" owner="SeleniumLibrary">
<msg time="2025-09-24T23:14:30.996015" level="INFO">Typing text 'South Elvis' into text field '//input[@name="city"]'.</msg>
<arg>${customers_txt_city}</arg>
<arg>${user["address"]["city"]}</arg>
<doc>Types the given ``text`` into the text field identified by ``locator``.</doc>
<status status="PASS" start="2025-09-24T23:14:30.995430" elapsed="0.079206"/>
</kw>
<kw name="Input Text" owner="SeleniumLibrary">
<msg time="2025-09-24T23:14:31.075820" level="INFO">Typing text 'HAS' into text field '//input[@name="stateAbbr"]'.</msg>
<arg>${customers_txt_stateAbbr}</arg>
<arg>${user["address"]["stateAbbr"]}</arg>
<doc>Types the given ``text`` into the text field identified by ``locator``.</doc>
<status status="PASS" start="2025-09-24T23:14:31.074908" elapsed="0.092644"/>
</kw>
<kw name="Input Text" owner="SeleniumLibrary">
<msg time="2025-09-24T23:14:31.168492" level="INFO">Typing text '53919-4257' into text field '//input[@name="zipcode"]'.</msg>
<arg>${customers_txt_zipcode}</arg>
<arg>${user["address"]["zipcode"]}</arg>
<doc>Types the given ``text`` into the text field identified by ``locator``.</doc>
<status status="PASS" start="2025-09-24T23:14:31.167829" elapsed="0.072016"/>
</kw>
<kw name="Input Text" owner="SeleniumLibrary">
<msg time="2025-09-24T23:14:31.240832" level="INFO">Typing text 'sNTQ52yB' into text field '//input[@name="password"]'.</msg>
<arg>${customers_txt_password}</arg>
<arg>${user["password"]}</arg>
<doc>Types the given ``text`` into the text field identified by ``locator``.</doc>
<status status="PASS" start="2025-09-24T23:14:31.240019" elapsed="0.079463"/>
</kw>
<kw name="Input Text" owner="SeleniumLibrary">
<msg time="2025-09-24T23:14:31.320359" level="INFO">Typing text 'sNTQ52yB' into text field '//input[@name="confirm_password"]'.</msg>
<arg>${customers_txt_confirm_password}</arg>
<arg>${user["password"]}</arg>
<doc>Types the given ``text`` into the text field identified by ``locator``.</doc>
<status status="PASS" start="2025-09-24T23:14:31.319660" elapsed="0.065728"/>
</kw>
<arg>${user}</arg>
<status status="PASS" start="2025-09-24T23:14:30.290598" elapsed="1.095063"/>
</kw>
<kw name="Verify Customer Name" owner="InputVerification">
<kw name="Get Element Attribute" owner="SeleniumLibrary">
<msg time="2025-09-24T23:14:31.397095" level="INFO">${input_first_name} = Patricia</msg>
<var>${input_first_name}</var>
<arg>${customers_txt_firstname}</arg>
<arg>value</arg>
<doc>Returns the value of ``attribute`` from the element ``locator``.</doc>
<status status="PASS" start="2025-09-24T23:14:31.387030" elapsed="0.010107"/>
</kw>
<kw name="Get Element Attribute" owner="SeleniumLibrary">
<msg time="2025-09-24T23:14:31.407271" level="INFO">${input_last_name} = Lebsack</msg>
<var>${input_last_name}</var>
<arg>${customers_txt_lastname}</arg>
<arg>value</arg>
<doc>Returns the value of ``attribute`` from the element ``locator``.</doc>
<status status="PASS" start="2025-09-24T23:14:31.397271" elapsed="0.010039"/>
</kw>
<kw name="Set Variable" owner="BuiltIn">
<msg time="2025-09-24T23:14:31.407643" level="INFO">${input_name} = Patricia Lebsack</msg>
<var>${input_name}</var>
<arg>${input_first_name} ${input_last_name}</arg>
<doc>Returns the given values which can then be assigned to a variables.</doc>
<status status="PASS" start="2025-09-24T23:14:31.407456" elapsed="0.000212"/>
</kw>
<kw name="Should Be Equal As Strings" owner="BuiltIn">
<arg>${input_name}</arg>
<arg>${user["formatted_name"]}</arg>
<doc>Fails if objects are unequal after converting them to strings.</doc>
<status status="PASS" start="2025-09-24T23:14:31.407774" elapsed="0.000533"/>
</kw>
<arg>${user}</arg>
<status status="PASS" start="2025-09-24T23:14:31.386333" elapsed="0.022051"/>
</kw>
<kw name="Verify Customer Email" owner="InputVerification">
<kw name="Get Element Attribute" owner="SeleniumLibrary">
<msg time="2025-09-24T23:14:31.420543" level="INFO">${input_email} = Julianne.OConner@kory.org</msg>
<var>${input_email}</var>
<arg>${customers_txt_email}</arg>
<arg>value</arg>
<doc>Returns the value of ``attribute`` from the element ``locator``.</doc>
<status status="PASS" start="2025-09-24T23:14:31.408785" elapsed="0.011810"/>
</kw>
<kw name="Should Be Equal As Strings" owner="BuiltIn">
<arg>${input_email}</arg>
<arg>${user["email"]}</arg>
<doc>Fails if objects are unequal after converting them to strings.</doc>
<status status="PASS" start="2025-09-24T23:14:31.420770" elapsed="0.000700"/>
</kw>
<arg>${user}</arg>
<status status="PASS" start="2025-09-24T23:14:31.408522" elapsed="0.013065"/>
</kw>
<kw name="Verify Customer Details" owner="InputVerification">
<kw name="Get Element Attribute" owner="SeleniumLibrary">
<msg time="2025-09-24T23:14:31.457883" level="INFO">${input_birthday} = 1996-01-06</msg>
<var>${input_birthday}</var>
<arg>${customers_txt_birthday}</arg>
<arg>value</arg>
<doc>Returns the value of ``attribute`` from the element ``locator``.</doc>
<status status="PASS" start="2025-09-24T23:14:31.423122" elapsed="0.034849"/>
</kw>
<kw name="Set Variable" owner="BuiltIn">
<msg time="2025-09-24T23:14:31.458665" level="INFO">${input_birthday_month} = """1996-01-06"""[8:10]</msg>
<var>${input_birthday_month}</var>
<arg>"""${input_birthday}"""[8:10]</arg>
<doc>Returns the given values which can then be assigned to a variables.</doc>
<status status="PASS" start="2025-09-24T23:14:31.458294" elapsed="0.000421"/>
</kw>
<kw name="Set Variable" owner="BuiltIn">
<msg time="2025-09-24T23:14:31.459211" level="INFO">${input_birthday_day} = """1996-01-06"""[5:7]</msg>
<var>${input_birthday_day}</var>
<arg>"""${input_birthday}"""[5:7]</arg>
<doc>Returns the given values which can then be assigned to a variables.</doc>
<status status="PASS" start="2025-09-24T23:14:31.458912" elapsed="0.000470"/>
</kw>
<kw name="Set Variable" owner="BuiltIn">
<msg time="2025-09-24T23:14:31.459990" level="INFO">${input_birthday_year} = """1996-01-06"""[0:4]</msg>
<var>${input_birthday_year}</var>
<arg>"""${input_birthday}"""[0:4]</arg>
<doc>Returns the given values which can then be assigned to a variables.</doc>
<status status="PASS" start="2025-09-24T23:14:31.459702" elapsed="0.000333"/>
</kw>
<kw name="Evaluate" owner="BuiltIn">
<msg time="2025-09-24T23:14:31.460612" level="INFO">${input_birthday} = 06011996</msg>
<var>${input_birthday}</var>
<arg>f"{${input_birthday_month}}{${input_birthday_day}}{${input_birthday_year}}"</arg>
<doc>Evaluates the given expression in Python and returns the result.</doc>
<status status="PASS" start="2025-09-24T23:14:31.460203" elapsed="0.000450"/>
</kw>
<kw name="Get Element Attribute" owner="SeleniumLibrary">
<msg time="2025-09-24T23:14:31.484039" level="INFO">${input_address} = Hoeger Mall Apt. 692</msg>
<var>${input_address}</var>
<arg>${customers_txt_address}</arg>
<arg>value</arg>
<doc>Returns the value of ``attribute`` from the element ``locator``.</doc>
<status status="PASS" start="2025-09-24T23:14:31.460820" elapsed="0.023287"/>
</kw>
<kw name="Get Element Attribute" owner="SeleniumLibrary">
<msg time="2025-09-24T23:14:31.503364" level="INFO">${input_city} = South Elvis</msg>
<var>${input_city}</var>
<arg>${customers_txt_city}</arg>
<arg>value</arg>
<doc>Returns the value of ``attribute`` from the element ``locator``.</doc>
<status status="PASS" start="2025-09-24T23:14:31.484344" elapsed="0.019087"/>
</kw>
<kw name="Get Element Attribute" owner="SeleniumLibrary">
<msg time="2025-09-24T23:14:31.521454" level="INFO">${input_stateAbbr} = HAS</msg>
<var>${input_stateAbbr}</var>
<arg>${customers_txt_stateAbbr}</arg>
<arg>value</arg>
<doc>Returns the value of ``attribute`` from the element ``locator``.</doc>
<status status="PASS" start="2025-09-24T23:14:31.503666" elapsed="0.017859"/>
</kw>
<kw name="Get Element Attribute" owner="SeleniumLibrary">
<msg time="2025-09-24T23:14:31.544198" level="INFO">${input_zipcode} = 53919-4257</msg>
<var>${input_zipcode}</var>
<arg>${customers_txt_zipcode}</arg>
<arg>value</arg>
<doc>Returns the value of ``attribute`` from the element ``locator``.</doc>
<status status="PASS" start="2025-09-24T23:14:31.521788" elapsed="0.022512"/>
</kw>
<kw name="Get Element Attribute" owner="SeleniumLibrary">
<msg time="2025-09-24T23:14:31.565475" level="INFO">${input_password} = sNTQ52yB</msg>
<var>${input_password}</var>
<arg>${customers_txt_password}</arg>
<arg>value</arg>
<doc>Returns the value of ``attribute`` from the element ``locator``.</doc>
<status status="PASS" start="2025-09-24T23:14:31.544673" elapsed="0.020887"/>
</kw>
<kw name="Get Element Attribute" owner="SeleniumLibrary">
<msg time="2025-09-24T23:14:31.587607" level="INFO">${input_confirm_password} = sNTQ52yB</msg>
<var>${input_confirm_password}</var>
<arg>${customers_txt_confirm_password}</arg>
<arg>value</arg>
<doc>Returns the value of ``attribute`` from the element ``locator``.</doc>
<status status="PASS" start="2025-09-24T23:14:31.565870" elapsed="0.021810"/>
</kw>
<kw name="Should Be Equal As Strings" owner="BuiltIn">
<arg>${input_birthday}</arg>
<arg>${user["birthday"]}</arg>
<doc>Fails if objects are unequal after converting them to strings.</doc>
<status status="PASS" start="2025-09-24T23:14:31.587940" elapsed="0.001328"/>
</kw>
<kw name="Should Be Equal As Strings" owner="BuiltIn">
<arg>${input_address}</arg>
<arg>${user["address"]["street"]} ${user["address"]["suite"]}</arg>
<doc>Fails if objects are unequal after converting them to strings.</doc>
<status status="PASS" start="2025-09-24T23:14:31.589507" elapsed="0.001583"/>
</kw>
<kw name="Should Be Equal As Strings" owner="BuiltIn">
<arg>${input_city}</arg>
<arg>${user["address"]["city"]}</arg>
<doc>Fails if objects are unequal after converting them to strings.</doc>
<status status="PASS" start="2025-09-24T23:14:31.591313" elapsed="0.000983"/>
</kw>
<kw name="Should Be Equal As Strings" owner="BuiltIn">
<arg>${input_stateAbbr}</arg>
<arg>${user["address"]["stateAbbr"]}</arg>
<doc>Fails if objects are unequal after converting them to strings.</doc>
<status status="PASS" start="2025-09-24T23:14:31.592491" elapsed="0.000803"/>
</kw>
<kw name="Should Be Equal As Strings" owner="BuiltIn">
<arg>${input_zipcode}</arg>
<arg>${user["address"]["zipcode"]}</arg>
<doc>Fails if objects are unequal after converting them to strings.</doc>
<status status="PASS" start="2025-09-24T23:14:31.593478" elapsed="0.000752"/>
</kw>
<kw name="Should Be Equal As Strings" owner="BuiltIn">
<arg>${input_password}</arg>
<arg>${user["password"]}</arg>
<doc>Fails if objects are unequal after converting them to strings.</doc>
<status status="PASS" start="2025-09-24T23:14:31.594406" elapsed="0.000962"/>
</kw>
<kw name="Should Be Equal As Strings" owner="BuiltIn">
<arg>${input_confirm_password}</arg>
<arg>${user["password"]}</arg>
<doc>Fails if objects are unequal after converting them to strings.</doc>
<status status="PASS" start="2025-09-24T23:14:31.595551" elapsed="0.000869"/>
</kw>
<arg>${user}</arg>
<status status="PASS" start="2025-09-24T23:14:31.421896" elapsed="0.174632"/>
</kw>
<kw name="Save New Customer" owner="CustomerAdd">
<kw name="Click Button" owner="SeleniumLibrary">
<msg time="2025-09-24T23:14:31.597384" level="INFO">Clicking button '//button[@aria-label="Save"]'.</msg>
<arg>${customers_btn_save}</arg>
<doc>Clicks the button identified by ``locator``.</doc>
<status status="PASS" start="2025-09-24T23:14:31.597124" elapsed="0.098926"/>
</kw>
<kw name="Wait Until Page Contains" owner="SeleniumLibrary">
<arg>Customer created</arg>
<doc>Waits until ``text`` appears on the current page.</doc>
<status status="PASS" start="2025-09-24T23:14:31.696242" elapsed="0.469570"/>
</kw>
<status status="PASS" start="2025-09-24T23:14:31.596743" elapsed="0.569281"/>
</kw>
<kw name="Verify Customer Is Added With Correct Details" owner="CustomerAdd">
<kw name="Go To Customers Page" owner="App">
<kw name="Click Element" owner="SeleniumLibrary">
<msg time="2025-09-24T23:14:32.168073" level="INFO">Clicking element '(//p[text()="Customers"])[2]'.</msg>
<arg>${nav_btn_customers}</arg>
<doc>Click the element identified by ``locator``.</doc>
<status status="PASS" start="2025-09-24T23:14:32.167715" elapsed="0.137576"/>
</kw>
<kw name="Wait Until Element Is Visible" owner="SeleniumLibrary">
<arg>${table_row}</arg>
<doc>Waits until the element ``locator`` is visible.</doc>
<status status="PASS" start="2025-09-24T23:14:32.305563" elapsed="0.244921"/>
</kw>
[...]
</branch>
<status status="PASS" start="2025-09-24T23:15:17.704498" elapsed="0.001293"/>
</if>
<return>
<value>${tb_name}</value>
<status status="PASS" start="2025-09-24T23:15:17.705863" elapsed="0.000073"/>
</return>
<msg time="2025-09-24T23:15:17.706191" level="INFO">${tb_name} = Rubie Dibbert</msg>
<var>${tb_name}</var>
<arg>${index}</arg>
<status status="PASS" start="2025-09-24T23:15:17.674599" elapsed="0.031639"/>
</kw>
<kw name="Get Customer Last Seen" owner="ConsoleDisplay">
<kw name="Get Text" owner="SeleniumLibrary">
<msg time="2025-09-24T23:15:17.735889" level="INFO">${tb_last_seen} = 9/22/2025</msg>
<var>${tb_last_seen}</var>
<arg>((${table_row })[${index}]//td)[3]/span</arg>
<doc>Returns the text value of the element identified by ``locator``.</doc>
<status status="PASS" start="2025-09-24T23:15:17.706927" elapsed="0.029034"/>
</kw>
<return>
<value>${tb_last_seen}</value>
<status status="PASS" start="2025-09-24T23:15:17.736188" elapsed="0.000084"/>
</return>
<msg time="2025-09-24T23:15:17.736515" level="INFO">${tb_last_seen} = 9/22/2025</msg>
<var>${tb_last_seen}</var>
<arg>${index}</arg>
<status status="PASS" start="2025-09-24T23:15:17.706510" elapsed="0.030049"/>
</kw>
<kw name="Get Customer Orders" owner="ConsoleDisplay">
<kw name="Get Text" owner="SeleniumLibrary">
<msg time="2025-09-24T23:15:17.790666" level="INFO">${tb_orders} = 0</msg>
<var>${tb_orders}</var>
<arg>((${table_row })[${index}]//td)[4]/span</arg>
<doc>Returns the text value of the element identified by ``locator``.</doc>
<status status="PASS" start="2025-09-24T23:15:17.737317" elapsed="0.053441"/>
</kw>
<return>
<value>${tb_orders}</value>
<status status="PASS" start="2025-09-24T23:15:17.790922" elapsed="0.000097"/>
</return>
<msg time="2025-09-24T23:15:17.791294" level="INFO">${tb_orders} = 0</msg>
<var>${tb_orders}</var>
<arg>${index}</arg>
<status status="PASS" start="2025-09-24T23:15:17.736840" elapsed="0.054508"/>
</kw>
<kw name="Get Customer Total Spent" owner="ConsoleDisplay">
<kw name="Get Text" owner="SeleniumLibrary">
<msg time="2025-09-24T23:15:17.824388" level="INFO">${tb_total_spent} = $0.00</msg>
<var>${tb_total_spent}</var>
<arg>((${table_row })[${index}]//td)[5]/span</arg>
<doc>Returns the text value of the element identified by ``locator``.</doc>
<status status="PASS" start="2025-09-24T23:15:17.792659" elapsed="0.031809"/>
</kw>
<return>
<value>${tb_total_spent}</value>
<status status="PASS" start="2025-09-24T23:15:17.824611" elapsed="0.000085"/>
</return>
<msg time="2025-09-24T23:15:17.824947" level="INFO">${tb_total_spent} = $0.00</msg>
<var>${tb_total_spent}</var>
<arg>${index}</arg>
<status status="PASS" start="2025-09-24T23:15:17.791679" elapsed="0.033317"/>
</kw>
<kw name="Get Customer Latest Purchase" owner="ConsoleDisplay">
<kw name="Run Keyword And Ignore Error" owner="BuiltIn">
<kw name="Get Text" owner="SeleniumLibrary">
<msg time="2025-09-24T23:15:17.984685" level="INFO" html="true">&lt;/td&gt;&lt;/tr&gt;&lt;tr&gt;&lt;td colspan="3"&gt;&lt;a href="selenium-screenshot-330.png"&gt;&lt;img src="selenium-screenshot-330.png" width="800px"&gt;&lt;/a&gt;</msg>
<msg time="2025-09-24T23:15:17.984873" level="FAIL">Element with locator '((//table//tbody//tr)[24]//td)[6]/span' not found.</msg>
<arg>((${table_row})[${index}]//td)[6]/span</arg>
<doc>Returns the text value of the element identified by ``locator``.</doc>
<status status="FAIL" start="2025-09-24T23:15:17.826117" elapsed="0.159647">Element with locator '((//table//tbody//tr)[24]//td)[6]/span' not found.</status>
</kw>
<msg time="2025-09-24T23:15:17.985905" level="INFO">${latest_purchase_result} = ('FAIL', "Element with locator '((//table//tbody//tr)[24]//td)[6]/span' not found.")</msg>
<var>${latest_purchase_result}</var>
<arg>Get Text</arg>
<arg>((${table_row})[${index}]//td)[6]/span</arg>
<doc>Runs the given keyword with the given arguments and ignores possible error.</doc>
<status status="PASS" start="2025-09-24T23:15:17.825857" elapsed="0.160072"/>
</kw>
<kw name="Set Variable If" owner="BuiltIn">
<msg time="2025-09-24T23:15:17.986701" level="INFO">${tb_latest_purchase} = (None recorded)</msg>
<var>${tb_latest_purchase}</var>
<arg>'${latest_purchase_result[0]}' == 'PASS'</arg>
<arg>${latest_purchase_result[1]}</arg>
<arg>(None recorded)</arg>
<doc>Sets variable based on the given condition.</doc>
<status status="PASS" start="2025-09-24T23:15:17.986067" elapsed="0.000669"/>
</kw>
<return>
<value>${tb_latest_purchase}</value>
<status status="PASS" start="2025-09-24T23:15:17.986805" elapsed="0.000041"/>
</return>
<msg time="2025-09-24T23:15:17.986964" level="INFO">${tb_latest_purchase} = (None recorded)</msg>
<var>${tb_latest_purchase}</var>
<arg>${index}</arg>
<status status="PASS" start="2025-09-24T23:15:17.825302" elapsed="0.161684"/>
</kw>
<kw name="Get Customer Subscribed" owner="ConsoleDisplay">
<kw name="Get Element Attribute" owner="SeleniumLibrary">
<msg time="2025-09-24T23:15:18.008048" level="INFO">${tb_news} = true</msg>
<var>${tb_news}</var>
<arg>((${table_row })[${index}]//td)[7]//*[name()='svg']</arg>
<arg>data-testid</arg>
<doc>Returns the value of ``attribute`` from the element ``locator``.</doc>
<status status="PASS" start="2025-09-24T23:15:17.987381" elapsed="0.020729"/>
</kw>
<kw name="Set Variable If" owner="BuiltIn">
<msg time="2025-09-24T23:15:18.008720" level="INFO">${tb_subscribed} = Subscribed [✅]</msg>
<var>${tb_subscribed}</var>
<arg>'${tb_news}' == 'true'</arg>
<arg>Subscribed [✅]</arg>
<arg>Not Subscribed [❌]</arg>
<doc>Sets variable based on the given condition.</doc>
<status status="PASS" start="2025-09-24T23:15:18.008345" elapsed="0.000428"/>
</kw>
<return>
<value>${tb_subscribed}</value>
<status status="PASS" start="2025-09-24T23:15:18.008875" elapsed="0.000064"/>
</return>
<msg time="2025-09-24T23:15:18.009133" level="INFO">${tb_subscribed} = Subscribed [✅]</msg>
<var>${tb_subscribed}</var>
<arg>${index}</arg>
<status status="PASS" start="2025-09-24T23:15:17.987147" elapsed="0.022026"/>
</kw>
<kw name="Get Customer Segments" owner="ConsoleDisplay">
<kw name="Get Element Count" owner="SeleniumLibrary">
<msg time="2025-09-24T23:15:18.024137" level="INFO">${segment_count} = 0</msg>
<var>${segment_count}</var>
<arg>((${table_row })[${index}]//td)[8]/div/div</arg>
<doc>Returns the number of elements matching ``locator``.</doc>
<status status="PASS" start="2025-09-24T23:15:18.009923" elapsed="0.014276"/>
</kw>
<kw name="Create List" owner="BuiltIn">
<msg time="2025-09-24T23:15:18.024618" level="INFO">${segment_names} = []</msg>
<var>${segment_names}</var>
<doc>Returns a list containing given items.</doc>
<status status="PASS" start="2025-09-24T23:15:18.024413" elapsed="0.000249"/>
</kw>
<for flavor="IN RANGE">
<iter>
<kw name="Get Text" owner="SeleniumLibrary">
<var>${seg_name}</var>
<arg>((${table_row })[${index}]//td)[8]/div/div[${seg_index}]/span</arg>
<doc>Returns the text value of the element identified by ``locator``.</doc>
<status status="NOT RUN" start="2025-09-24T23:15:18.025221" elapsed="0.000045"/>
</kw>
<kw name="Append To List" owner="Collections">
<arg>${segment_names}</arg>
<arg>${seg_name}</arg>
<doc>Adds ``values`` to the end of ``list``.</doc>
<status status="NOT RUN" start="2025-09-24T23:15:18.025455" elapsed="0.000046"/>
</kw>
<var name="${seg_index}"/>
<status status="NOT RUN" start="2025-09-24T23:15:18.025065" elapsed="0.000501"/>
</iter>
<var>${seg_index}</var>
<value>1</value>
<value>${segment_count}+1</value>
<status status="NOT RUN" start="2025-09-24T23:15:18.024762" elapsed="0.000874"/>
</for>
<return>
<value>${segment_names}</value>
<status status="PASS" start="2025-09-24T23:15:18.025730" elapsed="0.000055"/>
</return>
<msg time="2025-09-24T23:15:18.025988" level="INFO">${segment_names} = []</msg>
<var>${segment_names}</var>
<arg>${index}</arg>
<status status="PASS" start="2025-09-24T23:15:18.009486" elapsed="0.016541"/>
</kw>
<kw name="Catenate" owner="BuiltIn">
<msg time="2025-09-24T23:15:18.026719" level="INFO">${user_info} = ====== User 24 ======
Name: Rubie Dibbert
Last seen: 9/22/2025
Orders: 0
Total spent: $0.00
Latest purchase: (None recorded)
Subscribed: Subscribed [✅]
Segments: []</msg>
<var>${user_info}</var>
<arg>SEPARATOR=\n</arg>
<arg>====== User ${index} ======</arg>
<arg>Name: ${tb_name}</arg>
<arg>Last seen: ${tb_last_seen}</arg>
<arg>Orders: ${tb_orders}</arg>
<arg>Total spent: ${tb_total_spent}</arg>
<arg>Latest purchase: ${tb_latest_purchase}</arg>
<arg>Subscribed: ${tb_subscribed}</arg>
<arg>Segments: ${segment_names}</arg>
<doc>Catenates the given items together and returns the resulted string.</doc>
<status status="PASS" start="2025-09-24T23:15:18.026188" elapsed="0.000584"/>
</kw>
<kw name="Log To Console" owner="BuiltIn">
<arg>\n${user_info}\n</arg>
<doc>Logs the given message to the console.</doc>
<status status="PASS" start="2025-09-24T23:15:18.026967" elapsed="0.000731"/>
</kw>
<arg>${index}</arg>
<status status="PASS" start="2025-09-24T23:15:17.673891" elapsed="0.354054"/>
</kw>
<var name="${index}">24</var>
<status status="PASS" start="2025-09-24T23:15:17.673575" elapsed="0.354445"/>
</iter>
<iter>
<kw name="Display Single Customer Info" owner="ConsoleDisplay">
<kw name="Get Customer Name" owner="ConsoleDisplay">
<kw name="Get Text" owner="SeleniumLibrary">
<msg time="2025-09-24T23:15:18.063853" level="INFO">${tb_name} = C
Charlie Becker</msg>
<var>${tb_name}</var>
<arg>((${table_row })[${index}]//td)[2]</arg>
<doc>Returns the text value of the element identified by ``locator``.</doc>
<status status="PASS" start="2025-09-24T23:15:18.029366" elapsed="0.034562"/>
</kw>
<if>
<branch type="IF" condition="&quot;\\n&quot; in &quot;&quot;&quot;${tb_name}&quot;&quot;&quot;">
<kw name="Evaluate" owner="BuiltIn">
<msg time="2025-09-24T23:15:18.064875" level="INFO">${tb_name} = Charlie Becker</msg>
<var>${tb_name}</var>
<arg>"""${tb_name}""".replace("\\n", "")[1:]</arg>
<doc>Evaluates the given expression in Python and returns the result.</doc>
<status status="PASS" start="2025-09-24T23:15:18.064488" elapsed="0.000438"/>
</kw>
<status status="PASS" start="2025-09-24T23:15:18.064116" elapsed="0.000893"/>
</branch>
<status status="PASS" start="2025-09-24T23:15:18.064077" elapsed="0.001201"/>
</if>
<return>
<value>${tb_name}</value>
<status status="PASS" start="2025-09-24T23:15:18.065378" elapsed="0.000085"/>
</return>
<msg time="2025-09-24T23:15:18.065717" level="INFO">${tb_name} = Charlie Becker</msg>
<var>${tb_name}</var>
<arg>${index}</arg>
<status status="PASS" start="2025-09-24T23:15:18.028965" elapsed="0.036799"/>
</kw>
<kw name="Get Customer Last Seen" owner="ConsoleDisplay">
<kw name="Get Text" owner="SeleniumLibrary">
<msg time="2025-09-24T23:15:18.094930" level="INFO">${tb_last_seen} = 9/22/2025</msg>
<var>${tb_last_seen}</var>
<arg>((${table_row })[${index}]//td)[3]/span</arg>
<doc>Returns the text value of the element identified by ``locator``.</doc>
<status status="PASS" start="2025-09-24T23:15:18.066493" elapsed="0.028500"/>
</kw>
<return>
<value>${tb_last_seen}</value>
<status status="PASS" start="2025-09-24T23:15:18.095114" elapsed="0.000069"/>
</return>
<msg time="2025-09-24T23:15:18.095387" level="INFO">${tb_last_seen} = 9/22/2025</msg>
<var>${tb_last_seen}</var>
<arg>${index}</arg>
<status status="PASS" start="2025-09-24T23:15:18.066035" elapsed="0.029393"/>
</kw>
<kw name="Get Customer Orders" owner="ConsoleDisplay">
<kw name="Get Text" owner="SeleniumLibrary">
<msg time="2025-09-24T23:15:18.124454" level="INFO">${tb_orders} = 0</msg>
<var>${tb_orders}</var>
<arg>((${table_row })[${index}]//td)[4]/span</arg>
<doc>Returns the text value of the element identified by ``locator``.</doc>
<status status="PASS" start="2025-09-24T23:15:18.096095" elapsed="0.028428"/>
</kw>
<return>
<value>${tb_orders}</value>
<status status="PASS" start="2025-09-24T23:15:18.124649" elapsed="0.000077"/>
</return>
<msg time="2025-09-24T23:15:18.124937" level="INFO">${tb_orders} = 0</msg>
<var>${tb_orders}</var>
<arg>${index}</arg>
<status status="PASS" start="2025-09-24T23:15:18.095679" elapsed="0.029298"/>
</kw>
<kw name="Get Customer Total Spent" owner="ConsoleDisplay">
<kw name="Get Text" owner="SeleniumLibrary">
<msg time="2025-09-24T23:15:18.154203" level="INFO">${tb_total_spent} = $0.00</msg>
<var>${tb_total_spent}</var>
<arg>((${table_row })[${index}]//td)[5]/span</arg>
<doc>Returns the text value of the element identified by ``locator``.</doc>
<status status="PASS" start="2025-09-24T23:15:18.125687" elapsed="0.028582"/>
</kw>
<return>
<value>${tb_total_spent}</value>
<status status="PASS" start="2025-09-24T23:15:18.154408" elapsed="0.000076"/>
</return>
<msg time="2025-09-24T23:15:18.154704" level="INFO">${tb_total_spent} = $0.00</msg>
<var>${tb_total_spent}</var>
<arg>${index}</arg>
<status status="PASS" start="2025-09-24T23:15:18.125254" elapsed="0.029490"/>
</kw>
<kw name="Get Customer Latest Purchase" owner="ConsoleDisplay">
<kw name="Run Keyword And Ignore Error" owner="BuiltIn">
<kw name="Get Text" owner="SeleniumLibrary">
<msg time="2025-09-24T23:15:18.354949" level="INFO" html="true">&lt;/td&gt;&lt;/tr&gt;&lt;tr&gt;&lt;td colspan="3"&gt;&lt;a href="selenium-screenshot-331.png"&gt;&lt;img src="selenium-screenshot-331.png" width="800px"&gt;&lt;/a&gt;</msg>
<msg time="2025-09-24T23:15:18.355716" level="FAIL">Element with locator '((//table//tbody//tr)[25]//td)[6]/span' not found.</msg>
<arg>((${table_row})[${index}]//td)[6]/span</arg>
<doc>Returns the text value of the element identified by ``locator``.</doc>
<status status="FAIL" start="2025-09-24T23:15:18.155722" elapsed="0.203903">Element with locator '((//table//tbody//tr)[25]//td)[6]/span' not found.</status>
</kw>
<msg time="2025-09-24T23:15:18.359996" level="INFO">${latest_purchase_result} = ('FAIL', "Element with locator '((//table//tbody//tr)[25]//td)[6]/span' not found.")</msg>
<var>${latest_purchase_result}</var>
<arg>Get Text</arg>
<arg>((${table_row})[${index}]//td)[6]/span</arg>
<doc>Runs the given keyword with the given arguments and ignores possible error.</doc>
<status status="PASS" start="2025-09-24T23:15:18.155438" elapsed="0.204637"/>
</kw>
<kw name="Set Variable If" owner="BuiltIn">
<msg time="2025-09-24T23:15:18.363185" level="INFO">${tb_latest_purchase} = (None recorded)</msg>
<var>${tb_latest_purchase}</var>
<arg>'${latest_purchase_result[0]}' == 'PASS'</arg>
<arg>${latest_purchase_result[1]}</arg>
<arg>(None recorded)</arg>
<doc>Sets variable based on the given condition.</doc>
<status status="PASS" start="2025-09-24T23:15:18.361074" elapsed="0.002202"/>
</kw>
<return>
<value>${tb_latest_purchase}</value>
<status status="PASS" start="2025-09-24T23:15:18.363831" elapsed="0.000132"/>
</return>
<msg time="2025-09-24T23:15:18.364353" level="INFO">${tb_latest_purchase} = (None recorded)</msg>
<var>${tb_latest_purchase}</var>
<arg>${index}</arg>
<status status="PASS" start="2025-09-24T23:15:18.155009" elapsed="0.209421"/>
</kw>
<kw name="Get Customer Subscribed" owner="ConsoleDisplay">
<kw name="Get Element Attribute" owner="SeleniumLibrary">
<msg time="2025-09-24T23:15:18.403781" level="INFO">${tb_news} = true</msg>
<var>${tb_news}</var>
<arg>((${table_row })[${index}]//td)[7]//*[name()='svg']</arg>
<arg>data-testid</arg>
<doc>Returns the value of ``attribute`` from the element ``locator``.</doc>
<status status="PASS" start="2025-09-24T23:15:18.365825" elapsed="0.038094"/>
</kw>
<kw name="Set Variable If" owner="BuiltIn">
<msg time="2025-09-24T23:15:18.405319" level="INFO">${tb_subscribed} = Subscribed [✅]</msg>
<var>${tb_subscribed}</var>
<arg>'${tb_news}' == 'true'</arg>
<arg>Subscribed [✅]</arg>
<arg>Not Subscribed [❌]</arg>
<doc>Sets variable based on the given condition.</doc>
<status status="PASS" start="2025-09-24T23:15:18.404685" elapsed="0.000801"/>
</kw>
<return>
<value>${tb_subscribed}</value>
<status status="PASS" start="2025-09-24T23:15:18.405714" elapsed="0.000111"/>
</return>
<msg time="2025-09-24T23:15:18.406170" level="INFO">${tb_subscribed} = Subscribed [✅]</msg>
<var>${tb_subscribed}</var>
<arg>${index}</arg>
<status status="PASS" start="2025-09-24T23:15:18.365066" elapsed="0.041174"/>
</kw>
<kw name="Get Customer Segments" owner="ConsoleDisplay">
<kw name="Get Element Count" owner="SeleniumLibrary">
<msg time="2025-09-24T23:15:18.437445" level="INFO">${segment_count} = 0</msg>
<var>${segment_count}</var>
<arg>((${table_row })[${index}]//td)[8]/div/div</arg>
<doc>Returns the number of elements matching ``locator``.</doc>
<status status="PASS" start="2025-09-24T23:15:18.407658" elapsed="0.029866"/>
</kw>
<kw name="Create List" owner="BuiltIn">
<msg time="2025-09-24T23:15:18.438025" level="INFO">${segment_names} = []</msg>
<var>${segment_names}</var>
<doc>Returns a list containing given items.</doc>
<status status="PASS" start="2025-09-24T23:15:18.437790" elapsed="0.000278"/>
</kw>
<for flavor="IN RANGE">
<iter>
<kw name="Get Text" owner="SeleniumLibrary">
<var>${seg_name}</var>
<arg>((${table_row })[${index}]//td)[8]/div/div[${seg_index}]/span</arg>
<doc>Returns the text value of the element identified by ``locator``.</doc>
<status status="NOT RUN" start="2025-09-24T23:15:18.438710" elapsed="0.000154"/>
</kw>
<kw name="Append To List" owner="Collections">
<arg>${segment_names}</arg>
<arg>${seg_name}</arg>
<doc>Adds ``values`` to the end of ``list``.</doc>
<status status="NOT RUN" start="2025-09-24T23:15:18.439049" elapsed="0.000041"/>
</kw>
<var name="${seg_index}"/>
<status status="NOT RUN" start="2025-09-24T23:15:18.438492" elapsed="0.000661"/>
</iter>
<var>${seg_index}</var>
<value>1</value>
<value>${segment_count}+1</value>
<status status="NOT RUN" start="2025-09-24T23:15:18.438165" elapsed="0.001061"/>
</for>
<return>
<value>${segment_names}</value>
<status status="PASS" start="2025-09-24T23:15:18.439326" elapsed="0.000062"/>
</return>
<msg time="2025-09-24T23:15:18.439608" level="INFO">${segment_names} = []</msg>
<var>${segment_names}</var>
<arg>${index}</arg>
<status status="PASS" start="2025-09-24T23:15:18.406956" elapsed="0.032694"/>
</kw>
<kw name="Catenate" owner="BuiltIn">
<msg time="2025-09-24T23:15:18.440369" level="INFO">${user_info} = ====== User 25 ======
Name: Charlie Becker
Last seen: 9/22/2025
Orders: 0
Total spent: $0.00
Latest purchase: (None recorded)
Subscribed: Subscribed [✅]
Segments: []</msg>
<var>${user_info}</var>
<arg>SEPARATOR=\n</arg>
<arg>====== User ${index} ======</arg>
<arg>Name: ${tb_name}</arg>
<arg>Last seen: ${tb_last_seen}</arg>
<arg>Orders: ${tb_orders}</arg>
<arg>Total spent: ${tb_total_spent}</arg>
<arg>Latest purchase: ${tb_latest_purchase}</arg>
<arg>Subscribed: ${tb_subscribed}</arg>
<arg>Segments: ${segment_names}</arg>
<doc>Catenates the given items together and returns the resulted string.</doc>
<status status="PASS" start="2025-09-24T23:15:18.439811" elapsed="0.000613"/>
</kw>
<kw name="Log To Console" owner="BuiltIn">
<arg>\n${user_info}\n</arg>
<doc>Logs the given message to the console.</doc>
<status status="PASS" start="2025-09-24T23:15:18.440669" elapsed="0.000755"/>
</kw>
<arg>${index}</arg>
<status status="PASS" start="2025-09-24T23:15:18.028445" elapsed="0.413137"/>
</kw>
<var name="${index}">25</var>
<status status="PASS" start="2025-09-24T23:15:18.028209" elapsed="0.413437"/>
</iter>
<var>${index}</var>
<value>1</value>
<value>${user_count}+1</value>
<status status="PASS" start="2025-09-24T23:15:10.079355" elapsed="8.362368"/>
</for>
<status status="PASS" start="2025-09-24T23:15:10.053738" elapsed="8.388099"/>
</kw>
<doc>Display all available customer information of the current page in the console.</doc>
<status status="PASS" start="2025-09-24T23:15:09.825691" elapsed="8.616569"/>
</test>
<status status="PASS" start="2025-09-24T23:14:15.253226" elapsed="63.190517"/>
</suite>
<statistics>
<total>
<stat pass="3" fail="0" skip="0">All Tests</stat>
</total>
<tag>
</tag>
<suite>
<stat name="TestSuite" id="s1" pass="3" fail="0" skip="0">TestSuite</stat>
</suite>
</statistics>
<errors>
</errors>
</robot>
